[ 33%] Built target epos_wrapper_lib
[35m[1mScanning dependencies of target motor_interface_lib[0m
[ 50%] [32mBuilding CXX object CMakeFiles/motor_interface_lib.dir/src/MotorInterface.cpp.o[0m
[01m[K/media/jared/32GB3/home/epos_ws/src/epos_ros2/epos_ros2/src/MotorInterface.cpp:[m[K In member function ‘[01m[Kepos2::EPOSParams MotorInterface::get_params()[m[K’:
[01m[K/media/jared/32GB3/home/epos_ws/src/epos_ros2/epos_ros2/src/MotorInterface.cpp:51:20:[m[K [01;35m[Kwarning: [m[Kcomparison of integer expressions of different signedness: ‘[01m[Kint[m[K’ and ‘[01m[Kstd::vector<std::__cxx11::basic_string<char> >::size_type[m[K’ {aka ‘[01m[Klong unsigned int[m[K’} [[01;35m[K-Wsign-compare[m[K]
   51 |  for (int i = 0; [01;35m[Ki < motors.size()[m[K; ++i)
      |                  [01;35m[K~~^~~~~~~~~~~~~~~[m[K
[ 66%] [32m[1mLinking CXX static library libmotor_interface_lib.a[0m
[ 66%] Built target motor_interface_lib
[35m[1mScanning dependencies of target epos_interface_node[0m
[ 83%] [32mBuilding CXX object CMakeFiles/epos_interface_node.dir/src/epos_interface_node.cpp.o[0m
[100%] [32m[1mLinking CXX executable epos_interface_node[0m
[100%] Built target epos_interface_node
-- Install configuration: ""
-- Installing: /media/jared/32GB3/home/epos_ws/src/epos_ros2/install/epos_ros2/lib/epos_ros2/epos_interface_node
-- Set runtime path of "/media/jared/32GB3/home/epos_ws/src/epos_ros2/install/epos_ros2/lib/epos_ros2/epos_interface_node" to ""
-- Installing: /media/jared/32GB3/home/epos_ws/src/epos_ros2/install/epos_ros2/share/ament_index/resource_index/package_run_dependencies/epos_ros2
-- Installing: /media/jared/32GB3/home/epos_ws/src/epos_ros2/install/epos_ros2/share/ament_index/resource_index/parent_prefix_path/epos_ros2
-- Installing: /media/jared/32GB3/home/epos_ws/src/epos_ros2/install/epos_ros2/share/epos_ros2/environment/ament_prefix_path.sh
-- Installing: /media/jared/32GB3/home/epos_ws/src/epos_ros2/install/epos_ros2/share/epos_ros2/environment/ament_prefix_path.dsv
-- Installing: /media/jared/32GB3/home/epos_ws/src/epos_ros2/install/epos_ros2/share/epos_ros2/environment/path.sh
-- Installing: /media/jared/32GB3/home/epos_ws/src/epos_ros2/install/epos_ros2/share/epos_ros2/environment/path.dsv
-- Installing: /media/jared/32GB3/home/epos_ws/src/epos_ros2/install/epos_ros2/share/epos_ros2/local_setup.bash
-- Installing: /media/jared/32GB3/home/epos_ws/src/epos_ros2/install/epos_ros2/share/epos_ros2/local_setup.sh
-- Installing: /media/jared/32GB3/home/epos_ws/src/epos_ros2/install/epos_ros2/share/epos_ros2/local_setup.zsh
-- Installing: /media/jared/32GB3/home/epos_ws/src/epos_ros2/install/epos_ros2/share/epos_ros2/local_setup.dsv
-- Installing: /media/jared/32GB3/home/epos_ws/src/epos_ros2/install/epos_ros2/share/epos_ros2/package.dsv
-- Installing: /media/jared/32GB3/home/epos_ws/src/epos_ros2/install/epos_ros2/share/ament_index/resource_index/packages/epos_ros2
-- Installing: /media/jared/32GB3/home/epos_ws/src/epos_ros2/install/epos_ros2/share/epos_ros2/cmake/ament_cmake_export_dependencies-extras.cmake
-- Installing: /media/jared/32GB3/home/epos_ws/src/epos_ros2/install/epos_ros2/share/epos_ros2/cmake/epos_ros2Config.cmake
-- Installing: /media/jared/32GB3/home/epos_ws/src/epos_ros2/install/epos_ros2/share/epos_ros2/cmake/epos_ros2Config-version.cmake
-- Installing: /media/jared/32GB3/home/epos_ws/src/epos_ros2/install/epos_ros2/share/epos_ros2/package.xml
