[ 33%] Built target epos_wrapper_lib
[35m[1mScanning dependencies of target motor_interface_lib[0m
[ 50%] [32mBuilding CXX object CMakeFiles/motor_interface_lib.dir/src/MotorInterface.cpp.o[0m
[ 66%] [32m[1mLinking CXX static library libmotor_interface_lib.a[0m
[ 66%] Built target motor_interface_lib
[35m[1mScanning dependencies of target epos_interface_node[0m
[ 83%] [32mBuilding CXX object CMakeFiles/epos_interface_node.dir/src/epos_interface_node.cpp.o[0m
[100%] [32m[1mLinking CXX executable epos_interface_node[0m
[100%] Built target epos_interface_node
-- Install configuration: ""
-- Installing: /media/jared/32GB3/home/epos_ws/src/epos_ros2/install/epos_ros2/lib/epos_ros2/epos_interface_node
-- Set runtime path of "/media/jared/32GB3/home/epos_ws/src/epos_ros2/install/epos_ros2/lib/epos_ros2/epos_interface_node" to ""
-- Installing: /media/jared/32GB3/home/epos_ws/src/epos_ros2/install/epos_ros2/share/ament_index/resource_index/package_run_dependencies/epos_ros2
-- Installing: /media/jared/32GB3/home/epos_ws/src/epos_ros2/install/epos_ros2/share/ament_index/resource_index/parent_prefix_path/epos_ros2
-- Installing: /media/jared/32GB3/home/epos_ws/src/epos_ros2/install/epos_ros2/share/epos_ros2/environment/ament_prefix_path.sh
-- Installing: /media/jared/32GB3/home/epos_ws/src/epos_ros2/install/epos_ros2/share/epos_ros2/environment/ament_prefix_path.dsv
-- Installing: /media/jared/32GB3/home/epos_ws/src/epos_ros2/install/epos_ros2/share/epos_ros2/environment/path.sh
-- Installing: /media/jared/32GB3/home/epos_ws/src/epos_ros2/install/epos_ros2/share/epos_ros2/environment/path.dsv
-- Installing: /media/jared/32GB3/home/epos_ws/src/epos_ros2/install/epos_ros2/share/epos_ros2/local_setup.bash
-- Installing: /media/jared/32GB3/home/epos_ws/src/epos_ros2/install/epos_ros2/share/epos_ros2/local_setup.sh
-- Installing: /media/jared/32GB3/home/epos_ws/src/epos_ros2/install/epos_ros2/share/epos_ros2/local_setup.zsh
-- Installing: /media/jared/32GB3/home/epos_ws/src/epos_ros2/install/epos_ros2/share/epos_ros2/local_setup.dsv
-- Installing: /media/jared/32GB3/home/epos_ws/src/epos_ros2/install/epos_ros2/share/epos_ros2/package.dsv
-- Installing: /media/jared/32GB3/home/epos_ws/src/epos_ros2/install/epos_ros2/share/ament_index/resource_index/packages/epos_ros2
-- Installing: /media/jared/32GB3/home/epos_ws/src/epos_ros2/install/epos_ros2/share/epos_ros2/cmake/ament_cmake_export_dependencies-extras.cmake
-- Installing: /media/jared/32GB3/home/epos_ws/src/epos_ros2/install/epos_ros2/share/epos_ros2/cmake/epos_ros2Config.cmake
-- Installing: /media/jared/32GB3/home/epos_ws/src/epos_ros2/install/epos_ros2/share/epos_ros2/cmake/epos_ros2Config-version.cmake
-- Installing: /media/jared/32GB3/home/epos_ws/src/epos_ros2/install/epos_ros2/share/epos_ros2/package.xml
