[0.051s] Invoking command in '/media/jared/32GB3/home/epos_ws/src/epos_ros2/build/epos_ros2': AMENT_PREFIX_PATH=/media/jared/32GB3/home/epos_ws/src/epos_ros2/install/epos_ros2_msgs:${AMENT_PREFIX_PATH} CMAKE_PREFIX_PATH=/media/jared/32GB3/home/epos_ws/src/epos_ros2/install/epos_ros2_msgs:/opt/ros/galactic:${CMAKE_PREFIX_PATH} LD_LIBRARY_PATH=/media/jared/32GB3/home/epos_ws/src/epos_ros2/install/epos_ros2_msgs/lib:/opt/ros/galactic/opt/yaml_cpp_vendor/lib:/opt/ros/galactic/opt/rviz_ogre_vendor/lib:/opt/ros/galactic/lib/x86_64-linux-gnu:/opt/ros/galactic/lib:/opt/ros/noetic/lib:/usr/local/cuda-9.0/lib64 PYTHONPATH=/media/jared/32GB3/home/epos_ws/src/epos_ros2/install/epos_ros2_msgs/lib/python3.8/site-packages:${PYTHONPATH} /usr/bin/cmake --build /media/jared/32GB3/home/epos_ws/src/epos_ros2/build/epos_ros2 -- -j4 -l4
[0.240s] [ 33%] Built target epos_wrapper_lib
[0.272s] [35m[1mScanning dependencies of target motor_interface_lib[0m
[0.596s] [ 50%] [32mBuilding CXX object CMakeFiles/motor_interface_lib.dir/src/MotorInterface.cpp.o[0m
[3.593s] [01m[K/media/jared/32GB3/home/epos_ws/src/epos_ros2/epos_ros2/src/MotorInterface.cpp:[m[K In member function ‘[01m[Kepos2::EPOSParams MotorInterface::get_params()[m[K’:
[3.595s] [01m[K/media/jared/32GB3/home/epos_ws/src/epos_ros2/epos_ros2/src/MotorInterface.cpp:51:20:[m[K [01;35m[Kwarning: [m[Kcomparison of integer expressions of different signedness: ‘[01m[Kint[m[K’ and ‘[01m[Kstd::vector<std::__cxx11::basic_string<char> >::size_type[m[K’ {aka ‘[01m[Klong unsigned int[m[K’} [[01;35m[K-Wsign-compare[m[K]
[3.597s]    51 |  for (int i = 0; [01;35m[Ki < motors.size()[m[K; ++i)
[3.598s]       |                  [01;35m[K~~^~~~~~~~~~~~~~~[m[K
[14.893s] [ 66%] [32m[1mLinking CXX static library libmotor_interface_lib.a[0m
[15.533s] [ 66%] Built target motor_interface_lib
[15.562s] [35m[1mScanning dependencies of target epos_interface_node[0m
[15.977s] [ 83%] [32mBuilding CXX object CMakeFiles/epos_interface_node.dir/src/epos_interface_node.cpp.o[0m
[19.527s] [100%] [32m[1mLinking CXX executable epos_interface_node[0m
[21.944s] [100%] Built target epos_interface_node
[21.968s] Invoked command in '/media/jared/32GB3/home/epos_ws/src/epos_ros2/build/epos_ros2' returned '0': AMENT_PREFIX_PATH=/media/jared/32GB3/home/epos_ws/src/epos_ros2/install/epos_ros2_msgs:${AMENT_PREFIX_PATH} CMAKE_PREFIX_PATH=/media/jared/32GB3/home/epos_ws/src/epos_ros2/install/epos_ros2_msgs:/opt/ros/galactic:${CMAKE_PREFIX_PATH} LD_LIBRARY_PATH=/media/jared/32GB3/home/epos_ws/src/epos_ros2/install/epos_ros2_msgs/lib:/opt/ros/galactic/opt/yaml_cpp_vendor/lib:/opt/ros/galactic/opt/rviz_ogre_vendor/lib:/opt/ros/galactic/lib/x86_64-linux-gnu:/opt/ros/galactic/lib:/opt/ros/noetic/lib:/usr/local/cuda-9.0/lib64 PYTHONPATH=/media/jared/32GB3/home/epos_ws/src/epos_ros2/install/epos_ros2_msgs/lib/python3.8/site-packages:${PYTHONPATH} /usr/bin/cmake --build /media/jared/32GB3/home/epos_ws/src/epos_ros2/build/epos_ros2 -- -j4 -l4
[22.026s] Invoking command in '/media/jared/32GB3/home/epos_ws/src/epos_ros2/build/epos_ros2': AMENT_PREFIX_PATH=/media/jared/32GB3/home/epos_ws/src/epos_ros2/install/epos_ros2_msgs:${AMENT_PREFIX_PATH} CMAKE_PREFIX_PATH=/media/jared/32GB3/home/epos_ws/src/epos_ros2/install/epos_ros2_msgs:/opt/ros/galactic:${CMAKE_PREFIX_PATH} LD_LIBRARY_PATH=/media/jared/32GB3/home/epos_ws/src/epos_ros2/install/epos_ros2_msgs/lib:/opt/ros/galactic/opt/yaml_cpp_vendor/lib:/opt/ros/galactic/opt/rviz_ogre_vendor/lib:/opt/ros/galactic/lib/x86_64-linux-gnu:/opt/ros/galactic/lib:/opt/ros/noetic/lib:/usr/local/cuda-9.0/lib64 PYTHONPATH=/media/jared/32GB3/home/epos_ws/src/epos_ros2/install/epos_ros2_msgs/lib/python3.8/site-packages:${PYTHONPATH} /usr/bin/cmake --install /media/jared/32GB3/home/epos_ws/src/epos_ros2/build/epos_ros2
[22.064s] -- Install configuration: ""
[22.067s] -- Installing: /media/jared/32GB3/home/epos_ws/src/epos_ros2/install/epos_ros2/lib/epos_ros2/epos_interface_node
[22.109s] -- Set runtime path of "/media/jared/32GB3/home/epos_ws/src/epos_ros2/install/epos_ros2/lib/epos_ros2/epos_interface_node" to ""
[22.113s] -- Installing: /media/jared/32GB3/home/epos_ws/src/epos_ros2/install/epos_ros2/share/ament_index/resource_index/package_run_dependencies/epos_ros2
[22.120s] -- Installing: /media/jared/32GB3/home/epos_ws/src/epos_ros2/install/epos_ros2/share/ament_index/resource_index/parent_prefix_path/epos_ros2
[22.126s] -- Installing: /media/jared/32GB3/home/epos_ws/src/epos_ros2/install/epos_ros2/share/epos_ros2/environment/ament_prefix_path.sh
[22.130s] -- Installing: /media/jared/32GB3/home/epos_ws/src/epos_ros2/install/epos_ros2/share/epos_ros2/environment/ament_prefix_path.dsv
[22.134s] -- Installing: /media/jared/32GB3/home/epos_ws/src/epos_ros2/install/epos_ros2/share/epos_ros2/environment/path.sh
[22.139s] -- Installing: /media/jared/32GB3/home/epos_ws/src/epos_ros2/install/epos_ros2/share/epos_ros2/environment/path.dsv
[22.144s] -- Installing: /media/jared/32GB3/home/epos_ws/src/epos_ros2/install/epos_ros2/share/epos_ros2/local_setup.bash
[22.150s] -- Installing: /media/jared/32GB3/home/epos_ws/src/epos_ros2/install/epos_ros2/share/epos_ros2/local_setup.sh
[22.155s] -- Installing: /media/jared/32GB3/home/epos_ws/src/epos_ros2/install/epos_ros2/share/epos_ros2/local_setup.zsh
[22.161s] -- Installing: /media/jared/32GB3/home/epos_ws/src/epos_ros2/install/epos_ros2/share/epos_ros2/local_setup.dsv
[22.166s] -- Installing: /media/jared/32GB3/home/epos_ws/src/epos_ros2/install/epos_ros2/share/epos_ros2/package.dsv
[22.173s] -- Installing: /media/jared/32GB3/home/epos_ws/src/epos_ros2/install/epos_ros2/share/ament_index/resource_index/packages/epos_ros2
[22.179s] -- Installing: /media/jared/32GB3/home/epos_ws/src/epos_ros2/install/epos_ros2/share/epos_ros2/cmake/ament_cmake_export_dependencies-extras.cmake
[22.184s] -- Installing: /media/jared/32GB3/home/epos_ws/src/epos_ros2/install/epos_ros2/share/epos_ros2/cmake/epos_ros2Config.cmake
[22.188s] -- Installing: /media/jared/32GB3/home/epos_ws/src/epos_ros2/install/epos_ros2/share/epos_ros2/cmake/epos_ros2Config-version.cmake
[22.193s] -- Installing: /media/jared/32GB3/home/epos_ws/src/epos_ros2/install/epos_ros2/share/epos_ros2/package.xml
[22.202s] Invoked command in '/media/jared/32GB3/home/epos_ws/src/epos_ros2/build/epos_ros2' returned '0': AMENT_PREFIX_PATH=/media/jared/32GB3/home/epos_ws/src/epos_ros2/install/epos_ros2_msgs:${AMENT_PREFIX_PATH} CMAKE_PREFIX_PATH=/media/jared/32GB3/home/epos_ws/src/epos_ros2/install/epos_ros2_msgs:/opt/ros/galactic:${CMAKE_PREFIX_PATH} LD_LIBRARY_PATH=/media/jared/32GB3/home/epos_ws/src/epos_ros2/install/epos_ros2_msgs/lib:/opt/ros/galactic/opt/yaml_cpp_vendor/lib:/opt/ros/galactic/opt/rviz_ogre_vendor/lib:/opt/ros/galactic/lib/x86_64-linux-gnu:/opt/ros/galactic/lib:/opt/ros/noetic/lib:/usr/local/cuda-9.0/lib64 PYTHONPATH=/media/jared/32GB3/home/epos_ws/src/epos_ros2/install/epos_ros2_msgs/lib/python3.8/site-packages:${PYTHONPATH} /usr/bin/cmake --install /media/jared/32GB3/home/epos_ws/src/epos_ros2/build/epos_ros2
