[0.056s] Invoking command in '/media/jared/32GB3/home/epos_ws/src/epos_ros2/build/epos_ros2_msgs': CMAKE_PREFIX_PATH=/opt/ros/galactic:${CMAKE_PREFIX_PATH} /usr/bin/cmake --build /media/jared/32GB3/home/epos_ws/src/epos_ros2/build/epos_ros2_msgs -- -j4 -l4
[0.214s] [  2%] Built target epos_ros2_msgs__cpp
[0.226s] [ 12%] Built target epos_ros2_msgs__rosidl_generator_c
[0.369s] [ 33%] Built target epos_ros2_msgs__rosidl_typesupport_introspection_cpp
[0.371s] [ 33%] Built target epos_ros2_msgs__rosidl_typesupport_cpp
[0.378s] [ 48%] Built target epos_ros2_msgs__rosidl_typesupport_fastrtps_cpp
[0.381s] [ 53%] Built target epos_ros2_msgs__rosidl_typesupport_introspection_c
[0.448s] [ 64%] Built target epos_ros2_msgs__rosidl_typesupport_c
[0.473s] [ 74%] Built target epos_ros2_msgs__rosidl_typesupport_fastrtps_c
[0.597s] [ 74%] Built target epos_ros2_msgs
[0.774s] [ 76%] Built target epos_ros2_msgs__py
[0.873s] [ 84%] Built target epos_ros2_msgs__python
[1.222s] [ 89%] Built target epos_ros2_msgs__rosidl_typesupport_introspection_c__pyext
[1.223s] [ 94%] Built target epos_ros2_msgs__rosidl_typesupport_c__pyext
[1.226s] [100%] Built target epos_ros2_msgs__rosidl_typesupport_fastrtps_c__pyext
[1.285s] Invoked command in '/media/jared/32GB3/home/epos_ws/src/epos_ros2/build/epos_ros2_msgs' returned '0': CMAKE_PREFIX_PATH=/opt/ros/galactic:${CMAKE_PREFIX_PATH} /usr/bin/cmake --build /media/jared/32GB3/home/epos_ws/src/epos_ros2/build/epos_ros2_msgs -- -j4 -l4
[1.440s] Invoking command in '/media/jared/32GB3/home/epos_ws/src/epos_ros2/build/epos_ros2_msgs': CMAKE_PREFIX_PATH=/opt/ros/galactic:${CMAKE_PREFIX_PATH} /usr/bin/cmake --install /media/jared/32GB3/home/epos_ws/src/epos_ros2/build/epos_ros2_msgs
[1.465s] -- Install configuration: ""
[1.467s] -- Up-to-date: /media/jared/32GB3/home/epos_ws/src/epos_ros2/install/epos_ros2_msgs/share/ament_index/resource_index/rosidl_interfaces/epos_ros2_msgs
[1.469s] -- Up-to-date: /media/jared/32GB3/home/epos_ws/src/epos_ros2/install/epos_ros2_msgs/include/epos_ros2_msgs
[1.471s] -- Up-to-date: /media/jared/32GB3/home/epos_ws/src/epos_ros2/install/epos_ros2_msgs/include/epos_ros2_msgs/msg
[1.475s] -- Up-to-date: /media/jared/32GB3/home/epos_ws/src/epos_ros2/install/epos_ros2_msgs/include/epos_ros2_msgs/msg/detail
[1.478s] -- Up-to-date: /media/jared/32GB3/home/epos_ws/src/epos_ros2/install/epos_ros2_msgs/include/epos_ros2_msgs/msg/detail/motor_commands__functions.c
[1.482s] -- Up-to-date: /media/jared/32GB3/home/epos_ws/src/epos_ros2/install/epos_ros2_msgs/include/epos_ros2_msgs/msg/detail/motor_commands__functions.h
[1.485s] -- Up-to-date: /media/jared/32GB3/home/epos_ws/src/epos_ros2/install/epos_ros2_msgs/include/epos_ros2_msgs/msg/detail/motor_commands__struct.h
[1.486s] -- Up-to-date: /media/jared/32GB3/home/epos_ws/src/epos_ros2/install/epos_ros2_msgs/include/epos_ros2_msgs/msg/detail/motor_commands__type_support.h
[1.489s] -- Up-to-date: /media/jared/32GB3/home/epos_ws/src/epos_ros2/install/epos_ros2_msgs/include/epos_ros2_msgs/msg/detail/motor_command__functions.c
[1.491s] -- Up-to-date: /media/jared/32GB3/home/epos_ws/src/epos_ros2/install/epos_ros2_msgs/include/epos_ros2_msgs/msg/detail/motor_command__functions.h
[1.494s] -- Up-to-date: /media/jared/32GB3/home/epos_ws/src/epos_ros2/install/epos_ros2_msgs/include/epos_ros2_msgs/msg/detail/motor_command__struct.h
[1.497s] -- Up-to-date: /media/jared/32GB3/home/epos_ws/src/epos_ros2/install/epos_ros2_msgs/include/epos_ros2_msgs/msg/detail/motor_command__type_support.h
[1.499s] -- Up-to-date: /media/jared/32GB3/home/epos_ws/src/epos_ros2/install/epos_ros2_msgs/include/epos_ros2_msgs/msg/motor_command.h
[1.501s] -- Up-to-date: /media/jared/32GB3/home/epos_ws/src/epos_ros2/install/epos_ros2_msgs/include/epos_ros2_msgs/msg/motor_commands.h
[1.504s] -- Up-to-date: /media/jared/32GB3/home/epos_ws/src/epos_ros2/install/epos_ros2_msgs/include/epos_ros2_msgs/msg/rosidl_generator_c__visibility_control.h
[1.506s] -- Up-to-date: /media/jared/32GB3/home/epos_ws/src/epos_ros2/install/epos_ros2_msgs/share/epos_ros2_msgs/environment/library_path.sh
[1.509s] -- Up-to-date: /media/jared/32GB3/home/epos_ws/src/epos_ros2/install/epos_ros2_msgs/share/epos_ros2_msgs/environment/library_path.dsv
[1.513s] -- Up-to-date: /media/jared/32GB3/home/epos_ws/src/epos_ros2/install/epos_ros2_msgs/lib/libepos_ros2_msgs__rosidl_generator_c.so
[1.517s] -- Up-to-date: /media/jared/32GB3/home/epos_ws/src/epos_ros2/install/epos_ros2_msgs/include/epos_ros2_msgs
[1.519s] -- Up-to-date: /media/jared/32GB3/home/epos_ws/src/epos_ros2/install/epos_ros2_msgs/include/epos_ros2_msgs/msg
[1.522s] -- Up-to-date: /media/jared/32GB3/home/epos_ws/src/epos_ros2/install/epos_ros2_msgs/include/epos_ros2_msgs/msg/detail
[1.526s] -- Up-to-date: /media/jared/32GB3/home/epos_ws/src/epos_ros2/install/epos_ros2_msgs/include/epos_ros2_msgs/msg/detail/motor_commands__rosidl_typesupport_fastrtps_c.h
[1.528s] -- Up-to-date: /media/jared/32GB3/home/epos_ws/src/epos_ros2/install/epos_ros2_msgs/include/epos_ros2_msgs/msg/detail/motor_command__rosidl_typesupport_fastrtps_c.h
[1.532s] -- Up-to-date: /media/jared/32GB3/home/epos_ws/src/epos_ros2/install/epos_ros2_msgs/include/epos_ros2_msgs/msg/rosidl_typesupport_fastrtps_c__visibility_control.h
[1.537s] -- Up-to-date: /media/jared/32GB3/home/epos_ws/src/epos_ros2/install/epos_ros2_msgs/lib/libepos_ros2_msgs__rosidl_typesupport_fastrtps_c.so
[1.540s] -- Up-to-date: /media/jared/32GB3/home/epos_ws/src/epos_ros2/install/epos_ros2_msgs/include/epos_ros2_msgs
[1.542s] -- Up-to-date: /media/jared/32GB3/home/epos_ws/src/epos_ros2/install/epos_ros2_msgs/include/epos_ros2_msgs/msg
[1.545s] -- Up-to-date: /media/jared/32GB3/home/epos_ws/src/epos_ros2/install/epos_ros2_msgs/include/epos_ros2_msgs/msg/detail
[1.547s] -- Up-to-date: /media/jared/32GB3/home/epos_ws/src/epos_ros2/install/epos_ros2_msgs/include/epos_ros2_msgs/msg/detail/dds_fastrtps
[1.551s] -- Up-to-date: /media/jared/32GB3/home/epos_ws/src/epos_ros2/install/epos_ros2_msgs/include/epos_ros2_msgs/msg/detail/motor_commands__rosidl_typesupport_fastrtps_cpp.hpp
[1.554s] -- Up-to-date: /media/jared/32GB3/home/epos_ws/src/epos_ros2/install/epos_ros2_msgs/include/epos_ros2_msgs/msg/detail/motor_command__rosidl_typesupport_fastrtps_cpp.hpp
[1.556s] -- Up-to-date: /media/jared/32GB3/home/epos_ws/src/epos_ros2/install/epos_ros2_msgs/include/epos_ros2_msgs/msg/rosidl_typesupport_fastrtps_cpp__visibility_control.h
[1.561s] -- Up-to-date: /media/jared/32GB3/home/epos_ws/src/epos_ros2/install/epos_ros2_msgs/lib/libepos_ros2_msgs__rosidl_typesupport_fastrtps_cpp.so
[1.565s] -- Up-to-date: /media/jared/32GB3/home/epos_ws/src/epos_ros2/install/epos_ros2_msgs/include/epos_ros2_msgs
[1.567s] -- Up-to-date: /media/jared/32GB3/home/epos_ws/src/epos_ros2/install/epos_ros2_msgs/include/epos_ros2_msgs/msg
[1.569s] -- Up-to-date: /media/jared/32GB3/home/epos_ws/src/epos_ros2/install/epos_ros2_msgs/include/epos_ros2_msgs/msg/detail
[1.572s] -- Up-to-date: /media/jared/32GB3/home/epos_ws/src/epos_ros2/install/epos_ros2_msgs/include/epos_ros2_msgs/msg/detail/motor_commands__rosidl_typesupport_introspection_c.h
[1.575s] -- Up-to-date: /media/jared/32GB3/home/epos_ws/src/epos_ros2/install/epos_ros2_msgs/include/epos_ros2_msgs/msg/detail/motor_commands__type_support.c
[1.578s] -- Up-to-date: /media/jared/32GB3/home/epos_ws/src/epos_ros2/install/epos_ros2_msgs/include/epos_ros2_msgs/msg/detail/motor_command__rosidl_typesupport_introspection_c.h
[1.580s] -- Up-to-date: /media/jared/32GB3/home/epos_ws/src/epos_ros2/install/epos_ros2_msgs/include/epos_ros2_msgs/msg/detail/motor_command__type_support.c
[1.582s] -- Up-to-date: /media/jared/32GB3/home/epos_ws/src/epos_ros2/install/epos_ros2_msgs/include/epos_ros2_msgs/msg/rosidl_typesupport_introspection_c__visibility_control.h
[1.587s] -- Up-to-date: /media/jared/32GB3/home/epos_ws/src/epos_ros2/install/epos_ros2_msgs/lib/libepos_ros2_msgs__rosidl_typesupport_introspection_c.so
[1.592s] -- Up-to-date: /media/jared/32GB3/home/epos_ws/src/epos_ros2/install/epos_ros2_msgs/lib/libepos_ros2_msgs__rosidl_typesupport_c.so
[1.595s] -- Up-to-date: /media/jared/32GB3/home/epos_ws/src/epos_ros2/install/epos_ros2_msgs/include/epos_ros2_msgs
[1.597s] -- Up-to-date: /media/jared/32GB3/home/epos_ws/src/epos_ros2/install/epos_ros2_msgs/include/epos_ros2_msgs/msg
[1.599s] -- Up-to-date: /media/jared/32GB3/home/epos_ws/src/epos_ros2/install/epos_ros2_msgs/include/epos_ros2_msgs/msg/detail
[1.603s] -- Up-to-date: /media/jared/32GB3/home/epos_ws/src/epos_ros2/install/epos_ros2_msgs/include/epos_ros2_msgs/msg/detail/motor_commands__builder.hpp
[1.606s] -- Up-to-date: /media/jared/32GB3/home/epos_ws/src/epos_ros2/install/epos_ros2_msgs/include/epos_ros2_msgs/msg/detail/motor_commands__struct.hpp
[1.609s] -- Up-to-date: /media/jared/32GB3/home/epos_ws/src/epos_ros2/install/epos_ros2_msgs/include/epos_ros2_msgs/msg/detail/motor_commands__traits.hpp
[1.611s] -- Up-to-date: /media/jared/32GB3/home/epos_ws/src/epos_ros2/install/epos_ros2_msgs/include/epos_ros2_msgs/msg/detail/motor_command__builder.hpp
[1.613s] -- Up-to-date: /media/jared/32GB3/home/epos_ws/src/epos_ros2/install/epos_ros2_msgs/include/epos_ros2_msgs/msg/detail/motor_command__struct.hpp
[1.616s] -- Up-to-date: /media/jared/32GB3/home/epos_ws/src/epos_ros2/install/epos_ros2_msgs/include/epos_ros2_msgs/msg/detail/motor_command__traits.hpp
[1.618s] -- Up-to-date: /media/jared/32GB3/home/epos_ws/src/epos_ros2/install/epos_ros2_msgs/include/epos_ros2_msgs/msg/motor_command.hpp
[1.623s] -- Up-to-date: /media/jared/32GB3/home/epos_ws/src/epos_ros2/install/epos_ros2_msgs/include/epos_ros2_msgs/msg/motor_commands.hpp
[1.624s] -- Up-to-date: /media/jared/32GB3/home/epos_ws/src/epos_ros2/install/epos_ros2_msgs/include/epos_ros2_msgs
[1.627s] -- Up-to-date: /media/jared/32GB3/home/epos_ws/src/epos_ros2/install/epos_ros2_msgs/include/epos_ros2_msgs/msg
[1.629s] -- Up-to-date: /media/jared/32GB3/home/epos_ws/src/epos_ros2/install/epos_ros2_msgs/include/epos_ros2_msgs/msg/detail
[1.642s] -- Up-to-date: /media/jared/32GB3/home/epos_ws/src/epos_ros2/install/epos_ros2_msgs/include/epos_ros2_msgs/msg/detail/motor_commands__rosidl_typesupport_introspection_cpp.hpp
[1.642s] -- Up-to-date: /media/jared/32GB3/home/epos_ws/src/epos_ros2/install/epos_ros2_msgs/include/epos_ros2_msgs/msg/detail/motor_commands__type_support.cpp
[1.643s] -- Up-to-date: /media/jared/32GB3/home/epos_ws/src/epos_ros2/install/epos_ros2_msgs/include/epos_ros2_msgs/msg/detail/motor_command__rosidl_typesupport_introspection_cpp.hpp
[1.644s] -- Up-to-date: /media/jared/32GB3/home/epos_ws/src/epos_ros2/install/epos_ros2_msgs/include/epos_ros2_msgs/msg/detail/motor_command__type_support.cpp
[1.650s] -- Up-to-date: /media/jared/32GB3/home/epos_ws/src/epos_ros2/install/epos_ros2_msgs/lib/libepos_ros2_msgs__rosidl_typesupport_introspection_cpp.so
[1.657s] -- Up-to-date: /media/jared/32GB3/home/epos_ws/src/epos_ros2/install/epos_ros2_msgs/lib/libepos_ros2_msgs__rosidl_typesupport_cpp.so
[1.661s] -- Up-to-date: /media/jared/32GB3/home/epos_ws/src/epos_ros2/install/epos_ros2_msgs/share/epos_ros2_msgs/environment/pythonpath.sh
[1.663s] -- Up-to-date: /media/jared/32GB3/home/epos_ws/src/epos_ros2/install/epos_ros2_msgs/share/epos_ros2_msgs/environment/pythonpath.dsv
[1.666s] -- Up-to-date: /media/jared/32GB3/home/epos_ws/src/epos_ros2/install/epos_ros2_msgs/lib/python3.8/site-packages/epos_ros2_msgs/__init__.py
[1.741s] -- Up-to-date: /media/jared/32GB3/home/epos_ws/src/epos_ros2/install/epos_ros2_msgs/lib/python3.8/site-packages/epos_ros2_msgs/msg
[1.747s] -- Up-to-date: /media/jared/32GB3/home/epos_ws/src/epos_ros2/install/epos_ros2_msgs/lib/python3.8/site-packages/epos_ros2_msgs/msg/_motor_command.py
[1.750s] -- Up-to-date: /media/jared/32GB3/home/epos_ws/src/epos_ros2/install/epos_ros2_msgs/lib/python3.8/site-packages/epos_ros2_msgs/msg/_motor_commands.py
[1.753s] -- Up-to-date: /media/jared/32GB3/home/epos_ws/src/epos_ros2/install/epos_ros2_msgs/lib/python3.8/site-packages/epos_ros2_msgs/msg/_motor_commands_s.c
[1.757s] -- Up-to-date: /media/jared/32GB3/home/epos_ws/src/epos_ros2/install/epos_ros2_msgs/lib/python3.8/site-packages/epos_ros2_msgs/msg/_motor_command_s.c
[1.762s] -- Up-to-date: /media/jared/32GB3/home/epos_ws/src/epos_ros2/install/epos_ros2_msgs/lib/python3.8/site-packages/epos_ros2_msgs/msg/__init__.py
[1.770s] -- Up-to-date: /media/jared/32GB3/home/epos_ws/src/epos_ros2/install/epos_ros2_msgs/lib/python3.8/site-packages/epos_ros2_msgs/epos_ros2_msgs_s__rosidl_typesupport_fastrtps_c.cpython-38-x86_64-linux-gnu.so
[1.776s] -- Up-to-date: /media/jared/32GB3/home/epos_ws/src/epos_ros2/install/epos_ros2_msgs/lib/python3.8/site-packages/epos_ros2_msgs/epos_ros2_msgs_s__rosidl_typesupport_introspection_c.cpython-38-x86_64-linux-gnu.so
[1.783s] -- Up-to-date: /media/jared/32GB3/home/epos_ws/src/epos_ros2/install/epos_ros2_msgs/lib/python3.8/site-packages/epos_ros2_msgs/epos_ros2_msgs_s__rosidl_typesupport_c.cpython-38-x86_64-linux-gnu.so
[1.792s] -- Up-to-date: /media/jared/32GB3/home/epos_ws/src/epos_ros2/install/epos_ros2_msgs/lib/libepos_ros2_msgs__python.so
[1.798s] -- Up-to-date: /media/jared/32GB3/home/epos_ws/src/epos_ros2/install/epos_ros2_msgs/share/epos_ros2_msgs/msg/MotorCommand.idl
[1.803s] -- Up-to-date: /media/jared/32GB3/home/epos_ws/src/epos_ros2/install/epos_ros2_msgs/share/epos_ros2_msgs/msg/MotorCommands.idl
[1.806s] -- Up-to-date: /media/jared/32GB3/home/epos_ws/src/epos_ros2/install/epos_ros2_msgs/share/epos_ros2_msgs/msg/MotorCommand.msg
[1.809s] -- Up-to-date: /media/jared/32GB3/home/epos_ws/src/epos_ros2/install/epos_ros2_msgs/share/epos_ros2_msgs/msg/MotorCommands.msg
[1.814s] -- Up-to-date: /media/jared/32GB3/home/epos_ws/src/epos_ros2/install/epos_ros2_msgs/share/ament_index/resource_index/package_run_dependencies/epos_ros2_msgs
[1.820s] -- Up-to-date: /media/jared/32GB3/home/epos_ws/src/epos_ros2/install/epos_ros2_msgs/share/ament_index/resource_index/parent_prefix_path/epos_ros2_msgs
[1.823s] -- Up-to-date: /media/jared/32GB3/home/epos_ws/src/epos_ros2/install/epos_ros2_msgs/share/epos_ros2_msgs/environment/ament_prefix_path.sh
[1.827s] -- Up-to-date: /media/jared/32GB3/home/epos_ws/src/epos_ros2/install/epos_ros2_msgs/share/epos_ros2_msgs/environment/ament_prefix_path.dsv
[1.830s] -- Up-to-date: /media/jared/32GB3/home/epos_ws/src/epos_ros2/install/epos_ros2_msgs/share/epos_ros2_msgs/environment/path.sh
[1.835s] -- Up-to-date: /media/jared/32GB3/home/epos_ws/src/epos_ros2/install/epos_ros2_msgs/share/epos_ros2_msgs/environment/path.dsv
[1.838s] -- Up-to-date: /media/jared/32GB3/home/epos_ws/src/epos_ros2/install/epos_ros2_msgs/share/epos_ros2_msgs/local_setup.bash
[1.841s] -- Up-to-date: /media/jared/32GB3/home/epos_ws/src/epos_ros2/install/epos_ros2_msgs/share/epos_ros2_msgs/local_setup.sh
[1.845s] -- Up-to-date: /media/jared/32GB3/home/epos_ws/src/epos_ros2/install/epos_ros2_msgs/share/epos_ros2_msgs/local_setup.zsh
[1.848s] -- Up-to-date: /media/jared/32GB3/home/epos_ws/src/epos_ros2/install/epos_ros2_msgs/share/epos_ros2_msgs/local_setup.dsv
[1.851s] -- Installing: /media/jared/32GB3/home/epos_ws/src/epos_ros2/install/epos_ros2_msgs/share/epos_ros2_msgs/package.dsv
[1.860s] -- Up-to-date: /media/jared/32GB3/home/epos_ws/src/epos_ros2/install/epos_ros2_msgs/share/ament_index/resource_index/packages/epos_ros2_msgs
[1.865s] -- Up-to-date: /media/jared/32GB3/home/epos_ws/src/epos_ros2/install/epos_ros2_msgs/share/epos_ros2_msgs/cmake/epos_ros2_msgs__rosidl_generator_cExport.cmake
[1.869s] -- Up-to-date: /media/jared/32GB3/home/epos_ws/src/epos_ros2/install/epos_ros2_msgs/share/epos_ros2_msgs/cmake/epos_ros2_msgs__rosidl_generator_cExport-noconfig.cmake
[1.874s] -- Up-to-date: /media/jared/32GB3/home/epos_ws/src/epos_ros2/install/epos_ros2_msgs/share/epos_ros2_msgs/cmake/epos_ros2_msgs__rosidl_typesupport_introspection_cExport.cmake
[1.877s] -- Up-to-date: /media/jared/32GB3/home/epos_ws/src/epos_ros2/install/epos_ros2_msgs/share/epos_ros2_msgs/cmake/epos_ros2_msgs__rosidl_typesupport_introspection_cExport-noconfig.cmake
[1.882s] -- Up-to-date: /media/jared/32GB3/home/epos_ws/src/epos_ros2/install/epos_ros2_msgs/share/epos_ros2_msgs/cmake/epos_ros2_msgs__rosidl_typesupport_cExport.cmake
[1.885s] -- Up-to-date: /media/jared/32GB3/home/epos_ws/src/epos_ros2/install/epos_ros2_msgs/share/epos_ros2_msgs/cmake/epos_ros2_msgs__rosidl_typesupport_cExport-noconfig.cmake
[1.890s] -- Up-to-date: /media/jared/32GB3/home/epos_ws/src/epos_ros2/install/epos_ros2_msgs/share/epos_ros2_msgs/cmake/epos_ros2_msgs__rosidl_generator_cppExport.cmake
[1.896s] -- Up-to-date: /media/jared/32GB3/home/epos_ws/src/epos_ros2/install/epos_ros2_msgs/share/epos_ros2_msgs/cmake/epos_ros2_msgs__rosidl_typesupport_introspection_cppExport.cmake
[1.899s] -- Up-to-date: /media/jared/32GB3/home/epos_ws/src/epos_ros2/install/epos_ros2_msgs/share/epos_ros2_msgs/cmake/epos_ros2_msgs__rosidl_typesupport_introspection_cppExport-noconfig.cmake
[1.904s] -- Up-to-date: /media/jared/32GB3/home/epos_ws/src/epos_ros2/install/epos_ros2_msgs/share/epos_ros2_msgs/cmake/epos_ros2_msgs__rosidl_typesupport_cppExport.cmake
[1.907s] -- Up-to-date: /media/jared/32GB3/home/epos_ws/src/epos_ros2/install/epos_ros2_msgs/share/epos_ros2_msgs/cmake/epos_ros2_msgs__rosidl_typesupport_cppExport-noconfig.cmake
[1.910s] -- Up-to-date: /media/jared/32GB3/home/epos_ws/src/epos_ros2/install/epos_ros2_msgs/share/epos_ros2_msgs/cmake/rosidl_cmake-extras.cmake
[1.917s] -- Up-to-date: /media/jared/32GB3/home/epos_ws/src/epos_ros2/install/epos_ros2_msgs/share/epos_ros2_msgs/cmake/ament_cmake_export_dependencies-extras.cmake
[1.920s] -- Up-to-date: /media/jared/32GB3/home/epos_ws/src/epos_ros2/install/epos_ros2_msgs/share/epos_ros2_msgs/cmake/ament_cmake_export_libraries-extras.cmake
[1.924s] -- Up-to-date: /media/jared/32GB3/home/epos_ws/src/epos_ros2/install/epos_ros2_msgs/share/epos_ros2_msgs/cmake/ament_cmake_export_targets-extras.cmake
[1.926s] -- Up-to-date: /media/jared/32GB3/home/epos_ws/src/epos_ros2/install/epos_ros2_msgs/share/epos_ros2_msgs/cmake/ament_cmake_export_include_directories-extras.cmake
[1.929s] -- Up-to-date: /media/jared/32GB3/home/epos_ws/src/epos_ros2/install/epos_ros2_msgs/share/epos_ros2_msgs/cmake/rosidl_cmake_export_typesupport_libraries-extras.cmake
[1.933s] -- Up-to-date: /media/jared/32GB3/home/epos_ws/src/epos_ros2/install/epos_ros2_msgs/share/epos_ros2_msgs/cmake/rosidl_cmake_export_typesupport_targets-extras.cmake
[1.934s] -- Up-to-date: /media/jared/32GB3/home/epos_ws/src/epos_ros2/install/epos_ros2_msgs/share/epos_ros2_msgs/cmake/epos_ros2_msgsConfig.cmake
[1.936s] -- Up-to-date: /media/jared/32GB3/home/epos_ws/src/epos_ros2/install/epos_ros2_msgs/share/epos_ros2_msgs/cmake/epos_ros2_msgsConfig-version.cmake
[1.938s] -- Up-to-date: /media/jared/32GB3/home/epos_ws/src/epos_ros2/install/epos_ros2_msgs/share/epos_ros2_msgs/package.xml
[1.948s] Invoked command in '/media/jared/32GB3/home/epos_ws/src/epos_ros2/build/epos_ros2_msgs' returned '0': CMAKE_PREFIX_PATH=/opt/ros/galactic:${CMAKE_PREFIX_PATH} /usr/bin/cmake --install /media/jared/32GB3/home/epos_ws/src/epos_ros2/build/epos_ros2_msgs
