Performing C SOURCE FILE Test CMAKE_HAVE_LIBC_PTHREAD failed with the following output:
Change Dir: /media/jared/32GB3/home/epos_ws/src/epos_ros2/build/epos_ros2/CMakeFiles/CMakeTmp

Run Build Command(s):/usr/bin/make cmTC_ad8bd/fast && /usr/bin/make -f CMakeFiles/cmTC_ad8bd.dir/build.make CMakeFiles/cmTC_ad8bd.dir/build
make[1]: Entering directory '/media/jared/32GB3/home/epos_ws/src/epos_ros2/build/epos_ros2/CMakeFiles/CMakeTmp'
Building C object CMakeFiles/cmTC_ad8bd.dir/src.c.o
/usr/bin/cc   -DCMAKE_HAVE_LIBC_PTHREAD   -o CMakeFiles/cmTC_ad8bd.dir/src.c.o   -c /media/jared/32GB3/home/epos_ws/src/epos_ros2/build/epos_ros2/CMakeFiles/CMakeTmp/src.c
Linking C executable cmTC_ad8bd
/usr/bin/cmake -E cmake_link_script CMakeFiles/cmTC_ad8bd.dir/link.txt --verbose=1
/usr/bin/cc  -DCMAKE_HAVE_LIBC_PTHREAD    CMakeFiles/cmTC_ad8bd.dir/src.c.o  -o cmTC_ad8bd 
/usr/bin/ld: CMakeFiles/cmTC_ad8bd.dir/src.c.o: in function `main':
src.c:(.text+0x46): undefined reference to `pthread_create'
/usr/bin/ld: src.c:(.text+0x52): undefined reference to `pthread_detach'
/usr/bin/ld: src.c:(.text+0x63): undefined reference to `pthread_join'
collect2: error: ld returned 1 exit status
make[1]: *** [CMakeFiles/cmTC_ad8bd.dir/build.make:87: cmTC_ad8bd] Error 1
make[1]: Leaving directory '/media/jared/32GB3/home/epos_ws/src/epos_ros2/build/epos_ros2/CMakeFiles/CMakeTmp'
make: *** [Makefile:121: cmTC_ad8bd/fast] Error 2


Source file was:
#include <pthread.h>

void* test_func(void* data)
{
  return data;
}

int main(void)
{
  pthread_t thread;
  pthread_create(&thread, NULL, test_func, NULL);
  pthread_detach(thread);
  pthread_join(thread, NULL);
  pthread_atfork(NULL, NULL, NULL);
  pthread_exit(NULL);

  return 0;
}

Determining if the function pthread_create exists in the pthreads failed with the following output:
Change Dir: /media/jared/32GB3/home/epos_ws/src/epos_ros2/build/epos_ros2/CMakeFiles/CMakeTmp

Run Build Command(s):/usr/bin/make cmTC_0fd0e/fast && /usr/bin/make -f CMakeFiles/cmTC_0fd0e.dir/build.make CMakeFiles/cmTC_0fd0e.dir/build
make[1]: Entering directory '/media/jared/32GB3/home/epos_ws/src/epos_ros2/build/epos_ros2/CMakeFiles/CMakeTmp'
Building C object CMakeFiles/cmTC_0fd0e.dir/CheckFunctionExists.c.o
/usr/bin/cc   -DCHECK_FUNCTION_EXISTS=pthread_create   -o CMakeFiles/cmTC_0fd0e.dir/CheckFunctionExists.c.o   -c /usr/share/cmake-3.16/Modules/CheckFunctionExists.c
Linking C executable cmTC_0fd0e
/usr/bin/cmake -E cmake_link_script CMakeFiles/cmTC_0fd0e.dir/link.txt --verbose=1
/usr/bin/cc  -DCHECK_FUNCTION_EXISTS=pthread_create    CMakeFiles/cmTC_0fd0e.dir/CheckFunctionExists.c.o  -o cmTC_0fd0e  -lpthreads 
/usr/bin/ld: cannot find -lpthreads
collect2: error: ld returned 1 exit status
make[1]: *** [CMakeFiles/cmTC_0fd0e.dir/build.make:87: cmTC_0fd0e] Error 1
make[1]: Leaving directory '/media/jared/32GB3/home/epos_ws/src/epos_ros2/build/epos_ros2/CMakeFiles/CMakeTmp'
make: *** [Makefile:121: cmTC_0fd0e/fast] Error 2



