[0.763s] DEBUG:colcon:Command line arguments: ['/usr/bin/colcon', 'build']
[0.763s] DEBUG:colcon:Parsed command line arguments: Namespace(ament_cmake_args=None, base_paths=['.'], build_base='build', catkin_cmake_args=None, catkin_skip_building_tests=False, cmake_args=None, cmake_clean_cache=False, cmake_clean_first=False, cmake_force_configure=False, cmake_target=None, cmake_target_skip_unavailable=False, continue_on_error=False, event_handlers=None, executor='parallel', ignore_user_meta=False, install_base='install', log_base=None, log_level=None, main=<bound method BuildVerb.main of <colcon_core.verb.build.BuildVerb object at 0x7f46a571b280>>, merge_install=False, metas=['./colcon.meta'], packages_above=None, packages_above_and_dependencies=None, packages_above_depth=None, packages_end=None, packages_ignore=None, packages_ignore_regex=None, packages_select=None, packages_select_build_failed=False, packages_select_by_dep=None, packages_select_regex=None, packages_select_test_failures=False, packages_skip=None, packages_skip_build_finished=False, packages_skip_by_dep=None, packages_skip_regex=None, packages_skip_test_passed=False, packages_skip_up_to=None, packages_start=None, packages_up_to=None, packages_up_to_regex=None, parallel_workers=4, paths=None, symlink_install=False, test_result_base=None, verb_extension=<colcon_core.verb.build.BuildVerb object at 0x7f46a571b280>, verb_name='build', verb_parser=<colcon_defaults.argument_parser.defaults.DefaultArgumentsDecorator object at 0x7f46a571b7c0>)
[0.774s] Level 1:colcon.colcon_core.package_discovery:discover_packages(colcon_meta) check parameters
[0.775s] Level 1:colcon.colcon_core.package_discovery:discover_packages(recursive) check parameters
[0.775s] Level 1:colcon.colcon_core.package_discovery:discover_packages(ignore) check parameters
[0.775s] Level 1:colcon.colcon_core.package_discovery:discover_packages(path) check parameters
[0.775s] Level 1:colcon.colcon_core.package_discovery:discover_packages(colcon_meta) discover
[0.775s] Level 1:colcon.colcon_core.package_discovery:discover_packages(recursive) discover
[0.775s] INFO:colcon.colcon_core.package_discovery:Crawling recursively for packages in '/media/jared/32GB3/home/epos_ws/src/epos_ros2'
[0.776s] Level 1:colcon.colcon_core.package_identification:_identify(.) by extensions ['ignore', 'ignore_ament_install']
[0.776s] Level 1:colcon.colcon_core.package_identification:_identify(.) by extension 'ignore'
[0.776s] Level 1:colcon.colcon_core.package_identification:_identify(.) by extension 'ignore_ament_install'
[0.777s] Level 1:colcon.colcon_core.package_identification:_identify(.) by extensions ['colcon_pkg']
[0.777s] Level 1:colcon.colcon_core.package_identification:_identify(.) by extension 'colcon_pkg'
[0.777s] Level 1:colcon.colcon_core.package_identification:_identify(.) by extensions ['colcon_meta']
[0.777s] Level 1:colcon.colcon_core.package_identification:_identify(.) by extension 'colcon_meta'
[0.777s] Level 1:colcon.colcon_core.package_identification:_identify(.) by extensions ['ros']
[0.777s] Level 1:colcon.colcon_core.package_identification:_identify(.) by extension 'ros'
[0.795s] Level 1:colcon.colcon_core.package_identification:_identify(.) by extensions ['cmake', 'python']
[0.795s] Level 1:colcon.colcon_core.package_identification:_identify(.) by extension 'cmake'
[0.795s] Level 1:colcon.colcon_core.package_identification:_identify(.) by extension 'python'
[0.795s] Level 1:colcon.colcon_core.package_identification:_identify(.) by extensions ['python_setup_py']
[0.795s] Level 1:colcon.colcon_core.package_identification:_identify(.) by extension 'python_setup_py'
[0.796s] Level 1:colcon.colcon_core.package_identification:_identify(build) by extensions ['ignore', 'ignore_ament_install']
[0.796s] Level 1:colcon.colcon_core.package_identification:_identify(build) by extension 'ignore'
[0.796s] Level 1:colcon.colcon_core.package_identification:_identify(build) ignored
[0.797s] Level 1:colcon.colcon_core.package_identification:_identify(documents) by extensions ['ignore', 'ignore_ament_install']
[0.797s] Level 1:colcon.colcon_core.package_identification:_identify(documents) by extension 'ignore'
[0.797s] Level 1:colcon.colcon_core.package_identification:_identify(documents) by extension 'ignore_ament_install'
[0.797s] Level 1:colcon.colcon_core.package_identification:_identify(documents) by extensions ['colcon_pkg']
[0.797s] Level 1:colcon.colcon_core.package_identification:_identify(documents) by extension 'colcon_pkg'
[0.798s] Level 1:colcon.colcon_core.package_identification:_identify(documents) by extensions ['colcon_meta']
[0.798s] Level 1:colcon.colcon_core.package_identification:_identify(documents) by extension 'colcon_meta'
[0.798s] Level 1:colcon.colcon_core.package_identification:_identify(documents) by extensions ['ros']
[0.798s] Level 1:colcon.colcon_core.package_identification:_identify(documents) by extension 'ros'
[0.798s] Level 1:colcon.colcon_core.package_identification:_identify(documents) by extensions ['cmake', 'python']
[0.799s] Level 1:colcon.colcon_core.package_identification:_identify(documents) by extension 'cmake'
[0.799s] Level 1:colcon.colcon_core.package_identification:_identify(documents) by extension 'python'
[0.799s] Level 1:colcon.colcon_core.package_identification:_identify(documents) by extensions ['python_setup_py']
[0.799s] Level 1:colcon.colcon_core.package_identification:_identify(documents) by extension 'python_setup_py'
[0.799s] Level 1:colcon.colcon_core.package_identification:_identify(epos_ros2) by extensions ['ignore', 'ignore_ament_install']
[0.800s] Level 1:colcon.colcon_core.package_identification:_identify(epos_ros2) by extension 'ignore'
[0.800s] Level 1:colcon.colcon_core.package_identification:_identify(epos_ros2) by extension 'ignore_ament_install'
[0.800s] Level 1:colcon.colcon_core.package_identification:_identify(epos_ros2) by extensions ['colcon_pkg']
[0.800s] Level 1:colcon.colcon_core.package_identification:_identify(epos_ros2) by extension 'colcon_pkg'
[0.800s] Level 1:colcon.colcon_core.package_identification:_identify(epos_ros2) by extensions ['colcon_meta']
[0.801s] Level 1:colcon.colcon_core.package_identification:_identify(epos_ros2) by extension 'colcon_meta'
[0.801s] Level 1:colcon.colcon_core.package_identification:_identify(epos_ros2) by extensions ['ros']
[0.801s] Level 1:colcon.colcon_core.package_identification:_identify(epos_ros2) by extension 'ros'
[0.805s] DEBUG:colcon.colcon_core.package_identification:Package 'epos_ros2' with type 'ros.ament_cmake' and name 'epos_ros2'
[0.805s] Level 1:colcon.colcon_core.package_identification:_identify(epos_ros2_msgs) by extensions ['ignore', 'ignore_ament_install']
[0.806s] Level 1:colcon.colcon_core.package_identification:_identify(epos_ros2_msgs) by extension 'ignore'
[0.806s] Level 1:colcon.colcon_core.package_identification:_identify(epos_ros2_msgs) by extension 'ignore_ament_install'
[0.806s] Level 1:colcon.colcon_core.package_identification:_identify(epos_ros2_msgs) by extensions ['colcon_pkg']
[0.806s] Level 1:colcon.colcon_core.package_identification:_identify(epos_ros2_msgs) by extension 'colcon_pkg'
[0.807s] Level 1:colcon.colcon_core.package_identification:_identify(epos_ros2_msgs) by extensions ['colcon_meta']
[0.807s] Level 1:colcon.colcon_core.package_identification:_identify(epos_ros2_msgs) by extension 'colcon_meta'
[0.807s] Level 1:colcon.colcon_core.package_identification:_identify(epos_ros2_msgs) by extensions ['ros']
[0.807s] Level 1:colcon.colcon_core.package_identification:_identify(epos_ros2_msgs) by extension 'ros'
[0.809s] DEBUG:colcon.colcon_core.package_identification:Package 'epos_ros2_msgs' with type 'ros.ament_cmake' and name 'epos_ros2_msgs'
[0.810s] Level 1:colcon.colcon_core.package_identification:_identify(install) by extensions ['ignore', 'ignore_ament_install']
[0.810s] Level 1:colcon.colcon_core.package_identification:_identify(install) by extension 'ignore'
[0.810s] Level 1:colcon.colcon_core.package_identification:_identify(install) ignored
[0.811s] Level 1:colcon.colcon_core.package_identification:_identify(log) by extensions ['ignore', 'ignore_ament_install']
[0.811s] Level 1:colcon.colcon_core.package_identification:_identify(log) by extension 'ignore'
[0.811s] Level 1:colcon.colcon_core.package_identification:_identify(log) ignored
[0.811s] Level 1:colcon.colcon_core.package_discovery:discover_packages(recursive) using defaults
[0.812s] Level 1:colcon.colcon_core.package_discovery:discover_packages(ignore) discover
[0.812s] Level 1:colcon.colcon_core.package_discovery:discover_packages(ignore) using defaults
[0.812s] Level 1:colcon.colcon_core.package_discovery:discover_packages(path) discover
[0.812s] Level 1:colcon.colcon_core.package_discovery:discover_packages(path) using defaults
[0.861s] Level 5:colcon.colcon_core.verb:set package 'epos_ros2_msgs' build argument 'cmake_args' from command line to 'None'
[0.861s] Level 5:colcon.colcon_core.verb:set package 'epos_ros2_msgs' build argument 'cmake_target' from command line to 'None'
[0.861s] Level 5:colcon.colcon_core.verb:set package 'epos_ros2_msgs' build argument 'cmake_target_skip_unavailable' from command line to 'False'
[0.861s] Level 5:colcon.colcon_core.verb:set package 'epos_ros2_msgs' build argument 'cmake_clean_cache' from command line to 'False'
[0.861s] Level 5:colcon.colcon_core.verb:set package 'epos_ros2_msgs' build argument 'cmake_clean_first' from command line to 'False'
[0.861s] Level 5:colcon.colcon_core.verb:set package 'epos_ros2_msgs' build argument 'cmake_force_configure' from command line to 'False'
[0.862s] Level 5:colcon.colcon_core.verb:set package 'epos_ros2_msgs' build argument 'ament_cmake_args' from command line to 'None'
[0.862s] Level 5:colcon.colcon_core.verb:set package 'epos_ros2_msgs' build argument 'catkin_cmake_args' from command line to 'None'
[0.862s] Level 5:colcon.colcon_core.verb:set package 'epos_ros2_msgs' build argument 'catkin_skip_building_tests' from command line to 'False'
[0.862s] DEBUG:colcon.colcon_core.verb:Building package 'epos_ros2_msgs' with the following arguments: {'ament_cmake_args': None, 'build_base': '/media/jared/32GB3/home/epos_ws/src/epos_ros2/build/epos_ros2_msgs', 'catkin_cmake_args': None, 'catkin_skip_building_tests': False, 'cmake_args': None, 'cmake_clean_cache': False, 'cmake_clean_first': False, 'cmake_force_configure': False, 'cmake_target': None, 'cmake_target_skip_unavailable': False, 'install_base': '/media/jared/32GB3/home/epos_ws/src/epos_ros2/install/epos_ros2_msgs', 'merge_install': False, 'path': '/media/jared/32GB3/home/epos_ws/src/epos_ros2/epos_ros2_msgs', 'symlink_install': False, 'test_result_base': None}
[0.869s] Level 5:colcon.colcon_core.verb:set package 'epos_ros2' build argument 'cmake_args' from command line to 'None'
[0.870s] Level 5:colcon.colcon_core.verb:set package 'epos_ros2' build argument 'cmake_target' from command line to 'None'
[0.870s] Level 5:colcon.colcon_core.verb:set package 'epos_ros2' build argument 'cmake_target_skip_unavailable' from command line to 'False'
[0.870s] Level 5:colcon.colcon_core.verb:set package 'epos_ros2' build argument 'cmake_clean_cache' from command line to 'False'
[0.870s] Level 5:colcon.colcon_core.verb:set package 'epos_ros2' build argument 'cmake_clean_first' from command line to 'False'
[0.870s] Level 5:colcon.colcon_core.verb:set package 'epos_ros2' build argument 'cmake_force_configure' from command line to 'False'
[0.870s] Level 5:colcon.colcon_core.verb:set package 'epos_ros2' build argument 'ament_cmake_args' from command line to 'None'
[0.870s] Level 5:colcon.colcon_core.verb:set package 'epos_ros2' build argument 'catkin_cmake_args' from command line to 'None'
[0.870s] Level 5:colcon.colcon_core.verb:set package 'epos_ros2' build argument 'catkin_skip_building_tests' from command line to 'False'
[0.870s] DEBUG:colcon.colcon_core.verb:Building package 'epos_ros2' with the following arguments: {'ament_cmake_args': None, 'build_base': '/media/jared/32GB3/home/epos_ws/src/epos_ros2/build/epos_ros2', 'catkin_cmake_args': None, 'catkin_skip_building_tests': False, 'cmake_args': None, 'cmake_clean_cache': False, 'cmake_clean_first': False, 'cmake_force_configure': False, 'cmake_target': None, 'cmake_target_skip_unavailable': False, 'install_base': '/media/jared/32GB3/home/epos_ws/src/epos_ros2/install/epos_ros2', 'merge_install': False, 'path': '/media/jared/32GB3/home/epos_ws/src/epos_ros2/epos_ros2', 'symlink_install': False, 'test_result_base': None}
[0.872s] INFO:colcon.colcon_core.executor:Executing jobs using 'parallel' executor
[0.883s] DEBUG:colcon.colcon_parallel_executor.executor.parallel:run_until_complete
[0.885s] INFO:colcon.colcon_ros.task.ament_cmake.build:Building ROS package in '/media/jared/32GB3/home/epos_ws/src/epos_ros2/epos_ros2_msgs' with build type 'ament_cmake'
[0.885s] INFO:colcon.colcon_cmake.task.cmake.build:Building CMake package in '/media/jared/32GB3/home/epos_ws/src/epos_ros2/epos_ros2_msgs'
[0.892s] INFO:colcon.colcon_core.plugin_system:Skipping extension 'colcon_core.shell.bat': Not used on non-Windows systems
[0.893s] INFO:colcon.colcon_core.shell:Skip shell extension 'powershell' for command environment: Not usable outside of PowerShell
[0.893s] DEBUG:colcon.colcon_core.shell:Skip shell extension 'dsv' for command environment
[0.899s] DEBUG:colcon.colcon_core.shell:Ignoring prefix path '/opt/ros/galactic'
[0.899s] DEBUG:colcon.colcon_core.shell:Ignoring prefix path '/opt/ros/noetic'
[0.940s] DEBUG:colcon.colcon_core.event_handler.log_command:Invoking command in '/media/jared/32GB3/home/epos_ws/src/epos_ros2/build/epos_ros2_msgs': CMAKE_PREFIX_PATH=/opt/ros/galactic:${CMAKE_PREFIX_PATH} /usr/bin/cmake --build /media/jared/32GB3/home/epos_ws/src/epos_ros2/build/epos_ros2_msgs -- -j4 -l4
[2.132s] DEBUG:colcon.colcon_core.event_handler.log_command:Invoked command in '/media/jared/32GB3/home/epos_ws/src/epos_ros2/build/epos_ros2_msgs' returned '0': CMAKE_PREFIX_PATH=/opt/ros/galactic:${CMAKE_PREFIX_PATH} /usr/bin/cmake --build /media/jared/32GB3/home/epos_ws/src/epos_ros2/build/epos_ros2_msgs -- -j4 -l4
[2.302s] DEBUG:colcon.colcon_core.event_handler.log_command:Invoking command in '/media/jared/32GB3/home/epos_ws/src/epos_ros2/build/epos_ros2_msgs': CMAKE_PREFIX_PATH=/opt/ros/galactic:${CMAKE_PREFIX_PATH} /usr/bin/cmake --install /media/jared/32GB3/home/epos_ws/src/epos_ros2/build/epos_ros2_msgs
[2.981s] Level 1:colcon.colcon_core.environment:create_environment_scripts_only(epos_ros2_msgs)
[2.988s] Level 1:colcon.colcon_core.environment:checking '/media/jared/32GB3/home/epos_ws/src/epos_ros2/install/epos_ros2_msgs' for CMake module files
[2.993s] DEBUG:colcon.colcon_core.event_handler.log_command:Invoked command in '/media/jared/32GB3/home/epos_ws/src/epos_ros2/build/epos_ros2_msgs' returned '0': CMAKE_PREFIX_PATH=/opt/ros/galactic:${CMAKE_PREFIX_PATH} /usr/bin/cmake --install /media/jared/32GB3/home/epos_ws/src/epos_ros2/build/epos_ros2_msgs
[3.011s] Level 1:colcon.colcon_core.environment:checking '/media/jared/32GB3/home/epos_ws/src/epos_ros2/install/epos_ros2_msgs' for CMake config files
[3.020s] Level 1:colcon.colcon_core.shell:create_environment_hook('epos_ros2_msgs', 'cmake_prefix_path')
[3.023s] INFO:colcon.colcon_core.shell:Creating environment hook '/media/jared/32GB3/home/epos_ws/src/epos_ros2/install/epos_ros2_msgs/share/epos_ros2_msgs/hook/cmake_prefix_path.ps1'
[3.026s] INFO:colcon.colcon_core.shell:Creating environment descriptor '/media/jared/32GB3/home/epos_ws/src/epos_ros2/install/epos_ros2_msgs/share/epos_ros2_msgs/hook/cmake_prefix_path.dsv'
[3.029s] INFO:colcon.colcon_core.shell:Creating environment hook '/media/jared/32GB3/home/epos_ws/src/epos_ros2/install/epos_ros2_msgs/share/epos_ros2_msgs/hook/cmake_prefix_path.sh'
[3.032s] Level 1:colcon.colcon_core.environment:checking '/media/jared/32GB3/home/epos_ws/src/epos_ros2/install/epos_ros2_msgs/lib'
[3.033s] Level 1:colcon.colcon_core.shell:create_environment_hook('epos_ros2_msgs', 'ld_library_path_lib')
[3.036s] INFO:colcon.colcon_core.shell:Creating environment hook '/media/jared/32GB3/home/epos_ws/src/epos_ros2/install/epos_ros2_msgs/share/epos_ros2_msgs/hook/ld_library_path_lib.ps1'
[3.038s] INFO:colcon.colcon_core.shell:Creating environment descriptor '/media/jared/32GB3/home/epos_ws/src/epos_ros2/install/epos_ros2_msgs/share/epos_ros2_msgs/hook/ld_library_path_lib.dsv'
[3.040s] INFO:colcon.colcon_core.shell:Creating environment hook '/media/jared/32GB3/home/epos_ws/src/epos_ros2/install/epos_ros2_msgs/share/epos_ros2_msgs/hook/ld_library_path_lib.sh'
[3.042s] Level 1:colcon.colcon_core.environment:checking '/media/jared/32GB3/home/epos_ws/src/epos_ros2/install/epos_ros2_msgs/bin'
[3.043s] Level 1:colcon.colcon_core.environment:checking '/media/jared/32GB3/home/epos_ws/src/epos_ros2/install/epos_ros2_msgs/lib/pkgconfig/epos_ros2_msgs.pc'
[3.043s] Level 1:colcon.colcon_core.environment:checking '/media/jared/32GB3/home/epos_ws/src/epos_ros2/install/epos_ros2_msgs/lib/python3.8/site-packages'
[3.044s] Level 1:colcon.colcon_core.shell:create_environment_hook('epos_ros2_msgs', 'pythonpath')
[3.046s] INFO:colcon.colcon_core.shell:Creating environment hook '/media/jared/32GB3/home/epos_ws/src/epos_ros2/install/epos_ros2_msgs/share/epos_ros2_msgs/hook/pythonpath.ps1'
[3.048s] INFO:colcon.colcon_core.shell:Creating environment descriptor '/media/jared/32GB3/home/epos_ws/src/epos_ros2/install/epos_ros2_msgs/share/epos_ros2_msgs/hook/pythonpath.dsv'
[3.051s] INFO:colcon.colcon_core.shell:Creating environment hook '/media/jared/32GB3/home/epos_ws/src/epos_ros2/install/epos_ros2_msgs/share/epos_ros2_msgs/hook/pythonpath.sh'
[3.056s] INFO:colcon.colcon_core.shell:Creating package script '/media/jared/32GB3/home/epos_ws/src/epos_ros2/install/epos_ros2_msgs/share/epos_ros2_msgs/package.ps1'
[3.059s] INFO:colcon.colcon_core.shell:Creating package descriptor '/media/jared/32GB3/home/epos_ws/src/epos_ros2/install/epos_ros2_msgs/share/epos_ros2_msgs/package.dsv'
[3.062s] INFO:colcon.colcon_core.shell:Creating package script '/media/jared/32GB3/home/epos_ws/src/epos_ros2/install/epos_ros2_msgs/share/epos_ros2_msgs/package.sh'
[3.065s] INFO:colcon.colcon_core.shell:Creating package script '/media/jared/32GB3/home/epos_ws/src/epos_ros2/install/epos_ros2_msgs/share/epos_ros2_msgs/package.bash'
[3.068s] INFO:colcon.colcon_core.shell:Creating package script '/media/jared/32GB3/home/epos_ws/src/epos_ros2/install/epos_ros2_msgs/share/epos_ros2_msgs/package.zsh'
[3.071s] Level 1:colcon.colcon_core.environment:create_file_with_runtime_dependencies(/media/jared/32GB3/home/epos_ws/src/epos_ros2/install/epos_ros2_msgs/share/colcon-core/packages/epos_ros2_msgs)
[3.252s] Level 1:colcon.colcon_core.environment:create_environment_scripts_only(epos_ros2_msgs)
[3.256s] Level 1:colcon.colcon_core.environment:checking '/media/jared/32GB3/home/epos_ws/src/epos_ros2/install/epos_ros2_msgs' for CMake module files
[3.265s] Level 1:colcon.colcon_core.environment:checking '/media/jared/32GB3/home/epos_ws/src/epos_ros2/install/epos_ros2_msgs' for CMake config files
[3.278s] Level 1:colcon.colcon_core.shell:create_environment_hook('epos_ros2_msgs', 'cmake_prefix_path')
[3.281s] INFO:colcon.colcon_core.shell:Creating environment hook '/media/jared/32GB3/home/epos_ws/src/epos_ros2/install/epos_ros2_msgs/share/epos_ros2_msgs/hook/cmake_prefix_path.ps1'
[3.282s] INFO:colcon.colcon_core.shell:Creating environment descriptor '/media/jared/32GB3/home/epos_ws/src/epos_ros2/install/epos_ros2_msgs/share/epos_ros2_msgs/hook/cmake_prefix_path.dsv'
[3.284s] INFO:colcon.colcon_core.shell:Creating environment hook '/media/jared/32GB3/home/epos_ws/src/epos_ros2/install/epos_ros2_msgs/share/epos_ros2_msgs/hook/cmake_prefix_path.sh'
[3.288s] Level 1:colcon.colcon_core.environment:checking '/media/jared/32GB3/home/epos_ws/src/epos_ros2/install/epos_ros2_msgs/lib'
[3.289s] Level 1:colcon.colcon_core.shell:create_environment_hook('epos_ros2_msgs', 'ld_library_path_lib')
[3.290s] INFO:colcon.colcon_core.shell:Creating environment hook '/media/jared/32GB3/home/epos_ws/src/epos_ros2/install/epos_ros2_msgs/share/epos_ros2_msgs/hook/ld_library_path_lib.ps1'
[3.292s] INFO:colcon.colcon_core.shell:Creating environment descriptor '/media/jared/32GB3/home/epos_ws/src/epos_ros2/install/epos_ros2_msgs/share/epos_ros2_msgs/hook/ld_library_path_lib.dsv'
[3.295s] INFO:colcon.colcon_core.shell:Creating environment hook '/media/jared/32GB3/home/epos_ws/src/epos_ros2/install/epos_ros2_msgs/share/epos_ros2_msgs/hook/ld_library_path_lib.sh'
[3.298s] Level 1:colcon.colcon_core.environment:checking '/media/jared/32GB3/home/epos_ws/src/epos_ros2/install/epos_ros2_msgs/bin'
[3.299s] Level 1:colcon.colcon_core.environment:checking '/media/jared/32GB3/home/epos_ws/src/epos_ros2/install/epos_ros2_msgs/lib/pkgconfig/epos_ros2_msgs.pc'
[3.299s] Level 1:colcon.colcon_core.environment:checking '/media/jared/32GB3/home/epos_ws/src/epos_ros2/install/epos_ros2_msgs/lib/python3.8/site-packages'
[3.300s] Level 1:colcon.colcon_core.shell:create_environment_hook('epos_ros2_msgs', 'pythonpath')
[3.302s] INFO:colcon.colcon_core.shell:Creating environment hook '/media/jared/32GB3/home/epos_ws/src/epos_ros2/install/epos_ros2_msgs/share/epos_ros2_msgs/hook/pythonpath.ps1'
[3.303s] INFO:colcon.colcon_core.shell:Creating environment descriptor '/media/jared/32GB3/home/epos_ws/src/epos_ros2/install/epos_ros2_msgs/share/epos_ros2_msgs/hook/pythonpath.dsv'
[3.306s] INFO:colcon.colcon_core.shell:Creating environment hook '/media/jared/32GB3/home/epos_ws/src/epos_ros2/install/epos_ros2_msgs/share/epos_ros2_msgs/hook/pythonpath.sh'
[3.310s] INFO:colcon.colcon_core.shell:Creating package script '/media/jared/32GB3/home/epos_ws/src/epos_ros2/install/epos_ros2_msgs/share/epos_ros2_msgs/package.ps1'
[3.312s] INFO:colcon.colcon_core.shell:Creating package descriptor '/media/jared/32GB3/home/epos_ws/src/epos_ros2/install/epos_ros2_msgs/share/epos_ros2_msgs/package.dsv'
[3.315s] INFO:colcon.colcon_core.shell:Creating package script '/media/jared/32GB3/home/epos_ws/src/epos_ros2/install/epos_ros2_msgs/share/epos_ros2_msgs/package.sh'
[3.317s] INFO:colcon.colcon_core.shell:Creating package script '/media/jared/32GB3/home/epos_ws/src/epos_ros2/install/epos_ros2_msgs/share/epos_ros2_msgs/package.bash'
[3.326s] INFO:colcon.colcon_core.shell:Creating package script '/media/jared/32GB3/home/epos_ws/src/epos_ros2/install/epos_ros2_msgs/share/epos_ros2_msgs/package.zsh'
[3.329s] Level 1:colcon.colcon_core.environment:create_file_with_runtime_dependencies(/media/jared/32GB3/home/epos_ws/src/epos_ros2/install/epos_ros2_msgs/share/colcon-core/packages/epos_ros2_msgs)
[3.332s] INFO:colcon.colcon_ros.task.ament_cmake.build:Building ROS package in '/media/jared/32GB3/home/epos_ws/src/epos_ros2/epos_ros2' with build type 'ament_cmake'
[3.333s] INFO:colcon.colcon_cmake.task.cmake.build:Building CMake package in '/media/jared/32GB3/home/epos_ws/src/epos_ros2/epos_ros2'
[3.336s] INFO:colcon.colcon_core.shell:Skip shell extension 'powershell' for command environment: Not usable outside of PowerShell
[3.336s] DEBUG:colcon.colcon_core.shell:Skip shell extension 'dsv' for command environment
[3.340s] DEBUG:colcon.colcon_core.shell:Ignoring prefix path '/opt/ros/galactic'
[3.340s] DEBUG:colcon.colcon_core.shell:Ignoring prefix path '/opt/ros/noetic'
[3.391s] DEBUG:colcon.colcon_core.event_handler.log_command:Invoking command in '/media/jared/32GB3/home/epos_ws/src/epos_ros2/build/epos_ros2': AMENT_PREFIX_PATH=/media/jared/32GB3/home/epos_ws/src/epos_ros2/install/epos_ros2_msgs:${AMENT_PREFIX_PATH} CMAKE_PREFIX_PATH=/media/jared/32GB3/home/epos_ws/src/epos_ros2/install/epos_ros2_msgs:/opt/ros/galactic:${CMAKE_PREFIX_PATH} LD_LIBRARY_PATH=/media/jared/32GB3/home/epos_ws/src/epos_ros2/install/epos_ros2_msgs/lib:/opt/ros/galactic/opt/yaml_cpp_vendor/lib:/opt/ros/galactic/opt/rviz_ogre_vendor/lib:/opt/ros/galactic/lib/x86_64-linux-gnu:/opt/ros/galactic/lib:/opt/ros/noetic/lib:/usr/local/cuda-9.0/lib64 PYTHONPATH=/media/jared/32GB3/home/epos_ws/src/epos_ros2/install/epos_ros2_msgs/lib/python3.8/site-packages:${PYTHONPATH} /usr/bin/cmake --build /media/jared/32GB3/home/epos_ws/src/epos_ros2/build/epos_ros2 -- -j4 -l4
[25.308s] DEBUG:colcon.colcon_core.event_handler.log_command:Invoked command in '/media/jared/32GB3/home/epos_ws/src/epos_ros2/build/epos_ros2' returned '0': AMENT_PREFIX_PATH=/media/jared/32GB3/home/epos_ws/src/epos_ros2/install/epos_ros2_msgs:${AMENT_PREFIX_PATH} CMAKE_PREFIX_PATH=/media/jared/32GB3/home/epos_ws/src/epos_ros2/install/epos_ros2_msgs:/opt/ros/galactic:${CMAKE_PREFIX_PATH} LD_LIBRARY_PATH=/media/jared/32GB3/home/epos_ws/src/epos_ros2/install/epos_ros2_msgs/lib:/opt/ros/galactic/opt/yaml_cpp_vendor/lib:/opt/ros/galactic/opt/rviz_ogre_vendor/lib:/opt/ros/galactic/lib/x86_64-linux-gnu:/opt/ros/galactic/lib:/opt/ros/noetic/lib:/usr/local/cuda-9.0/lib64 PYTHONPATH=/media/jared/32GB3/home/epos_ws/src/epos_ros2/install/epos_ros2_msgs/lib/python3.8/site-packages:${PYTHONPATH} /usr/bin/cmake --build /media/jared/32GB3/home/epos_ws/src/epos_ros2/build/epos_ros2 -- -j4 -l4
[25.366s] DEBUG:colcon.colcon_core.event_handler.log_command:Invoking command in '/media/jared/32GB3/home/epos_ws/src/epos_ros2/build/epos_ros2': AMENT_PREFIX_PATH=/media/jared/32GB3/home/epos_ws/src/epos_ros2/install/epos_ros2_msgs:${AMENT_PREFIX_PATH} CMAKE_PREFIX_PATH=/media/jared/32GB3/home/epos_ws/src/epos_ros2/install/epos_ros2_msgs:/opt/ros/galactic:${CMAKE_PREFIX_PATH} LD_LIBRARY_PATH=/media/jared/32GB3/home/epos_ws/src/epos_ros2/install/epos_ros2_msgs/lib:/opt/ros/galactic/opt/yaml_cpp_vendor/lib:/opt/ros/galactic/opt/rviz_ogre_vendor/lib:/opt/ros/galactic/lib/x86_64-linux-gnu:/opt/ros/galactic/lib:/opt/ros/noetic/lib:/usr/local/cuda-9.0/lib64 PYTHONPATH=/media/jared/32GB3/home/epos_ws/src/epos_ros2/install/epos_ros2_msgs/lib/python3.8/site-packages:${PYTHONPATH} /usr/bin/cmake --install /media/jared/32GB3/home/epos_ws/src/epos_ros2/build/epos_ros2
[25.539s] Level 1:colcon.colcon_core.environment:create_environment_scripts_only(epos_ros2)
[25.541s] Level 1:colcon.colcon_core.environment:checking '/media/jared/32GB3/home/epos_ws/src/epos_ros2/install/epos_ros2' for CMake module files
[25.542s] DEBUG:colcon.colcon_core.event_handler.log_command:Invoked command in '/media/jared/32GB3/home/epos_ws/src/epos_ros2/build/epos_ros2' returned '0': AMENT_PREFIX_PATH=/media/jared/32GB3/home/epos_ws/src/epos_ros2/install/epos_ros2_msgs:${AMENT_PREFIX_PATH} CMAKE_PREFIX_PATH=/media/jared/32GB3/home/epos_ws/src/epos_ros2/install/epos_ros2_msgs:/opt/ros/galactic:${CMAKE_PREFIX_PATH} LD_LIBRARY_PATH=/media/jared/32GB3/home/epos_ws/src/epos_ros2/install/epos_ros2_msgs/lib:/opt/ros/galactic/opt/yaml_cpp_vendor/lib:/opt/ros/galactic/opt/rviz_ogre_vendor/lib:/opt/ros/galactic/lib/x86_64-linux-gnu:/opt/ros/galactic/lib:/opt/ros/noetic/lib:/usr/local/cuda-9.0/lib64 PYTHONPATH=/media/jared/32GB3/home/epos_ws/src/epos_ros2/install/epos_ros2_msgs/lib/python3.8/site-packages:${PYTHONPATH} /usr/bin/cmake --install /media/jared/32GB3/home/epos_ws/src/epos_ros2/build/epos_ros2
[25.547s] Level 1:colcon.colcon_core.environment:checking '/media/jared/32GB3/home/epos_ws/src/epos_ros2/install/epos_ros2' for CMake config files
[25.550s] Level 1:colcon.colcon_core.shell:create_environment_hook('epos_ros2', 'cmake_prefix_path')
[25.552s] INFO:colcon.colcon_core.shell:Creating environment hook '/media/jared/32GB3/home/epos_ws/src/epos_ros2/install/epos_ros2/share/epos_ros2/hook/cmake_prefix_path.ps1'
[25.554s] INFO:colcon.colcon_core.shell:Creating environment descriptor '/media/jared/32GB3/home/epos_ws/src/epos_ros2/install/epos_ros2/share/epos_ros2/hook/cmake_prefix_path.dsv'
[25.556s] INFO:colcon.colcon_core.shell:Creating environment hook '/media/jared/32GB3/home/epos_ws/src/epos_ros2/install/epos_ros2/share/epos_ros2/hook/cmake_prefix_path.sh'
[25.558s] Level 1:colcon.colcon_core.environment:checking '/media/jared/32GB3/home/epos_ws/src/epos_ros2/install/epos_ros2/lib'
[25.559s] Level 1:colcon.colcon_core.environment:checking '/media/jared/32GB3/home/epos_ws/src/epos_ros2/install/epos_ros2/bin'
[25.559s] Level 1:colcon.colcon_core.environment:checking '/media/jared/32GB3/home/epos_ws/src/epos_ros2/install/epos_ros2/lib/pkgconfig/epos_ros2.pc'
[25.560s] Level 1:colcon.colcon_core.environment:checking '/media/jared/32GB3/home/epos_ws/src/epos_ros2/install/epos_ros2/lib/python3.8/site-packages'
[25.562s] INFO:colcon.colcon_core.shell:Creating package script '/media/jared/32GB3/home/epos_ws/src/epos_ros2/install/epos_ros2/share/epos_ros2/package.ps1'
[25.563s] INFO:colcon.colcon_core.shell:Creating package descriptor '/media/jared/32GB3/home/epos_ws/src/epos_ros2/install/epos_ros2/share/epos_ros2/package.dsv'
[25.565s] INFO:colcon.colcon_core.shell:Creating package script '/media/jared/32GB3/home/epos_ws/src/epos_ros2/install/epos_ros2/share/epos_ros2/package.sh'
[25.566s] INFO:colcon.colcon_core.shell:Creating package script '/media/jared/32GB3/home/epos_ws/src/epos_ros2/install/epos_ros2/share/epos_ros2/package.bash'
[25.568s] INFO:colcon.colcon_core.shell:Creating package script '/media/jared/32GB3/home/epos_ws/src/epos_ros2/install/epos_ros2/share/epos_ros2/package.zsh'
[25.569s] Level 1:colcon.colcon_core.environment:create_file_with_runtime_dependencies(/media/jared/32GB3/home/epos_ws/src/epos_ros2/install/epos_ros2/share/colcon-core/packages/epos_ros2)
[25.631s] Level 1:colcon.colcon_core.environment:create_environment_scripts_only(epos_ros2)
[25.632s] Level 1:colcon.colcon_core.environment:checking '/media/jared/32GB3/home/epos_ws/src/epos_ros2/install/epos_ros2' for CMake module files
[25.642s] Level 1:colcon.colcon_core.environment:checking '/media/jared/32GB3/home/epos_ws/src/epos_ros2/install/epos_ros2' for CMake config files
[25.648s] Level 1:colcon.colcon_core.shell:create_environment_hook('epos_ros2', 'cmake_prefix_path')
[25.651s] INFO:colcon.colcon_core.shell:Creating environment hook '/media/jared/32GB3/home/epos_ws/src/epos_ros2/install/epos_ros2/share/epos_ros2/hook/cmake_prefix_path.ps1'
[25.659s] INFO:colcon.colcon_core.shell:Creating environment descriptor '/media/jared/32GB3/home/epos_ws/src/epos_ros2/install/epos_ros2/share/epos_ros2/hook/cmake_prefix_path.dsv'
[25.664s] INFO:colcon.colcon_core.shell:Creating environment hook '/media/jared/32GB3/home/epos_ws/src/epos_ros2/install/epos_ros2/share/epos_ros2/hook/cmake_prefix_path.sh'
[25.670s] Level 1:colcon.colcon_core.environment:checking '/media/jared/32GB3/home/epos_ws/src/epos_ros2/install/epos_ros2/lib'
[25.672s] Level 1:colcon.colcon_core.environment:checking '/media/jared/32GB3/home/epos_ws/src/epos_ros2/install/epos_ros2/bin'
[25.674s] Level 1:colcon.colcon_core.environment:checking '/media/jared/32GB3/home/epos_ws/src/epos_ros2/install/epos_ros2/lib/pkgconfig/epos_ros2.pc'
[25.675s] Level 1:colcon.colcon_core.environment:checking '/media/jared/32GB3/home/epos_ws/src/epos_ros2/install/epos_ros2/lib/python3.8/site-packages'
[25.679s] INFO:colcon.colcon_core.shell:Creating package script '/media/jared/32GB3/home/epos_ws/src/epos_ros2/install/epos_ros2/share/epos_ros2/package.ps1'
[25.689s] INFO:colcon.colcon_core.shell:Creating package descriptor '/media/jared/32GB3/home/epos_ws/src/epos_ros2/install/epos_ros2/share/epos_ros2/package.dsv'
[25.696s] INFO:colcon.colcon_core.shell:Creating package script '/media/jared/32GB3/home/epos_ws/src/epos_ros2/install/epos_ros2/share/epos_ros2/package.sh'
[25.701s] INFO:colcon.colcon_core.shell:Creating package script '/media/jared/32GB3/home/epos_ws/src/epos_ros2/install/epos_ros2/share/epos_ros2/package.bash'
[25.705s] INFO:colcon.colcon_core.shell:Creating package script '/media/jared/32GB3/home/epos_ws/src/epos_ros2/install/epos_ros2/share/epos_ros2/package.zsh'
[25.717s] Level 1:colcon.colcon_core.environment:create_file_with_runtime_dependencies(/media/jared/32GB3/home/epos_ws/src/epos_ros2/install/epos_ros2/share/colcon-core/packages/epos_ros2)
[25.739s] DEBUG:colcon.colcon_parallel_executor.executor.parallel:closing loop
[25.746s] DEBUG:colcon.colcon_parallel_executor.executor.parallel:loop closed
[25.749s] DEBUG:colcon.colcon_parallel_executor.executor.parallel:run_until_complete finished with '0'
[25.752s] DEBUG:colcon.colcon_core.event_reactor:joining thread
[25.811s] INFO:colcon.colcon_core.plugin_system:Skipping extension 'colcon_notification.desktop_notification.terminal_notifier': Not used on non-Darwin systems
[25.812s] INFO:colcon.colcon_core.plugin_system:Skipping extension 'colcon_notification.desktop_notification.win32': Not used on non-Windows systems
[25.812s] INFO:colcon.colcon_notification.desktop_notification:Sending desktop notification using 'notify2'
[25.823s] DEBUG:colcon.colcon_core.event_reactor:joined thread
[25.826s] INFO:colcon.colcon_core.shell:Creating prefix script '/media/jared/32GB3/home/epos_ws/src/epos_ros2/install/local_setup.ps1'
[25.830s] INFO:colcon.colcon_core.shell:Creating prefix util module '/media/jared/32GB3/home/epos_ws/src/epos_ros2/install/_local_setup_util_ps1.py'
[25.838s] INFO:colcon.colcon_core.shell:Creating prefix chain script '/media/jared/32GB3/home/epos_ws/src/epos_ros2/install/setup.ps1'
[25.851s] INFO:colcon.colcon_core.shell:Creating prefix script '/media/jared/32GB3/home/epos_ws/src/epos_ros2/install/local_setup.sh'
[25.862s] INFO:colcon.colcon_core.shell:Creating prefix util module '/media/jared/32GB3/home/epos_ws/src/epos_ros2/install/_local_setup_util_sh.py'
[25.866s] INFO:colcon.colcon_core.shell:Creating prefix chain script '/media/jared/32GB3/home/epos_ws/src/epos_ros2/install/setup.sh'
[25.882s] INFO:colcon.colcon_core.shell:Creating prefix script '/media/jared/32GB3/home/epos_ws/src/epos_ros2/install/local_setup.bash'
[25.901s] INFO:colcon.colcon_core.shell:Creating prefix chain script '/media/jared/32GB3/home/epos_ws/src/epos_ros2/install/setup.bash'
[25.917s] INFO:colcon.colcon_core.shell:Creating prefix script '/media/jared/32GB3/home/epos_ws/src/epos_ros2/install/local_setup.zsh'
[25.920s] INFO:colcon.colcon_core.shell:Creating prefix chain script '/media/jared/32GB3/home/epos_ws/src/epos_ros2/install/setup.zsh'
