-- The C compiler identification is GNU 9.3.0
-- The CXX compiler identification is GNU 9.3.0
-- Check for working C compiler: /usr/bin/cc
-- Check for working C compiler: /usr/bin/cc -- works
-- Detecting C compiler ABI info
-- Detecting C compiler ABI info - done
-- Detecting C compile features
-- Detecting C compile features - done
-- Check for working CXX compiler: /usr/bin/c++
-- Check for working CXX compiler: /usr/bin/c++ -- works
-- Detecting CXX compiler ABI info
-- Detecting CXX compiler ABI info - done
-- Detecting CXX compile features
-- Detecting CXX compile features - done
-- Found ament_cmake: 1.1.4 (/opt/ros/galactic/share/ament_cmake/cmake)
-- Found PythonInterp: /usr/bin/python3 (found suitable version "3.8.5", minimum required is "3") 
-- Using PYTHON_EXECUTABLE: /usr/bin/python3
-- Found rosidl_default_generators: 1.1.1 (/opt/ros/galactic/share/rosidl_default_generators/cmake)
-- Using all available rosidl_typesupport_c: rosidl_typesupport_fastrtps_c;rosidl_typesupport_introspection_c
-- Found rosidl_adapter: 2.2.1 (/opt/ros/galactic/share/rosidl_adapter/cmake)
-- Found OpenSSL: /usr/lib/x86_64-linux-gnu/libcrypto.so (found version "1.1.1f")  
-- Found FastRTPS: /opt/ros/galactic/include  
-- Using all available rosidl_typesupport_cpp: rosidl_typesupport_fastrtps_cpp;rosidl_typesupport_introspection_cpp
-- Found rosidl_default_runtime: 1.1.1 (/opt/ros/galactic/share/rosidl_default_runtime/cmake)
-- Found PythonInterp: /usr/bin/python3 (found version "3.8.5") 
-- Found ament_cmake_ros: 0.9.2 (/opt/ros/galactic/share/ament_cmake_ros/cmake)
-- Using all available rosidl_typesupport_c: rosidl_typesupport_fastrtps_c;rosidl_typesupport_introspection_c
-- Using all available rosidl_typesupport_cpp: rosidl_typesupport_fastrtps_cpp;rosidl_typesupport_introspection_cpp
-- Found PythonInterp: /usr/bin/python3 (found suitable version "3.8.5", minimum required is "3.5") 
-- Found python_cmake_module: 0.8.1 (/opt/ros/galactic/share/python_cmake_module/cmake)
-- Found PythonLibs: /usr/lib/x86_64-linux-gnu/libpython3.8.so (found suitable version "3.8.5", minimum required is "3.5") 
-- Using PYTHON_EXECUTABLE: /usr/bin/python3
-- Using PYTHON_INCLUDE_DIRS: /usr/include/python3.8
-- Using PYTHON_LIBRARIES: /usr/lib/x86_64-linux-gnu/libpython3.8.so
-- Found PythonExtra: .so  
-- Found ament_lint_auto: 0.10.6 (/opt/ros/galactic/share/ament_lint_auto/cmake)
-- Added test 'copyright' to check source files copyright and LICENSE
-- Added test 'lint_cmake' to check CMake code style
-- Added test 'xmllint' to check XML markup files
-- Configuring done
-- Generating done
-- Build files have been written to: /media/jared/32GB3/home/epos_ws/src/epos_ros2/build/epos_ros2_msgs
[35m[1mScanning dependencies of target epos_ros2_msgs__cpp[0m
[  2%] [34m[1mGenerating C code for ROS interfaces[0m
[  5%] [34m[1mGenerating C++ code for ROS interfaces[0m
[  5%] Built target epos_ros2_msgs__cpp
[  7%] [34m[1mGenerating C++ type support dispatch for ROS interfaces[0m
[ 10%] [34m[1mGenerating C++ introspection for ROS interfaces[0m
[ 12%] [34m[1mGenerating C++ type support for eProsima Fast-RTPS[0m
[35m[1mScanning dependencies of target epos_ros2_msgs__rosidl_generator_c[0m
[ 15%] [32mBuilding C object CMakeFiles/epos_ros2_msgs__rosidl_generator_c.dir/rosidl_generator_c/epos_ros2_msgs/msg/detail/motor_command__functions.c.o[0m
[ 17%] [32mBuilding C object CMakeFiles/epos_ros2_msgs__rosidl_generator_c.dir/rosidl_generator_c/epos_ros2_msgs/msg/detail/motor_commands__functions.c.o[0m
[ 20%] [32m[1mLinking C shared library libepos_ros2_msgs__rosidl_generator_c.so[0m
[35m[1mScanning dependencies of target epos_ros2_msgs__rosidl_typesupport_cpp[0m
[ 20%] Built target epos_ros2_msgs__rosidl_generator_c
[35m[1mScanning dependencies of target epos_ros2_msgs__rosidl_typesupport_introspection_cpp[0m
[ 23%] [32mBuilding CXX object CMakeFiles/epos_ros2_msgs__rosidl_typesupport_cpp.dir/rosidl_typesupport_cpp/epos_ros2_msgs/msg/motor_command__type_support.cpp.o[0m
[ 25%] [34m[1mGenerating C introspection for ROS interfaces[0m
[35m[1mScanning dependencies of target epos_ros2_msgs__rosidl_typesupport_fastrtps_cpp[0m
[ 28%] [32mBuilding CXX object CMakeFiles/epos_ros2_msgs__rosidl_typesupport_introspection_cpp.dir/rosidl_typesupport_introspection_cpp/epos_ros2_msgs/msg/detail/motor_command__type_support.cpp.o[0m
[ 30%] [32mBuilding CXX object CMakeFiles/epos_ros2_msgs__rosidl_typesupport_fastrtps_cpp.dir/rosidl_typesupport_fastrtps_cpp/epos_ros2_msgs/msg/detail/dds_fastrtps/motor_command__type_support.cpp.o[0m
[35m[1mScanning dependencies of target epos_ros2_msgs__rosidl_typesupport_introspection_c[0m
[ 35%] [32mBuilding C object CMakeFiles/epos_ros2_msgs__rosidl_typesupport_introspection_c.dir/rosidl_typesupport_introspection_c/epos_ros2_msgs/msg/detail/motor_command__type_support.c.o[0m
[ 35%] [32mBuilding CXX object CMakeFiles/epos_ros2_msgs__rosidl_typesupport_introspection_cpp.dir/rosidl_typesupport_introspection_cpp/epos_ros2_msgs/msg/detail/motor_commands__type_support.cpp.o[0m
[ 38%] [32mBuilding CXX object CMakeFiles/epos_ros2_msgs__rosidl_typesupport_cpp.dir/rosidl_typesupport_cpp/epos_ros2_msgs/msg/motor_commands__type_support.cpp.o[0m
[ 41%] [32mBuilding C object CMakeFiles/epos_ros2_msgs__rosidl_typesupport_introspection_c.dir/rosidl_typesupport_introspection_c/epos_ros2_msgs/msg/detail/motor_commands__type_support.c.o[0m
[ 43%] [32mBuilding CXX object CMakeFiles/epos_ros2_msgs__rosidl_typesupport_fastrtps_cpp.dir/rosidl_typesupport_fastrtps_cpp/epos_ros2_msgs/msg/detail/dds_fastrtps/motor_commands__type_support.cpp.o[0m
[ 46%] [32m[1mLinking C shared library libepos_ros2_msgs__rosidl_typesupport_introspection_c.so[0m
[ 46%] Built target epos_ros2_msgs__rosidl_typesupport_introspection_c
[ 48%] [34m[1mGenerating C type support dispatch for ROS interfaces[0m
[ 51%] [32m[1mLinking CXX shared library libepos_ros2_msgs__rosidl_typesupport_cpp.so[0m
[ 53%] [32m[1mLinking CXX shared library libepos_ros2_msgs__rosidl_typesupport_introspection_cpp.so[0m
[ 53%] Built target epos_ros2_msgs__rosidl_typesupport_cpp
[ 53%] Built target epos_ros2_msgs__rosidl_typesupport_introspection_cpp
[35m[1mScanning dependencies of target epos_ros2_msgs__rosidl_typesupport_c[0m
[ 56%] [32mBuilding CXX object CMakeFiles/epos_ros2_msgs__rosidl_typesupport_c.dir/rosidl_typesupport_c/epos_ros2_msgs/msg/motor_commands__type_support.cpp.o[0m
[ 58%] [32mBuilding CXX object CMakeFiles/epos_ros2_msgs__rosidl_typesupport_c.dir/rosidl_typesupport_c/epos_ros2_msgs/msg/motor_command__type_support.cpp.o[0m
[ 61%] [32m[1mLinking CXX shared library libepos_ros2_msgs__rosidl_typesupport_fastrtps_cpp.so[0m
[ 64%] [32m[1mLinking CXX shared library libepos_ros2_msgs__rosidl_typesupport_c.so[0m
[ 64%] Built target epos_ros2_msgs__rosidl_typesupport_fastrtps_cpp
[ 64%] Built target epos_ros2_msgs__rosidl_typesupport_c
[ 66%] [34m[1mGenerating C type support for eProsima Fast-RTPS[0m
[35m[1mScanning dependencies of target epos_ros2_msgs__rosidl_typesupport_fastrtps_c[0m
[ 69%] [32mBuilding CXX object CMakeFiles/epos_ros2_msgs__rosidl_typesupport_fastrtps_c.dir/rosidl_typesupport_fastrtps_c/epos_ros2_msgs/msg/detail/motor_command__type_support_c.cpp.o[0m
[ 71%] [32mBuilding CXX object CMakeFiles/epos_ros2_msgs__rosidl_typesupport_fastrtps_c.dir/rosidl_typesupport_fastrtps_c/epos_ros2_msgs/msg/detail/motor_commands__type_support_c.cpp.o[0m
[ 74%] [32m[1mLinking CXX shared library libepos_ros2_msgs__rosidl_typesupport_fastrtps_c.so[0m
[ 74%] Built target epos_ros2_msgs__rosidl_typesupport_fastrtps_c
[35m[1mScanning dependencies of target epos_ros2_msgs[0m
[ 74%] Built target epos_ros2_msgs
[35m[1mScanning dependencies of target epos_ros2_msgs__py[0m
[ 76%] [34m[1mGenerating Python code for ROS interfaces[0m
[ 76%] Built target epos_ros2_msgs__py
[35m[1mScanning dependencies of target epos_ros2_msgs__python[0m
[ 79%] [32mBuilding C object CMakeFiles/epos_ros2_msgs__python.dir/rosidl_generator_py/epos_ros2_msgs/msg/_motor_commands_s.c.o[0m
[ 82%] [32mBuilding C object CMakeFiles/epos_ros2_msgs__python.dir/rosidl_generator_py/epos_ros2_msgs/msg/_motor_command_s.c.o[0m
[ 84%] [32m[1mLinking C shared library rosidl_generator_py/epos_ros2_msgs/libepos_ros2_msgs__python.so[0m
[ 84%] Built target epos_ros2_msgs__python
[35m[1mScanning dependencies of target epos_ros2_msgs__rosidl_typesupport_introspection_c__pyext[0m
[35m[1mScanning dependencies of target epos_ros2_msgs__rosidl_typesupport_c__pyext[0m
[35m[1mScanning dependencies of target epos_ros2_msgs__rosidl_typesupport_fastrtps_c__pyext[0m
[ 87%] [32mBuilding C object CMakeFiles/epos_ros2_msgs__rosidl_typesupport_introspection_c__pyext.dir/rosidl_generator_py/epos_ros2_msgs/_epos_ros2_msgs_s.ep.rosidl_typesupport_introspection_c.c.o[0m
[ 89%] [32mBuilding C object CMakeFiles/epos_ros2_msgs__rosidl_typesupport_c__pyext.dir/rosidl_generator_py/epos_ros2_msgs/_epos_ros2_msgs_s.ep.rosidl_typesupport_c.c.o[0m
[ 92%] [32mBuilding C object CMakeFiles/epos_ros2_msgs__rosidl_typesupport_fastrtps_c__pyext.dir/rosidl_generator_py/epos_ros2_msgs/_epos_ros2_msgs_s.ep.rosidl_typesupport_fastrtps_c.c.o[0m
[ 94%] [32m[1mLinking C shared library rosidl_generator_py/epos_ros2_msgs/epos_ros2_msgs_s__rosidl_typesupport_introspection_c.cpython-38-x86_64-linux-gnu.so[0m
[ 97%] [32m[1mLinking C shared library rosidl_generator_py/epos_ros2_msgs/epos_ros2_msgs_s__rosidl_typesupport_c.cpython-38-x86_64-linux-gnu.so[0m
[100%] [32m[1mLinking CXX shared library rosidl_generator_py/epos_ros2_msgs/epos_ros2_msgs_s__rosidl_typesupport_fastrtps_c.cpython-38-x86_64-linux-gnu.so[0m
[100%] Built target epos_ros2_msgs__rosidl_typesupport_c__pyext
[100%] Built target epos_ros2_msgs__rosidl_typesupport_introspection_c__pyext
[100%] Built target epos_ros2_msgs__rosidl_typesupport_fastrtps_c__pyext
-- Install configuration: ""
-- Installing: /media/jared/32GB3/home/epos_ws/src/epos_ros2/install/epos_ros2_msgs/share/ament_index/resource_index/rosidl_interfaces/epos_ros2_msgs
-- Installing: /media/jared/32GB3/home/epos_ws/src/epos_ros2/install/epos_ros2_msgs/include/epos_ros2_msgs
-- Installing: /media/jared/32GB3/home/epos_ws/src/epos_ros2/install/epos_ros2_msgs/include/epos_ros2_msgs/msg
-- Installing: /media/jared/32GB3/home/epos_ws/src/epos_ros2/install/epos_ros2_msgs/include/epos_ros2_msgs/msg/detail
-- Installing: /media/jared/32GB3/home/epos_ws/src/epos_ros2/install/epos_ros2_msgs/include/epos_ros2_msgs/msg/detail/motor_commands__functions.c
-- Installing: /media/jared/32GB3/home/epos_ws/src/epos_ros2/install/epos_ros2_msgs/include/epos_ros2_msgs/msg/detail/motor_commands__functions.h
-- Installing: /media/jared/32GB3/home/epos_ws/src/epos_ros2/install/epos_ros2_msgs/include/epos_ros2_msgs/msg/detail/motor_commands__struct.h
-- Installing: /media/jared/32GB3/home/epos_ws/src/epos_ros2/install/epos_ros2_msgs/include/epos_ros2_msgs/msg/detail/motor_commands__type_support.h
-- Installing: /media/jared/32GB3/home/epos_ws/src/epos_ros2/install/epos_ros2_msgs/include/epos_ros2_msgs/msg/detail/motor_command__functions.c
-- Installing: /media/jared/32GB3/home/epos_ws/src/epos_ros2/install/epos_ros2_msgs/include/epos_ros2_msgs/msg/detail/motor_command__functions.h
-- Installing: /media/jared/32GB3/home/epos_ws/src/epos_ros2/install/epos_ros2_msgs/include/epos_ros2_msgs/msg/detail/motor_command__struct.h
-- Installing: /media/jared/32GB3/home/epos_ws/src/epos_ros2/install/epos_ros2_msgs/include/epos_ros2_msgs/msg/detail/motor_command__type_support.h
-- Installing: /media/jared/32GB3/home/epos_ws/src/epos_ros2/install/epos_ros2_msgs/include/epos_ros2_msgs/msg/motor_command.h
-- Installing: /media/jared/32GB3/home/epos_ws/src/epos_ros2/install/epos_ros2_msgs/include/epos_ros2_msgs/msg/motor_commands.h
-- Installing: /media/jared/32GB3/home/epos_ws/src/epos_ros2/install/epos_ros2_msgs/include/epos_ros2_msgs/msg/rosidl_generator_c__visibility_control.h
-- Installing: /media/jared/32GB3/home/epos_ws/src/epos_ros2/install/epos_ros2_msgs/share/epos_ros2_msgs/environment/library_path.sh
-- Installing: /media/jared/32GB3/home/epos_ws/src/epos_ros2/install/epos_ros2_msgs/share/epos_ros2_msgs/environment/library_path.dsv
-- Installing: /media/jared/32GB3/home/epos_ws/src/epos_ros2/install/epos_ros2_msgs/lib/libepos_ros2_msgs__rosidl_generator_c.so
-- Set runtime path of "/media/jared/32GB3/home/epos_ws/src/epos_ros2/install/epos_ros2_msgs/lib/libepos_ros2_msgs__rosidl_generator_c.so" to ""
-- Up-to-date: /media/jared/32GB3/home/epos_ws/src/epos_ros2/install/epos_ros2_msgs/include/epos_ros2_msgs
-- Up-to-date: /media/jared/32GB3/home/epos_ws/src/epos_ros2/install/epos_ros2_msgs/include/epos_ros2_msgs/msg
-- Up-to-date: /media/jared/32GB3/home/epos_ws/src/epos_ros2/install/epos_ros2_msgs/include/epos_ros2_msgs/msg/detail
-- Installing: /media/jared/32GB3/home/epos_ws/src/epos_ros2/install/epos_ros2_msgs/include/epos_ros2_msgs/msg/detail/motor_commands__rosidl_typesupport_fastrtps_c.h
-- Installing: /media/jared/32GB3/home/epos_ws/src/epos_ros2/install/epos_ros2_msgs/include/epos_ros2_msgs/msg/detail/motor_command__rosidl_typesupport_fastrtps_c.h
-- Installing: /media/jared/32GB3/home/epos_ws/src/epos_ros2/install/epos_ros2_msgs/include/epos_ros2_msgs/msg/rosidl_typesupport_fastrtps_c__visibility_control.h
-- Installing: /media/jared/32GB3/home/epos_ws/src/epos_ros2/install/epos_ros2_msgs/lib/libepos_ros2_msgs__rosidl_typesupport_fastrtps_c.so
-- Set runtime path of "/media/jared/32GB3/home/epos_ws/src/epos_ros2/install/epos_ros2_msgs/lib/libepos_ros2_msgs__rosidl_typesupport_fastrtps_c.so" to ""
-- Up-to-date: /media/jared/32GB3/home/epos_ws/src/epos_ros2/install/epos_ros2_msgs/include/epos_ros2_msgs
-- Up-to-date: /media/jared/32GB3/home/epos_ws/src/epos_ros2/install/epos_ros2_msgs/include/epos_ros2_msgs/msg
-- Up-to-date: /media/jared/32GB3/home/epos_ws/src/epos_ros2/install/epos_ros2_msgs/include/epos_ros2_msgs/msg/detail
-- Installing: /media/jared/32GB3/home/epos_ws/src/epos_ros2/install/epos_ros2_msgs/include/epos_ros2_msgs/msg/detail/dds_fastrtps
-- Installing: /media/jared/32GB3/home/epos_ws/src/epos_ros2/install/epos_ros2_msgs/include/epos_ros2_msgs/msg/detail/motor_commands__rosidl_typesupport_fastrtps_cpp.hpp
-- Installing: /media/jared/32GB3/home/epos_ws/src/epos_ros2/install/epos_ros2_msgs/include/epos_ros2_msgs/msg/detail/motor_command__rosidl_typesupport_fastrtps_cpp.hpp
-- Installing: /media/jared/32GB3/home/epos_ws/src/epos_ros2/install/epos_ros2_msgs/include/epos_ros2_msgs/msg/rosidl_typesupport_fastrtps_cpp__visibility_control.h
-- Installing: /media/jared/32GB3/home/epos_ws/src/epos_ros2/install/epos_ros2_msgs/lib/libepos_ros2_msgs__rosidl_typesupport_fastrtps_cpp.so
-- Set runtime path of "/media/jared/32GB3/home/epos_ws/src/epos_ros2/install/epos_ros2_msgs/lib/libepos_ros2_msgs__rosidl_typesupport_fastrtps_cpp.so" to ""
-- Up-to-date: /media/jared/32GB3/home/epos_ws/src/epos_ros2/install/epos_ros2_msgs/include/epos_ros2_msgs
-- Up-to-date: /media/jared/32GB3/home/epos_ws/src/epos_ros2/install/epos_ros2_msgs/include/epos_ros2_msgs/msg
-- Up-to-date: /media/jared/32GB3/home/epos_ws/src/epos_ros2/install/epos_ros2_msgs/include/epos_ros2_msgs/msg/detail
-- Installing: /media/jared/32GB3/home/epos_ws/src/epos_ros2/install/epos_ros2_msgs/include/epos_ros2_msgs/msg/detail/motor_commands__rosidl_typesupport_introspection_c.h
-- Installing: /media/jared/32GB3/home/epos_ws/src/epos_ros2/install/epos_ros2_msgs/include/epos_ros2_msgs/msg/detail/motor_commands__type_support.c
-- Installing: /media/jared/32GB3/home/epos_ws/src/epos_ros2/install/epos_ros2_msgs/include/epos_ros2_msgs/msg/detail/motor_command__rosidl_typesupport_introspection_c.h
-- Installing: /media/jared/32GB3/home/epos_ws/src/epos_ros2/install/epos_ros2_msgs/include/epos_ros2_msgs/msg/detail/motor_command__type_support.c
-- Installing: /media/jared/32GB3/home/epos_ws/src/epos_ros2/install/epos_ros2_msgs/include/epos_ros2_msgs/msg/rosidl_typesupport_introspection_c__visibility_control.h
-- Installing: /media/jared/32GB3/home/epos_ws/src/epos_ros2/install/epos_ros2_msgs/lib/libepos_ros2_msgs__rosidl_typesupport_introspection_c.so
-- Set runtime path of "/media/jared/32GB3/home/epos_ws/src/epos_ros2/install/epos_ros2_msgs/lib/libepos_ros2_msgs__rosidl_typesupport_introspection_c.so" to ""
-- Installing: /media/jared/32GB3/home/epos_ws/src/epos_ros2/install/epos_ros2_msgs/lib/libepos_ros2_msgs__rosidl_typesupport_c.so
-- Set runtime path of "/media/jared/32GB3/home/epos_ws/src/epos_ros2/install/epos_ros2_msgs/lib/libepos_ros2_msgs__rosidl_typesupport_c.so" to ""
-- Up-to-date: /media/jared/32GB3/home/epos_ws/src/epos_ros2/install/epos_ros2_msgs/include/epos_ros2_msgs
-- Up-to-date: /media/jared/32GB3/home/epos_ws/src/epos_ros2/install/epos_ros2_msgs/include/epos_ros2_msgs/msg
-- Up-to-date: /media/jared/32GB3/home/epos_ws/src/epos_ros2/install/epos_ros2_msgs/include/epos_ros2_msgs/msg/detail
-- Installing: /media/jared/32GB3/home/epos_ws/src/epos_ros2/install/epos_ros2_msgs/include/epos_ros2_msgs/msg/detail/motor_commands__builder.hpp
-- Installing: /media/jared/32GB3/home/epos_ws/src/epos_ros2/install/epos_ros2_msgs/include/epos_ros2_msgs/msg/detail/motor_commands__struct.hpp
-- Installing: /media/jared/32GB3/home/epos_ws/src/epos_ros2/install/epos_ros2_msgs/include/epos_ros2_msgs/msg/detail/motor_commands__traits.hpp
-- Installing: /media/jared/32GB3/home/epos_ws/src/epos_ros2/install/epos_ros2_msgs/include/epos_ros2_msgs/msg/detail/motor_command__builder.hpp
-- Installing: /media/jared/32GB3/home/epos_ws/src/epos_ros2/install/epos_ros2_msgs/include/epos_ros2_msgs/msg/detail/motor_command__struct.hpp
-- Installing: /media/jared/32GB3/home/epos_ws/src/epos_ros2/install/epos_ros2_msgs/include/epos_ros2_msgs/msg/detail/motor_command__traits.hpp
-- Installing: /media/jared/32GB3/home/epos_ws/src/epos_ros2/install/epos_ros2_msgs/include/epos_ros2_msgs/msg/motor_command.hpp
-- Installing: /media/jared/32GB3/home/epos_ws/src/epos_ros2/install/epos_ros2_msgs/include/epos_ros2_msgs/msg/motor_commands.hpp
-- Up-to-date: /media/jared/32GB3/home/epos_ws/src/epos_ros2/install/epos_ros2_msgs/include/epos_ros2_msgs
-- Up-to-date: /media/jared/32GB3/home/epos_ws/src/epos_ros2/install/epos_ros2_msgs/include/epos_ros2_msgs/msg
-- Up-to-date: /media/jared/32GB3/home/epos_ws/src/epos_ros2/install/epos_ros2_msgs/include/epos_ros2_msgs/msg/detail
-- Installing: /media/jared/32GB3/home/epos_ws/src/epos_ros2/install/epos_ros2_msgs/include/epos_ros2_msgs/msg/detail/motor_commands__rosidl_typesupport_introspection_cpp.hpp
-- Installing: /media/jared/32GB3/home/epos_ws/src/epos_ros2/install/epos_ros2_msgs/include/epos_ros2_msgs/msg/detail/motor_commands__type_support.cpp
-- Installing: /media/jared/32GB3/home/epos_ws/src/epos_ros2/install/epos_ros2_msgs/include/epos_ros2_msgs/msg/detail/motor_command__rosidl_typesupport_introspection_cpp.hpp
-- Installing: /media/jared/32GB3/home/epos_ws/src/epos_ros2/install/epos_ros2_msgs/include/epos_ros2_msgs/msg/detail/motor_command__type_support.cpp
-- Installing: /media/jared/32GB3/home/epos_ws/src/epos_ros2/install/epos_ros2_msgs/lib/libepos_ros2_msgs__rosidl_typesupport_introspection_cpp.so
-- Set runtime path of "/media/jared/32GB3/home/epos_ws/src/epos_ros2/install/epos_ros2_msgs/lib/libepos_ros2_msgs__rosidl_typesupport_introspection_cpp.so" to ""
-- Installing: /media/jared/32GB3/home/epos_ws/src/epos_ros2/install/epos_ros2_msgs/lib/libepos_ros2_msgs__rosidl_typesupport_cpp.so
-- Set runtime path of "/media/jared/32GB3/home/epos_ws/src/epos_ros2/install/epos_ros2_msgs/lib/libepos_ros2_msgs__rosidl_typesupport_cpp.so" to ""
-- Installing: /media/jared/32GB3/home/epos_ws/src/epos_ros2/install/epos_ros2_msgs/share/epos_ros2_msgs/environment/pythonpath.sh
-- Installing: /media/jared/32GB3/home/epos_ws/src/epos_ros2/install/epos_ros2_msgs/share/epos_ros2_msgs/environment/pythonpath.dsv
-- Installing: /media/jared/32GB3/home/epos_ws/src/epos_ros2/install/epos_ros2_msgs/lib/python3.8/site-packages/epos_ros2_msgs/__init__.py
Compiling '/media/jared/32GB3/home/epos_ws/src/epos_ros2/install/epos_ros2_msgs/lib/python3.8/site-packages/epos_ros2_msgs/__init__.py'...
-- Installing: /media/jared/32GB3/home/epos_ws/src/epos_ros2/install/epos_ros2_msgs/lib/python3.8/site-packages/epos_ros2_msgs/msg
-- Installing: /media/jared/32GB3/home/epos_ws/src/epos_ros2/install/epos_ros2_msgs/lib/python3.8/site-packages/epos_ros2_msgs/msg/_motor_command.py
-- Installing: /media/jared/32GB3/home/epos_ws/src/epos_ros2/install/epos_ros2_msgs/lib/python3.8/site-packages/epos_ros2_msgs/msg/_motor_commands.py
-- Installing: /media/jared/32GB3/home/epos_ws/src/epos_ros2/install/epos_ros2_msgs/lib/python3.8/site-packages/epos_ros2_msgs/msg/_motor_commands_s.c
-- Installing: /media/jared/32GB3/home/epos_ws/src/epos_ros2/install/epos_ros2_msgs/lib/python3.8/site-packages/epos_ros2_msgs/msg/_motor_command_s.c
-- Installing: /media/jared/32GB3/home/epos_ws/src/epos_ros2/install/epos_ros2_msgs/lib/python3.8/site-packages/epos_ros2_msgs/msg/__init__.py
-- Installing: /media/jared/32GB3/home/epos_ws/src/epos_ros2/install/epos_ros2_msgs/lib/python3.8/site-packages/epos_ros2_msgs/epos_ros2_msgs_s__rosidl_typesupport_fastrtps_c.cpython-38-x86_64-linux-gnu.so
-- Set runtime path of "/media/jared/32GB3/home/epos_ws/src/epos_ros2/install/epos_ros2_msgs/lib/python3.8/site-packages/epos_ros2_msgs/epos_ros2_msgs_s__rosidl_typesupport_fastrtps_c.cpython-38-x86_64-linux-gnu.so" to ""
-- Installing: /media/jared/32GB3/home/epos_ws/src/epos_ros2/install/epos_ros2_msgs/lib/python3.8/site-packages/epos_ros2_msgs/epos_ros2_msgs_s__rosidl_typesupport_introspection_c.cpython-38-x86_64-linux-gnu.so
-- Set runtime path of "/media/jared/32GB3/home/epos_ws/src/epos_ros2/install/epos_ros2_msgs/lib/python3.8/site-packages/epos_ros2_msgs/epos_ros2_msgs_s__rosidl_typesupport_introspection_c.cpython-38-x86_64-linux-gnu.so" to ""
-- Installing: /media/jared/32GB3/home/epos_ws/src/epos_ros2/install/epos_ros2_msgs/lib/python3.8/site-packages/epos_ros2_msgs/epos_ros2_msgs_s__rosidl_typesupport_c.cpython-38-x86_64-linux-gnu.so
-- Set runtime path of "/media/jared/32GB3/home/epos_ws/src/epos_ros2/install/epos_ros2_msgs/lib/python3.8/site-packages/epos_ros2_msgs/epos_ros2_msgs_s__rosidl_typesupport_c.cpython-38-x86_64-linux-gnu.so" to ""
-- Installing: /media/jared/32GB3/home/epos_ws/src/epos_ros2/install/epos_ros2_msgs/lib/libepos_ros2_msgs__python.so
-- Set runtime path of "/media/jared/32GB3/home/epos_ws/src/epos_ros2/install/epos_ros2_msgs/lib/libepos_ros2_msgs__python.so" to ""
-- Installing: /media/jared/32GB3/home/epos_ws/src/epos_ros2/install/epos_ros2_msgs/share/epos_ros2_msgs/msg/MotorCommand.idl
-- Installing: /media/jared/32GB3/home/epos_ws/src/epos_ros2/install/epos_ros2_msgs/share/epos_ros2_msgs/msg/MotorCommands.idl
-- Installing: /media/jared/32GB3/home/epos_ws/src/epos_ros2/install/epos_ros2_msgs/share/epos_ros2_msgs/msg/MotorCommand.msg
-- Installing: /media/jared/32GB3/home/epos_ws/src/epos_ros2/install/epos_ros2_msgs/share/epos_ros2_msgs/msg/MotorCommands.msg
-- Installing: /media/jared/32GB3/home/epos_ws/src/epos_ros2/install/epos_ros2_msgs/share/ament_index/resource_index/package_run_dependencies/epos_ros2_msgs
-- Installing: /media/jared/32GB3/home/epos_ws/src/epos_ros2/install/epos_ros2_msgs/share/ament_index/resource_index/parent_prefix_path/epos_ros2_msgs
-- Installing: /media/jared/32GB3/home/epos_ws/src/epos_ros2/install/epos_ros2_msgs/share/epos_ros2_msgs/environment/ament_prefix_path.sh
-- Installing: /media/jared/32GB3/home/epos_ws/src/epos_ros2/install/epos_ros2_msgs/share/epos_ros2_msgs/environment/ament_prefix_path.dsv
-- Installing: /media/jared/32GB3/home/epos_ws/src/epos_ros2/install/epos_ros2_msgs/share/epos_ros2_msgs/environment/path.sh
-- Installing: /media/jared/32GB3/home/epos_ws/src/epos_ros2/install/epos_ros2_msgs/share/epos_ros2_msgs/environment/path.dsv
-- Installing: /media/jared/32GB3/home/epos_ws/src/epos_ros2/install/epos_ros2_msgs/share/epos_ros2_msgs/local_setup.bash
-- Installing: /media/jared/32GB3/home/epos_ws/src/epos_ros2/install/epos_ros2_msgs/share/epos_ros2_msgs/local_setup.sh
-- Installing: /media/jared/32GB3/home/epos_ws/src/epos_ros2/install/epos_ros2_msgs/share/epos_ros2_msgs/local_setup.zsh
-- Installing: /media/jared/32GB3/home/epos_ws/src/epos_ros2/install/epos_ros2_msgs/share/epos_ros2_msgs/local_setup.dsv
-- Installing: /media/jared/32GB3/home/epos_ws/src/epos_ros2/install/epos_ros2_msgs/share/epos_ros2_msgs/package.dsv
-- Installing: /media/jared/32GB3/home/epos_ws/src/epos_ros2/install/epos_ros2_msgs/share/ament_index/resource_index/packages/epos_ros2_msgs
-- Installing: /media/jared/32GB3/home/epos_ws/src/epos_ros2/install/epos_ros2_msgs/share/epos_ros2_msgs/cmake/epos_ros2_msgs__rosidl_generator_cExport.cmake
-- Installing: /media/jared/32GB3/home/epos_ws/src/epos_ros2/install/epos_ros2_msgs/share/epos_ros2_msgs/cmake/epos_ros2_msgs__rosidl_generator_cExport-noconfig.cmake
-- Installing: /media/jared/32GB3/home/epos_ws/src/epos_ros2/install/epos_ros2_msgs/share/epos_ros2_msgs/cmake/epos_ros2_msgs__rosidl_typesupport_introspection_cExport.cmake
-- Installing: /media/jared/32GB3/home/epos_ws/src/epos_ros2/install/epos_ros2_msgs/share/epos_ros2_msgs/cmake/epos_ros2_msgs__rosidl_typesupport_introspection_cExport-noconfig.cmake
-- Installing: /media/jared/32GB3/home/epos_ws/src/epos_ros2/install/epos_ros2_msgs/share/epos_ros2_msgs/cmake/epos_ros2_msgs__rosidl_typesupport_cExport.cmake
-- Installing: /media/jared/32GB3/home/epos_ws/src/epos_ros2/install/epos_ros2_msgs/share/epos_ros2_msgs/cmake/epos_ros2_msgs__rosidl_typesupport_cExport-noconfig.cmake
-- Installing: /media/jared/32GB3/home/epos_ws/src/epos_ros2/install/epos_ros2_msgs/share/epos_ros2_msgs/cmake/epos_ros2_msgs__rosidl_generator_cppExport.cmake
-- Installing: /media/jared/32GB3/home/epos_ws/src/epos_ros2/install/epos_ros2_msgs/share/epos_ros2_msgs/cmake/epos_ros2_msgs__rosidl_typesupport_introspection_cppExport.cmake
-- Installing: /media/jared/32GB3/home/epos_ws/src/epos_ros2/install/epos_ros2_msgs/share/epos_ros2_msgs/cmake/epos_ros2_msgs__rosidl_typesupport_introspection_cppExport-noconfig.cmake
-- Installing: /media/jared/32GB3/home/epos_ws/src/epos_ros2/install/epos_ros2_msgs/share/epos_ros2_msgs/cmake/epos_ros2_msgs__rosidl_typesupport_cppExport.cmake
-- Installing: /media/jared/32GB3/home/epos_ws/src/epos_ros2/install/epos_ros2_msgs/share/epos_ros2_msgs/cmake/epos_ros2_msgs__rosidl_typesupport_cppExport-noconfig.cmake
-- Installing: /media/jared/32GB3/home/epos_ws/src/epos_ros2/install/epos_ros2_msgs/share/epos_ros2_msgs/cmake/rosidl_cmake-extras.cmake
-- Installing: /media/jared/32GB3/home/epos_ws/src/epos_ros2/install/epos_ros2_msgs/share/epos_ros2_msgs/cmake/ament_cmake_export_dependencies-extras.cmake
-- Installing: /media/jared/32GB3/home/epos_ws/src/epos_ros2/install/epos_ros2_msgs/share/epos_ros2_msgs/cmake/ament_cmake_export_libraries-extras.cmake
-- Installing: /media/jared/32GB3/home/epos_ws/src/epos_ros2/install/epos_ros2_msgs/share/epos_ros2_msgs/cmake/ament_cmake_export_targets-extras.cmake
-- Installing: /media/jared/32GB3/home/epos_ws/src/epos_ros2/install/epos_ros2_msgs/share/epos_ros2_msgs/cmake/ament_cmake_export_include_directories-extras.cmake
-- Installing: /media/jared/32GB3/home/epos_ws/src/epos_ros2/install/epos_ros2_msgs/share/epos_ros2_msgs/cmake/rosidl_cmake_export_typesupport_libraries-extras.cmake
-- Installing: /media/jared/32GB3/home/epos_ws/src/epos_ros2/install/epos_ros2_msgs/share/epos_ros2_msgs/cmake/rosidl_cmake_export_typesupport_targets-extras.cmake
-- Installing: /media/jared/32GB3/home/epos_ws/src/epos_ros2/install/epos_ros2_msgs/share/epos_ros2_msgs/cmake/epos_ros2_msgsConfig.cmake
-- Installing: /media/jared/32GB3/home/epos_ws/src/epos_ros2/install/epos_ros2_msgs/share/epos_ros2_msgs/cmake/epos_ros2_msgsConfig-version.cmake
-- Installing: /media/jared/32GB3/home/epos_ws/src/epos_ros2/install/epos_ros2_msgs/share/epos_ros2_msgs/package.xml
