[0.032s] Invoking command in '/media/jared/32GB3/home/epos_ws/src/epos_ros2/build/epos_ros2_msgs': CMAKE_PREFIX_PATH=/opt/ros/galactic:${CMAKE_PREFIX_PATH} /usr/bin/cmake /media/jared/32GB3/home/epos_ws/src/epos_ros2/epos_ros2_msgs -DCMAKE_INSTALL_PREFIX=/media/jared/32GB3/home/epos_ws/src/epos_ros2/install/epos_ros2_msgs
[0.220s] -- The C compiler identification is GNU 9.3.0
[0.312s] -- The CXX compiler identification is GNU 9.3.0
[0.325s] -- Check for working C compiler: /usr/bin/cc
[0.506s] -- Check for working C compiler: /usr/bin/cc -- works
[0.509s] -- Detecting C compiler ABI info
[0.710s] -- Detecting C compiler ABI info - done
[0.738s] -- Detecting C compile features
[0.739s] -- Detecting C compile features - done
[0.753s] -- Check for working CXX compiler: /usr/bin/c++
[1.025s] -- Check for working CXX compiler: /usr/bin/c++ -- works
[1.029s] -- Detecting CXX compiler ABI info
[1.301s] -- Detecting CXX compiler ABI info - done
[1.364s] -- Detecting CXX compile features
[1.365s] -- Detecting CXX compile features - done
[1.383s] -- Found ament_cmake: 1.1.4 (/opt/ros/galactic/share/ament_cmake/cmake)
[1.425s] -- Found PythonInterp: /usr/bin/python3 (found suitable version "3.8.5", minimum required is "3") 
[1.425s] -- Using PYTHON_EXECUTABLE: /usr/bin/python3
[1.555s] -- Found rosidl_default_generators: 1.1.1 (/opt/ros/galactic/share/rosidl_default_generators/cmake)
[1.562s] -- Using all available rosidl_typesupport_c: rosidl_typesupport_fastrtps_c;rosidl_typesupport_introspection_c
[1.572s] -- Found rosidl_adapter: 2.2.1 (/opt/ros/galactic/share/rosidl_adapter/cmake)
[1.770s] -- Found OpenSSL: /usr/lib/x86_64-linux-gnu/libcrypto.so (found version "1.1.1f")  
[1.822s] -- Found FastRTPS: /opt/ros/galactic/include  
[1.937s] -- Using all available rosidl_typesupport_cpp: rosidl_typesupport_fastrtps_cpp;rosidl_typesupport_introspection_cpp
[1.972s] -- Found rosidl_default_runtime: 1.1.1 (/opt/ros/galactic/share/rosidl_default_runtime/cmake)
[2.016s] -- Found PythonInterp: /usr/bin/python3 (found version "3.8.5") 
[2.250s] -- Found ament_cmake_ros: 0.9.2 (/opt/ros/galactic/share/ament_cmake_ros/cmake)
[2.525s] -- Using all available rosidl_typesupport_c: rosidl_typesupport_fastrtps_c;rosidl_typesupport_introspection_c
[2.615s] -- Using all available rosidl_typesupport_cpp: rosidl_typesupport_fastrtps_cpp;rosidl_typesupport_introspection_cpp
[2.648s] -- Found PythonInterp: /usr/bin/python3 (found suitable version "3.8.5", minimum required is "3.5") 
[2.651s] -- Found python_cmake_module: 0.8.1 (/opt/ros/galactic/share/python_cmake_module/cmake)
[2.695s] -- Found PythonLibs: /usr/lib/x86_64-linux-gnu/libpython3.8.so (found suitable version "3.8.5", minimum required is "3.5") 
[2.696s] -- Using PYTHON_EXECUTABLE: /usr/bin/python3
[2.696s] -- Using PYTHON_INCLUDE_DIRS: /usr/include/python3.8
[2.697s] -- Using PYTHON_LIBRARIES: /usr/lib/x86_64-linux-gnu/libpython3.8.so
[2.732s] -- Found PythonExtra: .so  
[2.834s] -- Found ament_lint_auto: 0.10.6 (/opt/ros/galactic/share/ament_lint_auto/cmake)
[2.967s] -- Added test 'copyright' to check source files copyright and LICENSE
[2.996s] -- Added test 'lint_cmake' to check CMake code style
[3.014s] -- Added test 'xmllint' to check XML markup files
[3.076s] -- Configuring done
[3.566s] -- Generating done
[3.620s] -- Build files have been written to: /media/jared/32GB3/home/epos_ws/src/epos_ros2/build/epos_ros2_msgs
[3.630s] Invoked command in '/media/jared/32GB3/home/epos_ws/src/epos_ros2/build/epos_ros2_msgs' returned '0': CMAKE_PREFIX_PATH=/opt/ros/galactic:${CMAKE_PREFIX_PATH} /usr/bin/cmake /media/jared/32GB3/home/epos_ws/src/epos_ros2/epos_ros2_msgs -DCMAKE_INSTALL_PREFIX=/media/jared/32GB3/home/epos_ws/src/epos_ros2/install/epos_ros2_msgs
[3.636s] Invoking command in '/media/jared/32GB3/home/epos_ws/src/epos_ros2/build/epos_ros2_msgs': CMAKE_PREFIX_PATH=/opt/ros/galactic:${CMAKE_PREFIX_PATH} /usr/bin/cmake --build /media/jared/32GB3/home/epos_ws/src/epos_ros2/build/epos_ros2_msgs -- -j4 -l4
[3.800s] [35m[1mScanning dependencies of target epos_ros2_msgs__cpp[0m
[3.809s] [  2%] [34m[1mGenerating C code for ROS interfaces[0m
[3.859s] [  5%] [34m[1mGenerating C++ code for ROS interfaces[0m
[4.668s] [  5%] Built target epos_ros2_msgs__cpp
[4.744s] [  7%] [34m[1mGenerating C++ type support dispatch for ROS interfaces[0m
[4.755s] [ 10%] [34m[1mGenerating C++ introspection for ROS interfaces[0m
[4.766s] [ 12%] [34m[1mGenerating C++ type support for eProsima Fast-RTPS[0m
[4.798s] [35m[1mScanning dependencies of target epos_ros2_msgs__rosidl_generator_c[0m
[4.990s] [ 15%] [32mBuilding C object CMakeFiles/epos_ros2_msgs__rosidl_generator_c.dir/rosidl_generator_c/epos_ros2_msgs/msg/detail/motor_command__functions.c.o[0m
[5.224s] [ 17%] [32mBuilding C object CMakeFiles/epos_ros2_msgs__rosidl_generator_c.dir/rosidl_generator_c/epos_ros2_msgs/msg/detail/motor_commands__functions.c.o[0m
[5.497s] [ 20%] [32m[1mLinking C shared library libepos_ros2_msgs__rosidl_generator_c.so[0m
[5.760s] [35m[1mScanning dependencies of target epos_ros2_msgs__rosidl_typesupport_cpp[0m
[5.848s] [ 20%] Built target epos_ros2_msgs__rosidl_generator_c
[6.006s] [35m[1mScanning dependencies of target epos_ros2_msgs__rosidl_typesupport_introspection_cpp[0m
[6.022s] [ 23%] [32mBuilding CXX object CMakeFiles/epos_ros2_msgs__rosidl_typesupport_cpp.dir/rosidl_typesupport_cpp/epos_ros2_msgs/msg/motor_command__type_support.cpp.o[0m
[6.044s] [ 25%] [34m[1mGenerating C introspection for ROS interfaces[0m
[6.095s] [35m[1mScanning dependencies of target epos_ros2_msgs__rosidl_typesupport_fastrtps_cpp[0m
[6.202s] [ 28%] [32mBuilding CXX object CMakeFiles/epos_ros2_msgs__rosidl_typesupport_introspection_cpp.dir/rosidl_typesupport_introspection_cpp/epos_ros2_msgs/msg/detail/motor_command__type_support.cpp.o[0m
[6.265s] [ 30%] [32mBuilding CXX object CMakeFiles/epos_ros2_msgs__rosidl_typesupport_fastrtps_cpp.dir/rosidl_typesupport_fastrtps_cpp/epos_ros2_msgs/msg/detail/dds_fastrtps/motor_command__type_support.cpp.o[0m
[7.076s] [35m[1mScanning dependencies of target epos_ros2_msgs__rosidl_typesupport_introspection_c[0m
[7.252s] [ 35%] [32mBuilding C object CMakeFiles/epos_ros2_msgs__rosidl_typesupport_introspection_c.dir/rosidl_typesupport_introspection_c/epos_ros2_msgs/msg/detail/motor_command__type_support.c.o[0m
[7.273s] [ 35%] [32mBuilding CXX object CMakeFiles/epos_ros2_msgs__rosidl_typesupport_introspection_cpp.dir/rosidl_typesupport_introspection_cpp/epos_ros2_msgs/msg/detail/motor_commands__type_support.cpp.o[0m
[7.326s] [ 38%] [32mBuilding CXX object CMakeFiles/epos_ros2_msgs__rosidl_typesupport_cpp.dir/rosidl_typesupport_cpp/epos_ros2_msgs/msg/motor_commands__type_support.cpp.o[0m
[7.556s] [ 41%] [32mBuilding C object CMakeFiles/epos_ros2_msgs__rosidl_typesupport_introspection_c.dir/rosidl_typesupport_introspection_c/epos_ros2_msgs/msg/detail/motor_commands__type_support.c.o[0m
[7.722s] [ 43%] [32mBuilding CXX object CMakeFiles/epos_ros2_msgs__rosidl_typesupport_fastrtps_cpp.dir/rosidl_typesupport_fastrtps_cpp/epos_ros2_msgs/msg/detail/dds_fastrtps/motor_commands__type_support.cpp.o[0m
[7.768s] [ 46%] [32m[1mLinking C shared library libepos_ros2_msgs__rosidl_typesupport_introspection_c.so[0m
[8.070s] [ 46%] Built target epos_ros2_msgs__rosidl_typesupport_introspection_c
[8.185s] [ 48%] [34m[1mGenerating C type support dispatch for ROS interfaces[0m
[8.480s] [ 51%] [32m[1mLinking CXX shared library libepos_ros2_msgs__rosidl_typesupport_cpp.so[0m
[8.488s] [ 53%] [32m[1mLinking CXX shared library libepos_ros2_msgs__rosidl_typesupport_introspection_cpp.so[0m
[8.826s] [ 53%] Built target epos_ros2_msgs__rosidl_typesupport_cpp
[8.988s] [ 53%] Built target epos_ros2_msgs__rosidl_typesupport_introspection_cpp
[9.053s] [35m[1mScanning dependencies of target epos_ros2_msgs__rosidl_typesupport_c[0m
[9.147s] [ 56%] [32mBuilding CXX object CMakeFiles/epos_ros2_msgs__rosidl_typesupport_c.dir/rosidl_typesupport_c/epos_ros2_msgs/msg/motor_commands__type_support.cpp.o[0m
[9.185s] [ 58%] [32mBuilding CXX object CMakeFiles/epos_ros2_msgs__rosidl_typesupport_c.dir/rosidl_typesupport_c/epos_ros2_msgs/msg/motor_command__type_support.cpp.o[0m
[9.188s] [ 61%] [32m[1mLinking CXX shared library libepos_ros2_msgs__rosidl_typesupport_fastrtps_cpp.so[0m
[9.350s] [ 64%] [32m[1mLinking CXX shared library libepos_ros2_msgs__rosidl_typesupport_c.so[0m
[9.471s] [ 64%] Built target epos_ros2_msgs__rosidl_typesupport_fastrtps_cpp
[9.526s] [ 64%] Built target epos_ros2_msgs__rosidl_typesupport_c
[9.535s] [ 66%] [34m[1mGenerating C type support for eProsima Fast-RTPS[0m
[10.066s] [35m[1mScanning dependencies of target epos_ros2_msgs__rosidl_typesupport_fastrtps_c[0m
[10.151s] [ 69%] [32mBuilding CXX object CMakeFiles/epos_ros2_msgs__rosidl_typesupport_fastrtps_c.dir/rosidl_typesupport_fastrtps_c/epos_ros2_msgs/msg/detail/motor_command__type_support_c.cpp.o[0m
[10.163s] [ 71%] [32mBuilding CXX object CMakeFiles/epos_ros2_msgs__rosidl_typesupport_fastrtps_c.dir/rosidl_typesupport_fastrtps_c/epos_ros2_msgs/msg/detail/motor_commands__type_support_c.cpp.o[0m
[11.132s] [ 74%] [32m[1mLinking CXX shared library libepos_ros2_msgs__rosidl_typesupport_fastrtps_c.so[0m
[11.361s] [ 74%] Built target epos_ros2_msgs__rosidl_typesupport_fastrtps_c
[11.395s] [35m[1mScanning dependencies of target epos_ros2_msgs[0m
[11.442s] [ 74%] Built target epos_ros2_msgs
[11.476s] [35m[1mScanning dependencies of target epos_ros2_msgs__py[0m
[11.546s] [ 76%] [34m[1mGenerating Python code for ROS interfaces[0m
[12.463s] [ 76%] Built target epos_ros2_msgs__py
[12.497s] [35m[1mScanning dependencies of target epos_ros2_msgs__python[0m
[12.675s] [ 79%] [32mBuilding C object CMakeFiles/epos_ros2_msgs__python.dir/rosidl_generator_py/epos_ros2_msgs/msg/_motor_commands_s.c.o[0m
[12.697s] [ 82%] [32mBuilding C object CMakeFiles/epos_ros2_msgs__python.dir/rosidl_generator_py/epos_ros2_msgs/msg/_motor_command_s.c.o[0m
[12.983s] [ 84%] [32m[1mLinking C shared library rosidl_generator_py/epos_ros2_msgs/libepos_ros2_msgs__python.so[0m
[13.120s] [ 84%] Built target epos_ros2_msgs__python
[13.171s] [35m[1mScanning dependencies of target epos_ros2_msgs__rosidl_typesupport_introspection_c__pyext[0m
[13.179s] [35m[1mScanning dependencies of target epos_ros2_msgs__rosidl_typesupport_c__pyext[0m
[13.200s] [35m[1mScanning dependencies of target epos_ros2_msgs__rosidl_typesupport_fastrtps_c__pyext[0m
[13.434s] [ 87%] [32mBuilding C object CMakeFiles/epos_ros2_msgs__rosidl_typesupport_introspection_c__pyext.dir/rosidl_generator_py/epos_ros2_msgs/_epos_ros2_msgs_s.ep.rosidl_typesupport_introspection_c.c.o[0m
[13.476s] [ 89%] [32mBuilding C object CMakeFiles/epos_ros2_msgs__rosidl_typesupport_c__pyext.dir/rosidl_generator_py/epos_ros2_msgs/_epos_ros2_msgs_s.ep.rosidl_typesupport_c.c.o[0m
[13.485s] [ 92%] [32mBuilding C object CMakeFiles/epos_ros2_msgs__rosidl_typesupport_fastrtps_c__pyext.dir/rosidl_generator_py/epos_ros2_msgs/_epos_ros2_msgs_s.ep.rosidl_typesupport_fastrtps_c.c.o[0m
[13.892s] [ 94%] [32m[1mLinking C shared library rosidl_generator_py/epos_ros2_msgs/epos_ros2_msgs_s__rosidl_typesupport_introspection_c.cpython-38-x86_64-linux-gnu.so[0m
[13.924s] [ 97%] [32m[1mLinking C shared library rosidl_generator_py/epos_ros2_msgs/epos_ros2_msgs_s__rosidl_typesupport_c.cpython-38-x86_64-linux-gnu.so[0m
[14.010s] [100%] [32m[1mLinking CXX shared library rosidl_generator_py/epos_ros2_msgs/epos_ros2_msgs_s__rosidl_typesupport_fastrtps_c.cpython-38-x86_64-linux-gnu.so[0m
[14.127s] [100%] Built target epos_ros2_msgs__rosidl_typesupport_c__pyext
[14.144s] [100%] Built target epos_ros2_msgs__rosidl_typesupport_introspection_c__pyext
[14.239s] [100%] Built target epos_ros2_msgs__rosidl_typesupport_fastrtps_c__pyext
[14.305s] Invoked command in '/media/jared/32GB3/home/epos_ws/src/epos_ros2/build/epos_ros2_msgs' returned '0': CMAKE_PREFIX_PATH=/opt/ros/galactic:${CMAKE_PREFIX_PATH} /usr/bin/cmake --build /media/jared/32GB3/home/epos_ws/src/epos_ros2/build/epos_ros2_msgs -- -j4 -l4
[14.526s] Invoking command in '/media/jared/32GB3/home/epos_ws/src/epos_ros2/build/epos_ros2_msgs': CMAKE_PREFIX_PATH=/opt/ros/galactic:${CMAKE_PREFIX_PATH} /usr/bin/cmake --install /media/jared/32GB3/home/epos_ws/src/epos_ros2/build/epos_ros2_msgs
[14.566s] -- Install configuration: ""
[14.570s] -- Installing: /media/jared/32GB3/home/epos_ws/src/epos_ros2/install/epos_ros2_msgs/share/ament_index/resource_index/rosidl_interfaces/epos_ros2_msgs
[14.578s] -- Installing: /media/jared/32GB3/home/epos_ws/src/epos_ros2/install/epos_ros2_msgs/include/epos_ros2_msgs
[14.585s] -- Installing: /media/jared/32GB3/home/epos_ws/src/epos_ros2/install/epos_ros2_msgs/include/epos_ros2_msgs/msg
[14.590s] -- Installing: /media/jared/32GB3/home/epos_ws/src/epos_ros2/install/epos_ros2_msgs/include/epos_ros2_msgs/msg/detail
[14.598s] -- Installing: /media/jared/32GB3/home/epos_ws/src/epos_ros2/install/epos_ros2_msgs/include/epos_ros2_msgs/msg/detail/motor_commands__functions.c
[14.607s] -- Installing: /media/jared/32GB3/home/epos_ws/src/epos_ros2/install/epos_ros2_msgs/include/epos_ros2_msgs/msg/detail/motor_commands__functions.h
[14.620s] -- Installing: /media/jared/32GB3/home/epos_ws/src/epos_ros2/install/epos_ros2_msgs/include/epos_ros2_msgs/msg/detail/motor_commands__struct.h
[14.632s] -- Installing: /media/jared/32GB3/home/epos_ws/src/epos_ros2/install/epos_ros2_msgs/include/epos_ros2_msgs/msg/detail/motor_commands__type_support.h
[14.646s] -- Installing: /media/jared/32GB3/home/epos_ws/src/epos_ros2/install/epos_ros2_msgs/include/epos_ros2_msgs/msg/detail/motor_command__functions.c
[14.660s] -- Installing: /media/jared/32GB3/home/epos_ws/src/epos_ros2/install/epos_ros2_msgs/include/epos_ros2_msgs/msg/detail/motor_command__functions.h
[14.675s] -- Installing: /media/jared/32GB3/home/epos_ws/src/epos_ros2/install/epos_ros2_msgs/include/epos_ros2_msgs/msg/detail/motor_command__struct.h
[14.693s] -- Installing: /media/jared/32GB3/home/epos_ws/src/epos_ros2/install/epos_ros2_msgs/include/epos_ros2_msgs/msg/detail/motor_command__type_support.h
[14.709s] -- Installing: /media/jared/32GB3/home/epos_ws/src/epos_ros2/install/epos_ros2_msgs/include/epos_ros2_msgs/msg/motor_command.h
[14.724s] -- Installing: /media/jared/32GB3/home/epos_ws/src/epos_ros2/install/epos_ros2_msgs/include/epos_ros2_msgs/msg/motor_commands.h
[14.738s] -- Installing: /media/jared/32GB3/home/epos_ws/src/epos_ros2/install/epos_ros2_msgs/include/epos_ros2_msgs/msg/rosidl_generator_c__visibility_control.h
[14.752s] -- Installing: /media/jared/32GB3/home/epos_ws/src/epos_ros2/install/epos_ros2_msgs/share/epos_ros2_msgs/environment/library_path.sh
[14.765s] -- Installing: /media/jared/32GB3/home/epos_ws/src/epos_ros2/install/epos_ros2_msgs/share/epos_ros2_msgs/environment/library_path.dsv
[14.778s] -- Installing: /media/jared/32GB3/home/epos_ws/src/epos_ros2/install/epos_ros2_msgs/lib/libepos_ros2_msgs__rosidl_generator_c.so
[14.794s] -- Set runtime path of "/media/jared/32GB3/home/epos_ws/src/epos_ros2/install/epos_ros2_msgs/lib/libepos_ros2_msgs__rosidl_generator_c.so" to ""
[14.797s] -- Up-to-date: /media/jared/32GB3/home/epos_ws/src/epos_ros2/install/epos_ros2_msgs/include/epos_ros2_msgs
[14.802s] -- Up-to-date: /media/jared/32GB3/home/epos_ws/src/epos_ros2/install/epos_ros2_msgs/include/epos_ros2_msgs/msg
[14.807s] -- Up-to-date: /media/jared/32GB3/home/epos_ws/src/epos_ros2/install/epos_ros2_msgs/include/epos_ros2_msgs/msg/detail
[14.814s] -- Installing: /media/jared/32GB3/home/epos_ws/src/epos_ros2/install/epos_ros2_msgs/include/epos_ros2_msgs/msg/detail/motor_commands__rosidl_typesupport_fastrtps_c.h
[14.828s] -- Installing: /media/jared/32GB3/home/epos_ws/src/epos_ros2/install/epos_ros2_msgs/include/epos_ros2_msgs/msg/detail/motor_command__rosidl_typesupport_fastrtps_c.h
[14.841s] -- Installing: /media/jared/32GB3/home/epos_ws/src/epos_ros2/install/epos_ros2_msgs/include/epos_ros2_msgs/msg/rosidl_typesupport_fastrtps_c__visibility_control.h
[14.856s] -- Installing: /media/jared/32GB3/home/epos_ws/src/epos_ros2/install/epos_ros2_msgs/lib/libepos_ros2_msgs__rosidl_typesupport_fastrtps_c.so
[14.868s] -- Set runtime path of "/media/jared/32GB3/home/epos_ws/src/epos_ros2/install/epos_ros2_msgs/lib/libepos_ros2_msgs__rosidl_typesupport_fastrtps_c.so" to ""
[14.871s] -- Up-to-date: /media/jared/32GB3/home/epos_ws/src/epos_ros2/install/epos_ros2_msgs/include/epos_ros2_msgs
[14.875s] -- Up-to-date: /media/jared/32GB3/home/epos_ws/src/epos_ros2/install/epos_ros2_msgs/include/epos_ros2_msgs/msg
[14.879s] -- Up-to-date: /media/jared/32GB3/home/epos_ws/src/epos_ros2/install/epos_ros2_msgs/include/epos_ros2_msgs/msg/detail
[14.884s] -- Installing: /media/jared/32GB3/home/epos_ws/src/epos_ros2/install/epos_ros2_msgs/include/epos_ros2_msgs/msg/detail/dds_fastrtps
[14.893s] -- Installing: /media/jared/32GB3/home/epos_ws/src/epos_ros2/install/epos_ros2_msgs/include/epos_ros2_msgs/msg/detail/motor_commands__rosidl_typesupport_fastrtps_cpp.hpp
[14.906s] -- Installing: /media/jared/32GB3/home/epos_ws/src/epos_ros2/install/epos_ros2_msgs/include/epos_ros2_msgs/msg/detail/motor_command__rosidl_typesupport_fastrtps_cpp.hpp
[14.921s] -- Installing: /media/jared/32GB3/home/epos_ws/src/epos_ros2/install/epos_ros2_msgs/include/epos_ros2_msgs/msg/rosidl_typesupport_fastrtps_cpp__visibility_control.h
[14.934s] -- Installing: /media/jared/32GB3/home/epos_ws/src/epos_ros2/install/epos_ros2_msgs/lib/libepos_ros2_msgs__rosidl_typesupport_fastrtps_cpp.so
[14.947s] -- Set runtime path of "/media/jared/32GB3/home/epos_ws/src/epos_ros2/install/epos_ros2_msgs/lib/libepos_ros2_msgs__rosidl_typesupport_fastrtps_cpp.so" to ""
[14.953s] -- Up-to-date: /media/jared/32GB3/home/epos_ws/src/epos_ros2/install/epos_ros2_msgs/include/epos_ros2_msgs
[14.956s] -- Up-to-date: /media/jared/32GB3/home/epos_ws/src/epos_ros2/install/epos_ros2_msgs/include/epos_ros2_msgs/msg
[14.973s] -- Up-to-date: /media/jared/32GB3/home/epos_ws/src/epos_ros2/install/epos_ros2_msgs/include/epos_ros2_msgs/msg/detail
[14.974s] -- Installing: /media/jared/32GB3/home/epos_ws/src/epos_ros2/install/epos_ros2_msgs/include/epos_ros2_msgs/msg/detail/motor_commands__rosidl_typesupport_introspection_c.h
[14.989s] -- Installing: /media/jared/32GB3/home/epos_ws/src/epos_ros2/install/epos_ros2_msgs/include/epos_ros2_msgs/msg/detail/motor_commands__type_support.c
[15.002s] -- Installing: /media/jared/32GB3/home/epos_ws/src/epos_ros2/install/epos_ros2_msgs/include/epos_ros2_msgs/msg/detail/motor_command__rosidl_typesupport_introspection_c.h
[15.014s] -- Installing: /media/jared/32GB3/home/epos_ws/src/epos_ros2/install/epos_ros2_msgs/include/epos_ros2_msgs/msg/detail/motor_command__type_support.c
[15.020s] -- Installing: /media/jared/32GB3/home/epos_ws/src/epos_ros2/install/epos_ros2_msgs/include/epos_ros2_msgs/msg/rosidl_typesupport_introspection_c__visibility_control.h
[15.026s] -- Installing: /media/jared/32GB3/home/epos_ws/src/epos_ros2/install/epos_ros2_msgs/lib/libepos_ros2_msgs__rosidl_typesupport_introspection_c.so
[15.042s] -- Set runtime path of "/media/jared/32GB3/home/epos_ws/src/epos_ros2/install/epos_ros2_msgs/lib/libepos_ros2_msgs__rosidl_typesupport_introspection_c.so" to ""
[15.046s] -- Installing: /media/jared/32GB3/home/epos_ws/src/epos_ros2/install/epos_ros2_msgs/lib/libepos_ros2_msgs__rosidl_typesupport_c.so
[15.059s] -- Set runtime path of "/media/jared/32GB3/home/epos_ws/src/epos_ros2/install/epos_ros2_msgs/lib/libepos_ros2_msgs__rosidl_typesupport_c.so" to ""
[15.063s] -- Up-to-date: /media/jared/32GB3/home/epos_ws/src/epos_ros2/install/epos_ros2_msgs/include/epos_ros2_msgs
[15.067s] -- Up-to-date: /media/jared/32GB3/home/epos_ws/src/epos_ros2/install/epos_ros2_msgs/include/epos_ros2_msgs/msg
[15.071s] -- Up-to-date: /media/jared/32GB3/home/epos_ws/src/epos_ros2/install/epos_ros2_msgs/include/epos_ros2_msgs/msg/detail
[15.076s] -- Installing: /media/jared/32GB3/home/epos_ws/src/epos_ros2/install/epos_ros2_msgs/include/epos_ros2_msgs/msg/detail/motor_commands__builder.hpp
[15.089s] -- Installing: /media/jared/32GB3/home/epos_ws/src/epos_ros2/install/epos_ros2_msgs/include/epos_ros2_msgs/msg/detail/motor_commands__struct.hpp
[15.099s] -- Installing: /media/jared/32GB3/home/epos_ws/src/epos_ros2/install/epos_ros2_msgs/include/epos_ros2_msgs/msg/detail/motor_commands__traits.hpp
[15.110s] -- Installing: /media/jared/32GB3/home/epos_ws/src/epos_ros2/install/epos_ros2_msgs/include/epos_ros2_msgs/msg/detail/motor_command__builder.hpp
[15.120s] -- Installing: /media/jared/32GB3/home/epos_ws/src/epos_ros2/install/epos_ros2_msgs/include/epos_ros2_msgs/msg/detail/motor_command__struct.hpp
[15.131s] -- Installing: /media/jared/32GB3/home/epos_ws/src/epos_ros2/install/epos_ros2_msgs/include/epos_ros2_msgs/msg/detail/motor_command__traits.hpp
[15.141s] -- Installing: /media/jared/32GB3/home/epos_ws/src/epos_ros2/install/epos_ros2_msgs/include/epos_ros2_msgs/msg/motor_command.hpp
[15.154s] -- Installing: /media/jared/32GB3/home/epos_ws/src/epos_ros2/install/epos_ros2_msgs/include/epos_ros2_msgs/msg/motor_commands.hpp
[15.164s] -- Up-to-date: /media/jared/32GB3/home/epos_ws/src/epos_ros2/install/epos_ros2_msgs/include/epos_ros2_msgs
[15.168s] -- Up-to-date: /media/jared/32GB3/home/epos_ws/src/epos_ros2/install/epos_ros2_msgs/include/epos_ros2_msgs/msg
[15.173s] -- Up-to-date: /media/jared/32GB3/home/epos_ws/src/epos_ros2/install/epos_ros2_msgs/include/epos_ros2_msgs/msg/detail
[15.179s] -- Installing: /media/jared/32GB3/home/epos_ws/src/epos_ros2/install/epos_ros2_msgs/include/epos_ros2_msgs/msg/detail/motor_commands__rosidl_typesupport_introspection_cpp.hpp
[15.189s] -- Installing: /media/jared/32GB3/home/epos_ws/src/epos_ros2/install/epos_ros2_msgs/include/epos_ros2_msgs/msg/detail/motor_commands__type_support.cpp
[15.201s] -- Installing: /media/jared/32GB3/home/epos_ws/src/epos_ros2/install/epos_ros2_msgs/include/epos_ros2_msgs/msg/detail/motor_command__rosidl_typesupport_introspection_cpp.hpp
[15.213s] -- Installing: /media/jared/32GB3/home/epos_ws/src/epos_ros2/install/epos_ros2_msgs/include/epos_ros2_msgs/msg/detail/motor_command__type_support.cpp
[15.237s] -- Installing: /media/jared/32GB3/home/epos_ws/src/epos_ros2/install/epos_ros2_msgs/lib/libepos_ros2_msgs__rosidl_typesupport_introspection_cpp.so
[15.260s] -- Set runtime path of "/media/jared/32GB3/home/epos_ws/src/epos_ros2/install/epos_ros2_msgs/lib/libepos_ros2_msgs__rosidl_typesupport_introspection_cpp.so" to ""
[15.265s] -- Installing: /media/jared/32GB3/home/epos_ws/src/epos_ros2/install/epos_ros2_msgs/lib/libepos_ros2_msgs__rosidl_typesupport_cpp.so
[15.282s] -- Set runtime path of "/media/jared/32GB3/home/epos_ws/src/epos_ros2/install/epos_ros2_msgs/lib/libepos_ros2_msgs__rosidl_typesupport_cpp.so" to ""
[15.288s] -- Installing: /media/jared/32GB3/home/epos_ws/src/epos_ros2/install/epos_ros2_msgs/share/epos_ros2_msgs/environment/pythonpath.sh
[15.297s] -- Installing: /media/jared/32GB3/home/epos_ws/src/epos_ros2/install/epos_ros2_msgs/share/epos_ros2_msgs/environment/pythonpath.dsv
[15.311s] -- Installing: /media/jared/32GB3/home/epos_ws/src/epos_ros2/install/epos_ros2_msgs/lib/python3.8/site-packages/epos_ros2_msgs/__init__.py
[15.442s] Compiling '/media/jared/32GB3/home/epos_ws/src/epos_ros2/install/epos_ros2_msgs/lib/python3.8/site-packages/epos_ros2_msgs/__init__.py'...
[15.453s] -- Installing: /media/jared/32GB3/home/epos_ws/src/epos_ros2/install/epos_ros2_msgs/lib/python3.8/site-packages/epos_ros2_msgs/msg
[15.467s] -- Installing: /media/jared/32GB3/home/epos_ws/src/epos_ros2/install/epos_ros2_msgs/lib/python3.8/site-packages/epos_ros2_msgs/msg/_motor_command.py
[15.481s] -- Installing: /media/jared/32GB3/home/epos_ws/src/epos_ros2/install/epos_ros2_msgs/lib/python3.8/site-packages/epos_ros2_msgs/msg/_motor_commands.py
[15.494s] -- Installing: /media/jared/32GB3/home/epos_ws/src/epos_ros2/install/epos_ros2_msgs/lib/python3.8/site-packages/epos_ros2_msgs/msg/_motor_commands_s.c
[15.505s] -- Installing: /media/jared/32GB3/home/epos_ws/src/epos_ros2/install/epos_ros2_msgs/lib/python3.8/site-packages/epos_ros2_msgs/msg/_motor_command_s.c
[15.517s] -- Installing: /media/jared/32GB3/home/epos_ws/src/epos_ros2/install/epos_ros2_msgs/lib/python3.8/site-packages/epos_ros2_msgs/msg/__init__.py
[15.531s] -- Installing: /media/jared/32GB3/home/epos_ws/src/epos_ros2/install/epos_ros2_msgs/lib/python3.8/site-packages/epos_ros2_msgs/epos_ros2_msgs_s__rosidl_typesupport_fastrtps_c.cpython-38-x86_64-linux-gnu.so
[15.544s] -- Set runtime path of "/media/jared/32GB3/home/epos_ws/src/epos_ros2/install/epos_ros2_msgs/lib/python3.8/site-packages/epos_ros2_msgs/epos_ros2_msgs_s__rosidl_typesupport_fastrtps_c.cpython-38-x86_64-linux-gnu.so" to ""
[15.552s] -- Installing: /media/jared/32GB3/home/epos_ws/src/epos_ros2/install/epos_ros2_msgs/lib/python3.8/site-packages/epos_ros2_msgs/epos_ros2_msgs_s__rosidl_typesupport_introspection_c.cpython-38-x86_64-linux-gnu.so
[15.569s] -- Set runtime path of "/media/jared/32GB3/home/epos_ws/src/epos_ros2/install/epos_ros2_msgs/lib/python3.8/site-packages/epos_ros2_msgs/epos_ros2_msgs_s__rosidl_typesupport_introspection_c.cpython-38-x86_64-linux-gnu.so" to ""
[15.575s] -- Installing: /media/jared/32GB3/home/epos_ws/src/epos_ros2/install/epos_ros2_msgs/lib/python3.8/site-packages/epos_ros2_msgs/epos_ros2_msgs_s__rosidl_typesupport_c.cpython-38-x86_64-linux-gnu.so
[15.593s] -- Set runtime path of "/media/jared/32GB3/home/epos_ws/src/epos_ros2/install/epos_ros2_msgs/lib/python3.8/site-packages/epos_ros2_msgs/epos_ros2_msgs_s__rosidl_typesupport_c.cpython-38-x86_64-linux-gnu.so" to ""
[15.600s] -- Installing: /media/jared/32GB3/home/epos_ws/src/epos_ros2/install/epos_ros2_msgs/lib/libepos_ros2_msgs__python.so
[15.614s] -- Set runtime path of "/media/jared/32GB3/home/epos_ws/src/epos_ros2/install/epos_ros2_msgs/lib/libepos_ros2_msgs__python.so" to ""
[15.619s] -- Installing: /media/jared/32GB3/home/epos_ws/src/epos_ros2/install/epos_ros2_msgs/share/epos_ros2_msgs/msg/MotorCommand.idl
[15.630s] -- Installing: /media/jared/32GB3/home/epos_ws/src/epos_ros2/install/epos_ros2_msgs/share/epos_ros2_msgs/msg/MotorCommands.idl
[15.639s] -- Installing: /media/jared/32GB3/home/epos_ws/src/epos_ros2/install/epos_ros2_msgs/share/epos_ros2_msgs/msg/MotorCommand.msg
[15.647s] -- Installing: /media/jared/32GB3/home/epos_ws/src/epos_ros2/install/epos_ros2_msgs/share/epos_ros2_msgs/msg/MotorCommands.msg
[15.658s] -- Installing: /media/jared/32GB3/home/epos_ws/src/epos_ros2/install/epos_ros2_msgs/share/ament_index/resource_index/package_run_dependencies/epos_ros2_msgs
[15.671s] -- Installing: /media/jared/32GB3/home/epos_ws/src/epos_ros2/install/epos_ros2_msgs/share/ament_index/resource_index/parent_prefix_path/epos_ros2_msgs
[15.681s] -- Installing: /media/jared/32GB3/home/epos_ws/src/epos_ros2/install/epos_ros2_msgs/share/epos_ros2_msgs/environment/ament_prefix_path.sh
[15.689s] -- Installing: /media/jared/32GB3/home/epos_ws/src/epos_ros2/install/epos_ros2_msgs/share/epos_ros2_msgs/environment/ament_prefix_path.dsv
[15.697s] -- Installing: /media/jared/32GB3/home/epos_ws/src/epos_ros2/install/epos_ros2_msgs/share/epos_ros2_msgs/environment/path.sh
[15.706s] -- Installing: /media/jared/32GB3/home/epos_ws/src/epos_ros2/install/epos_ros2_msgs/share/epos_ros2_msgs/environment/path.dsv
[15.716s] -- Installing: /media/jared/32GB3/home/epos_ws/src/epos_ros2/install/epos_ros2_msgs/share/epos_ros2_msgs/local_setup.bash
[15.726s] -- Installing: /media/jared/32GB3/home/epos_ws/src/epos_ros2/install/epos_ros2_msgs/share/epos_ros2_msgs/local_setup.sh
[15.735s] -- Installing: /media/jared/32GB3/home/epos_ws/src/epos_ros2/install/epos_ros2_msgs/share/epos_ros2_msgs/local_setup.zsh
[15.744s] -- Installing: /media/jared/32GB3/home/epos_ws/src/epos_ros2/install/epos_ros2_msgs/share/epos_ros2_msgs/local_setup.dsv
[15.755s] -- Installing: /media/jared/32GB3/home/epos_ws/src/epos_ros2/install/epos_ros2_msgs/share/epos_ros2_msgs/package.dsv
[15.771s] -- Installing: /media/jared/32GB3/home/epos_ws/src/epos_ros2/install/epos_ros2_msgs/share/ament_index/resource_index/packages/epos_ros2_msgs
[15.789s] -- Installing: /media/jared/32GB3/home/epos_ws/src/epos_ros2/install/epos_ros2_msgs/share/epos_ros2_msgs/cmake/epos_ros2_msgs__rosidl_generator_cExport.cmake
[15.803s] -- Installing: /media/jared/32GB3/home/epos_ws/src/epos_ros2/install/epos_ros2_msgs/share/epos_ros2_msgs/cmake/epos_ros2_msgs__rosidl_generator_cExport-noconfig.cmake
[15.818s] -- Installing: /media/jared/32GB3/home/epos_ws/src/epos_ros2/install/epos_ros2_msgs/share/epos_ros2_msgs/cmake/epos_ros2_msgs__rosidl_typesupport_introspection_cExport.cmake
[15.835s] -- Installing: /media/jared/32GB3/home/epos_ws/src/epos_ros2/install/epos_ros2_msgs/share/epos_ros2_msgs/cmake/epos_ros2_msgs__rosidl_typesupport_introspection_cExport-noconfig.cmake
[15.849s] -- Installing: /media/jared/32GB3/home/epos_ws/src/epos_ros2/install/epos_ros2_msgs/share/epos_ros2_msgs/cmake/epos_ros2_msgs__rosidl_typesupport_cExport.cmake
[15.864s] -- Installing: /media/jared/32GB3/home/epos_ws/src/epos_ros2/install/epos_ros2_msgs/share/epos_ros2_msgs/cmake/epos_ros2_msgs__rosidl_typesupport_cExport-noconfig.cmake
[15.877s] -- Installing: /media/jared/32GB3/home/epos_ws/src/epos_ros2/install/epos_ros2_msgs/share/epos_ros2_msgs/cmake/epos_ros2_msgs__rosidl_generator_cppExport.cmake
[15.893s] -- Installing: /media/jared/32GB3/home/epos_ws/src/epos_ros2/install/epos_ros2_msgs/share/epos_ros2_msgs/cmake/epos_ros2_msgs__rosidl_typesupport_introspection_cppExport.cmake
[15.912s] -- Installing: /media/jared/32GB3/home/epos_ws/src/epos_ros2/install/epos_ros2_msgs/share/epos_ros2_msgs/cmake/epos_ros2_msgs__rosidl_typesupport_introspection_cppExport-noconfig.cmake
[15.927s] -- Installing: /media/jared/32GB3/home/epos_ws/src/epos_ros2/install/epos_ros2_msgs/share/epos_ros2_msgs/cmake/epos_ros2_msgs__rosidl_typesupport_cppExport.cmake
[15.944s] -- Installing: /media/jared/32GB3/home/epos_ws/src/epos_ros2/install/epos_ros2_msgs/share/epos_ros2_msgs/cmake/epos_ros2_msgs__rosidl_typesupport_cppExport-noconfig.cmake
[15.959s] -- Installing: /media/jared/32GB3/home/epos_ws/src/epos_ros2/install/epos_ros2_msgs/share/epos_ros2_msgs/cmake/rosidl_cmake-extras.cmake
[15.973s] -- Installing: /media/jared/32GB3/home/epos_ws/src/epos_ros2/install/epos_ros2_msgs/share/epos_ros2_msgs/cmake/ament_cmake_export_dependencies-extras.cmake
[15.985s] -- Installing: /media/jared/32GB3/home/epos_ws/src/epos_ros2/install/epos_ros2_msgs/share/epos_ros2_msgs/cmake/ament_cmake_export_libraries-extras.cmake
[15.997s] -- Installing: /media/jared/32GB3/home/epos_ws/src/epos_ros2/install/epos_ros2_msgs/share/epos_ros2_msgs/cmake/ament_cmake_export_targets-extras.cmake
[16.007s] -- Installing: /media/jared/32GB3/home/epos_ws/src/epos_ros2/install/epos_ros2_msgs/share/epos_ros2_msgs/cmake/ament_cmake_export_include_directories-extras.cmake
[16.031s] -- Installing: /media/jared/32GB3/home/epos_ws/src/epos_ros2/install/epos_ros2_msgs/share/epos_ros2_msgs/cmake/rosidl_cmake_export_typesupport_libraries-extras.cmake
[16.044s] -- Installing: /media/jared/32GB3/home/epos_ws/src/epos_ros2/install/epos_ros2_msgs/share/epos_ros2_msgs/cmake/rosidl_cmake_export_typesupport_targets-extras.cmake
[16.068s] -- Installing: /media/jared/32GB3/home/epos_ws/src/epos_ros2/install/epos_ros2_msgs/share/epos_ros2_msgs/cmake/epos_ros2_msgsConfig.cmake
[16.090s] -- Installing: /media/jared/32GB3/home/epos_ws/src/epos_ros2/install/epos_ros2_msgs/share/epos_ros2_msgs/cmake/epos_ros2_msgsConfig-version.cmake
[16.104s] -- Installing: /media/jared/32GB3/home/epos_ws/src/epos_ros2/install/epos_ros2_msgs/share/epos_ros2_msgs/package.xml
[16.133s] Invoked command in '/media/jared/32GB3/home/epos_ws/src/epos_ros2/build/epos_ros2_msgs' returned '0': CMAKE_PREFIX_PATH=/opt/ros/galactic:${CMAKE_PREFIX_PATH} /usr/bin/cmake --install /media/jared/32GB3/home/epos_ws/src/epos_ros2/build/epos_ros2_msgs
