[0.431s] DEBUG:colcon:Command line arguments: ['/usr/bin/colcon', 'build']
[0.431s] DEBUG:colcon:Parsed command line arguments: Namespace(ament_cmake_args=None, base_paths=['.'], build_base='build', catkin_cmake_args=None, catkin_skip_building_tests=False, cmake_args=None, cmake_clean_cache=False, cmake_clean_first=False, cmake_force_configure=False, cmake_target=None, cmake_target_skip_unavailable=False, continue_on_error=False, event_handlers=None, executor='parallel', ignore_user_meta=False, install_base='install', log_base=None, log_level=None, main=<bound method BuildVerb.main of <colcon_core.verb.build.BuildVerb object at 0x7f4e2c92f2e0>>, merge_install=False, metas=['./colcon.meta'], packages_above=None, packages_above_and_dependencies=None, packages_above_depth=None, packages_end=None, packages_ignore=None, packages_ignore_regex=None, packages_select=None, packages_select_build_failed=False, packages_select_by_dep=None, packages_select_regex=None, packages_select_test_failures=False, packages_skip=None, packages_skip_build_finished=False, packages_skip_by_dep=None, packages_skip_regex=None, packages_skip_test_passed=False, packages_skip_up_to=None, packages_start=None, packages_up_to=None, packages_up_to_regex=None, parallel_workers=4, paths=None, symlink_install=False, test_result_base=None, verb_extension=<colcon_core.verb.build.BuildVerb object at 0x7f4e2c92f2e0>, verb_name='build', verb_parser=<colcon_defaults.argument_parser.defaults.DefaultArgumentsDecorator object at 0x7f4e2c92f820>)
[0.444s] Level 1:colcon.colcon_core.package_discovery:discover_packages(colcon_meta) check parameters
[0.444s] Level 1:colcon.colcon_core.package_discovery:discover_packages(recursive) check parameters
[0.444s] Level 1:colcon.colcon_core.package_discovery:discover_packages(ignore) check parameters
[0.444s] Level 1:colcon.colcon_core.package_discovery:discover_packages(path) check parameters
[0.444s] Level 1:colcon.colcon_core.package_discovery:discover_packages(colcon_meta) discover
[0.445s] Level 1:colcon.colcon_core.package_discovery:discover_packages(recursive) discover
[0.445s] INFO:colcon.colcon_core.package_discovery:Crawling recursively for packages in '/media/jared/32GB3/home/epos_ws/src/epos_ros2'
[0.445s] Level 1:colcon.colcon_core.package_identification:_identify(.) by extensions ['ignore', 'ignore_ament_install']
[0.445s] Level 1:colcon.colcon_core.package_identification:_identify(.) by extension 'ignore'
[0.445s] Level 1:colcon.colcon_core.package_identification:_identify(.) by extension 'ignore_ament_install'
[0.446s] Level 1:colcon.colcon_core.package_identification:_identify(.) by extensions ['colcon_pkg']
[0.446s] Level 1:colcon.colcon_core.package_identification:_identify(.) by extension 'colcon_pkg'
[0.446s] Level 1:colcon.colcon_core.package_identification:_identify(.) by extensions ['colcon_meta']
[0.446s] Level 1:colcon.colcon_core.package_identification:_identify(.) by extension 'colcon_meta'
[0.446s] Level 1:colcon.colcon_core.package_identification:_identify(.) by extensions ['ros']
[0.446s] Level 1:colcon.colcon_core.package_identification:_identify(.) by extension 'ros'
[0.462s] Level 1:colcon.colcon_core.package_identification:_identify(.) by extensions ['cmake', 'python']
[0.462s] Level 1:colcon.colcon_core.package_identification:_identify(.) by extension 'cmake'
[0.463s] Level 1:colcon.colcon_core.package_identification:_identify(.) by extension 'python'
[0.463s] Level 1:colcon.colcon_core.package_identification:_identify(.) by extensions ['python_setup_py']
[0.463s] Level 1:colcon.colcon_core.package_identification:_identify(.) by extension 'python_setup_py'
[0.463s] Level 1:colcon.colcon_core.package_identification:_identify(build) by extensions ['ignore', 'ignore_ament_install']
[0.464s] Level 1:colcon.colcon_core.package_identification:_identify(build) by extension 'ignore'
[0.464s] Level 1:colcon.colcon_core.package_identification:_identify(build) ignored
[0.464s] Level 1:colcon.colcon_core.package_identification:_identify(documents) by extensions ['ignore', 'ignore_ament_install']
[0.464s] Level 1:colcon.colcon_core.package_identification:_identify(documents) by extension 'ignore'
[0.465s] Level 1:colcon.colcon_core.package_identification:_identify(documents) by extension 'ignore_ament_install'
[0.465s] Level 1:colcon.colcon_core.package_identification:_identify(documents) by extensions ['colcon_pkg']
[0.465s] Level 1:colcon.colcon_core.package_identification:_identify(documents) by extension 'colcon_pkg'
[0.465s] Level 1:colcon.colcon_core.package_identification:_identify(documents) by extensions ['colcon_meta']
[0.465s] Level 1:colcon.colcon_core.package_identification:_identify(documents) by extension 'colcon_meta'
[0.466s] Level 1:colcon.colcon_core.package_identification:_identify(documents) by extensions ['ros']
[0.466s] Level 1:colcon.colcon_core.package_identification:_identify(documents) by extension 'ros'
[0.467s] Level 1:colcon.colcon_core.package_identification:_identify(documents) by extensions ['cmake', 'python']
[0.467s] Level 1:colcon.colcon_core.package_identification:_identify(documents) by extension 'cmake'
[0.467s] Level 1:colcon.colcon_core.package_identification:_identify(documents) by extension 'python'
[0.467s] Level 1:colcon.colcon_core.package_identification:_identify(documents) by extensions ['python_setup_py']
[0.467s] Level 1:colcon.colcon_core.package_identification:_identify(documents) by extension 'python_setup_py'
[0.468s] Level 1:colcon.colcon_core.package_identification:_identify(epos_ros2) by extensions ['ignore', 'ignore_ament_install']
[0.468s] Level 1:colcon.colcon_core.package_identification:_identify(epos_ros2) by extension 'ignore'
[0.468s] Level 1:colcon.colcon_core.package_identification:_identify(epos_ros2) by extension 'ignore_ament_install'
[0.468s] Level 1:colcon.colcon_core.package_identification:_identify(epos_ros2) by extensions ['colcon_pkg']
[0.468s] Level 1:colcon.colcon_core.package_identification:_identify(epos_ros2) by extension 'colcon_pkg'
[0.468s] Level 1:colcon.colcon_core.package_identification:_identify(epos_ros2) by extensions ['colcon_meta']
[0.469s] Level 1:colcon.colcon_core.package_identification:_identify(epos_ros2) by extension 'colcon_meta'
[0.469s] Level 1:colcon.colcon_core.package_identification:_identify(epos_ros2) by extensions ['ros']
[0.469s] Level 1:colcon.colcon_core.package_identification:_identify(epos_ros2) by extension 'ros'
[0.473s] DEBUG:colcon.colcon_core.package_identification:Package 'epos_ros2' with type 'ros.ament_cmake' and name 'epos_ros2'
[0.473s] Level 1:colcon.colcon_core.package_identification:_identify(epos_ros2_msgs) by extensions ['ignore', 'ignore_ament_install']
[0.473s] Level 1:colcon.colcon_core.package_identification:_identify(epos_ros2_msgs) by extension 'ignore'
[0.474s] Level 1:colcon.colcon_core.package_identification:_identify(epos_ros2_msgs) by extension 'ignore_ament_install'
[0.474s] Level 1:colcon.colcon_core.package_identification:_identify(epos_ros2_msgs) by extensions ['colcon_pkg']
[0.474s] Level 1:colcon.colcon_core.package_identification:_identify(epos_ros2_msgs) by extension 'colcon_pkg'
[0.474s] Level 1:colcon.colcon_core.package_identification:_identify(epos_ros2_msgs) by extensions ['colcon_meta']
[0.474s] Level 1:colcon.colcon_core.package_identification:_identify(epos_ros2_msgs) by extension 'colcon_meta'
[0.474s] Level 1:colcon.colcon_core.package_identification:_identify(epos_ros2_msgs) by extensions ['ros']
[0.474s] Level 1:colcon.colcon_core.package_identification:_identify(epos_ros2_msgs) by extension 'ros'
[0.476s] DEBUG:colcon.colcon_core.package_identification:Package 'epos_ros2_msgs' with type 'ros.ament_cmake' and name 'epos_ros2_msgs'
[0.476s] Level 1:colcon.colcon_core.package_identification:_identify(install) by extensions ['ignore', 'ignore_ament_install']
[0.476s] Level 1:colcon.colcon_core.package_identification:_identify(install) by extension 'ignore'
[0.477s] Level 1:colcon.colcon_core.package_identification:_identify(install) ignored
[0.477s] Level 1:colcon.colcon_core.package_identification:_identify(log) by extensions ['ignore', 'ignore_ament_install']
[0.478s] Level 1:colcon.colcon_core.package_identification:_identify(log) by extension 'ignore'
[0.478s] Level 1:colcon.colcon_core.package_identification:_identify(log) ignored
[0.478s] Level 1:colcon.colcon_core.package_discovery:discover_packages(recursive) using defaults
[0.478s] Level 1:colcon.colcon_core.package_discovery:discover_packages(ignore) discover
[0.479s] Level 1:colcon.colcon_core.package_discovery:discover_packages(ignore) using defaults
[0.479s] Level 1:colcon.colcon_core.package_discovery:discover_packages(path) discover
[0.479s] Level 1:colcon.colcon_core.package_discovery:discover_packages(path) using defaults
[0.510s] Level 5:colcon.colcon_core.verb:set package 'epos_ros2_msgs' build argument 'cmake_args' from command line to 'None'
[0.511s] Level 5:colcon.colcon_core.verb:set package 'epos_ros2_msgs' build argument 'cmake_target' from command line to 'None'
[0.511s] Level 5:colcon.colcon_core.verb:set package 'epos_ros2_msgs' build argument 'cmake_target_skip_unavailable' from command line to 'False'
[0.511s] Level 5:colcon.colcon_core.verb:set package 'epos_ros2_msgs' build argument 'cmake_clean_cache' from command line to 'False'
[0.511s] Level 5:colcon.colcon_core.verb:set package 'epos_ros2_msgs' build argument 'cmake_clean_first' from command line to 'False'
[0.511s] Level 5:colcon.colcon_core.verb:set package 'epos_ros2_msgs' build argument 'cmake_force_configure' from command line to 'False'
[0.511s] Level 5:colcon.colcon_core.verb:set package 'epos_ros2_msgs' build argument 'ament_cmake_args' from command line to 'None'
[0.512s] Level 5:colcon.colcon_core.verb:set package 'epos_ros2_msgs' build argument 'catkin_cmake_args' from command line to 'None'
[0.512s] Level 5:colcon.colcon_core.verb:set package 'epos_ros2_msgs' build argument 'catkin_skip_building_tests' from command line to 'False'
[0.512s] DEBUG:colcon.colcon_core.verb:Building package 'epos_ros2_msgs' with the following arguments: {'ament_cmake_args': None, 'build_base': '/media/jared/32GB3/home/epos_ws/src/epos_ros2/build/epos_ros2_msgs', 'catkin_cmake_args': None, 'catkin_skip_building_tests': False, 'cmake_args': None, 'cmake_clean_cache': False, 'cmake_clean_first': False, 'cmake_force_configure': False, 'cmake_target': None, 'cmake_target_skip_unavailable': False, 'install_base': '/media/jared/32GB3/home/epos_ws/src/epos_ros2/install/epos_ros2_msgs', 'merge_install': False, 'path': '/media/jared/32GB3/home/epos_ws/src/epos_ros2/epos_ros2_msgs', 'symlink_install': False, 'test_result_base': None}
[0.516s] Level 5:colcon.colcon_core.verb:set package 'epos_ros2' build argument 'cmake_args' from command line to 'None'
[0.516s] Level 5:colcon.colcon_core.verb:set package 'epos_ros2' build argument 'cmake_target' from command line to 'None'
[0.516s] Level 5:colcon.colcon_core.verb:set package 'epos_ros2' build argument 'cmake_target_skip_unavailable' from command line to 'False'
[0.516s] Level 5:colcon.colcon_core.verb:set package 'epos_ros2' build argument 'cmake_clean_cache' from command line to 'False'
[0.516s] Level 5:colcon.colcon_core.verb:set package 'epos_ros2' build argument 'cmake_clean_first' from command line to 'False'
[0.517s] Level 5:colcon.colcon_core.verb:set package 'epos_ros2' build argument 'cmake_force_configure' from command line to 'False'
[0.517s] Level 5:colcon.colcon_core.verb:set package 'epos_ros2' build argument 'ament_cmake_args' from command line to 'None'
[0.517s] Level 5:colcon.colcon_core.verb:set package 'epos_ros2' build argument 'catkin_cmake_args' from command line to 'None'
[0.517s] Level 5:colcon.colcon_core.verb:set package 'epos_ros2' build argument 'catkin_skip_building_tests' from command line to 'False'
[0.517s] DEBUG:colcon.colcon_core.verb:Building package 'epos_ros2' with the following arguments: {'ament_cmake_args': None, 'build_base': '/media/jared/32GB3/home/epos_ws/src/epos_ros2/build/epos_ros2', 'catkin_cmake_args': None, 'catkin_skip_building_tests': False, 'cmake_args': None, 'cmake_clean_cache': False, 'cmake_clean_first': False, 'cmake_force_configure': False, 'cmake_target': None, 'cmake_target_skip_unavailable': False, 'install_base': '/media/jared/32GB3/home/epos_ws/src/epos_ros2/install/epos_ros2', 'merge_install': False, 'path': '/media/jared/32GB3/home/epos_ws/src/epos_ros2/epos_ros2', 'symlink_install': False, 'test_result_base': None}
[0.518s] INFO:colcon.colcon_core.executor:Executing jobs using 'parallel' executor
[0.522s] DEBUG:colcon.colcon_parallel_executor.executor.parallel:run_until_complete
[0.522s] INFO:colcon.colcon_ros.task.ament_cmake.build:Building ROS package in '/media/jared/32GB3/home/epos_ws/src/epos_ros2/epos_ros2_msgs' with build type 'ament_cmake'
[0.522s] INFO:colcon.colcon_cmake.task.cmake.build:Building CMake package in '/media/jared/32GB3/home/epos_ws/src/epos_ros2/epos_ros2_msgs'
[0.528s] INFO:colcon.colcon_core.plugin_system:Skipping extension 'colcon_core.shell.bat': Not used on non-Windows systems
[0.529s] INFO:colcon.colcon_core.shell:Skip shell extension 'powershell' for command environment: Not usable outside of PowerShell
[0.529s] DEBUG:colcon.colcon_core.shell:Skip shell extension 'dsv' for command environment
[0.533s] DEBUG:colcon.colcon_core.shell:Ignoring prefix path '/opt/ros/galactic'
[0.533s] DEBUG:colcon.colcon_core.shell:Ignoring prefix path '/opt/ros/noetic'
[0.557s] DEBUG:colcon.colcon_core.event_handler.log_command:Invoking command in '/media/jared/32GB3/home/epos_ws/src/epos_ros2/build/epos_ros2_msgs': CMAKE_PREFIX_PATH=/opt/ros/galactic:${CMAKE_PREFIX_PATH} /usr/bin/cmake /media/jared/32GB3/home/epos_ws/src/epos_ros2/epos_ros2_msgs -DCMAKE_INSTALL_PREFIX=/media/jared/32GB3/home/epos_ws/src/epos_ros2/install/epos_ros2_msgs
[4.154s] DEBUG:colcon.colcon_core.event_handler.log_command:Invoked command in '/media/jared/32GB3/home/epos_ws/src/epos_ros2/build/epos_ros2_msgs' returned '0': CMAKE_PREFIX_PATH=/opt/ros/galactic:${CMAKE_PREFIX_PATH} /usr/bin/cmake /media/jared/32GB3/home/epos_ws/src/epos_ros2/epos_ros2_msgs -DCMAKE_INSTALL_PREFIX=/media/jared/32GB3/home/epos_ws/src/epos_ros2/install/epos_ros2_msgs
[4.160s] DEBUG:colcon.colcon_core.event_handler.log_command:Invoking command in '/media/jared/32GB3/home/epos_ws/src/epos_ros2/build/epos_ros2_msgs': CMAKE_PREFIX_PATH=/opt/ros/galactic:${CMAKE_PREFIX_PATH} /usr/bin/cmake --build /media/jared/32GB3/home/epos_ws/src/epos_ros2/build/epos_ros2_msgs -- -j4 -l4
[14.829s] DEBUG:colcon.colcon_core.event_handler.log_command:Invoked command in '/media/jared/32GB3/home/epos_ws/src/epos_ros2/build/epos_ros2_msgs' returned '0': CMAKE_PREFIX_PATH=/opt/ros/galactic:${CMAKE_PREFIX_PATH} /usr/bin/cmake --build /media/jared/32GB3/home/epos_ws/src/epos_ros2/build/epos_ros2_msgs -- -j4 -l4
[15.051s] DEBUG:colcon.colcon_core.event_handler.log_command:Invoking command in '/media/jared/32GB3/home/epos_ws/src/epos_ros2/build/epos_ros2_msgs': CMAKE_PREFIX_PATH=/opt/ros/galactic:${CMAKE_PREFIX_PATH} /usr/bin/cmake --install /media/jared/32GB3/home/epos_ws/src/epos_ros2/build/epos_ros2_msgs
[16.644s] Level 1:colcon.colcon_core.environment:create_environment_scripts_only(epos_ros2_msgs)
[16.656s] DEBUG:colcon.colcon_core.event_handler.log_command:Invoked command in '/media/jared/32GB3/home/epos_ws/src/epos_ros2/build/epos_ros2_msgs' returned '0': CMAKE_PREFIX_PATH=/opt/ros/galactic:${CMAKE_PREFIX_PATH} /usr/bin/cmake --install /media/jared/32GB3/home/epos_ws/src/epos_ros2/build/epos_ros2_msgs
[16.661s] Level 1:colcon.colcon_core.environment:checking '/media/jared/32GB3/home/epos_ws/src/epos_ros2/install/epos_ros2_msgs' for CMake module files
[16.692s] Level 1:colcon.colcon_core.environment:checking '/media/jared/32GB3/home/epos_ws/src/epos_ros2/install/epos_ros2_msgs' for CMake config files
[16.704s] Level 1:colcon.colcon_core.shell:create_environment_hook('epos_ros2_msgs', 'cmake_prefix_path')
[16.707s] INFO:colcon.colcon_core.shell:Creating environment hook '/media/jared/32GB3/home/epos_ws/src/epos_ros2/install/epos_ros2_msgs/share/epos_ros2_msgs/hook/cmake_prefix_path.ps1'
[16.712s] INFO:colcon.colcon_core.shell:Creating environment descriptor '/media/jared/32GB3/home/epos_ws/src/epos_ros2/install/epos_ros2_msgs/share/epos_ros2_msgs/hook/cmake_prefix_path.dsv'
[16.716s] INFO:colcon.colcon_core.shell:Creating environment hook '/media/jared/32GB3/home/epos_ws/src/epos_ros2/install/epos_ros2_msgs/share/epos_ros2_msgs/hook/cmake_prefix_path.sh'
[16.720s] Level 1:colcon.colcon_core.environment:checking '/media/jared/32GB3/home/epos_ws/src/epos_ros2/install/epos_ros2_msgs/lib'
[16.721s] Level 1:colcon.colcon_core.shell:create_environment_hook('epos_ros2_msgs', 'ld_library_path_lib')
[16.723s] INFO:colcon.colcon_core.shell:Creating environment hook '/media/jared/32GB3/home/epos_ws/src/epos_ros2/install/epos_ros2_msgs/share/epos_ros2_msgs/hook/ld_library_path_lib.ps1'
[16.726s] INFO:colcon.colcon_core.shell:Creating environment descriptor '/media/jared/32GB3/home/epos_ws/src/epos_ros2/install/epos_ros2_msgs/share/epos_ros2_msgs/hook/ld_library_path_lib.dsv'
[16.729s] INFO:colcon.colcon_core.shell:Creating environment hook '/media/jared/32GB3/home/epos_ws/src/epos_ros2/install/epos_ros2_msgs/share/epos_ros2_msgs/hook/ld_library_path_lib.sh'
[16.733s] Level 1:colcon.colcon_core.environment:checking '/media/jared/32GB3/home/epos_ws/src/epos_ros2/install/epos_ros2_msgs/bin'
[16.733s] Level 1:colcon.colcon_core.environment:checking '/media/jared/32GB3/home/epos_ws/src/epos_ros2/install/epos_ros2_msgs/lib/pkgconfig/epos_ros2_msgs.pc'
[16.734s] Level 1:colcon.colcon_core.environment:checking '/media/jared/32GB3/home/epos_ws/src/epos_ros2/install/epos_ros2_msgs/lib/python3.8/site-packages'
[16.735s] Level 1:colcon.colcon_core.shell:create_environment_hook('epos_ros2_msgs', 'pythonpath')
[16.736s] INFO:colcon.colcon_core.shell:Creating environment hook '/media/jared/32GB3/home/epos_ws/src/epos_ros2/install/epos_ros2_msgs/share/epos_ros2_msgs/hook/pythonpath.ps1'
[16.739s] INFO:colcon.colcon_core.shell:Creating environment descriptor '/media/jared/32GB3/home/epos_ws/src/epos_ros2/install/epos_ros2_msgs/share/epos_ros2_msgs/hook/pythonpath.dsv'
[16.742s] INFO:colcon.colcon_core.shell:Creating environment hook '/media/jared/32GB3/home/epos_ws/src/epos_ros2/install/epos_ros2_msgs/share/epos_ros2_msgs/hook/pythonpath.sh'
[16.746s] INFO:colcon.colcon_core.shell:Creating package script '/media/jared/32GB3/home/epos_ws/src/epos_ros2/install/epos_ros2_msgs/share/epos_ros2_msgs/package.ps1'
[16.750s] INFO:colcon.colcon_core.shell:Creating package descriptor '/media/jared/32GB3/home/epos_ws/src/epos_ros2/install/epos_ros2_msgs/share/epos_ros2_msgs/package.dsv'
[16.753s] INFO:colcon.colcon_core.shell:Creating package script '/media/jared/32GB3/home/epos_ws/src/epos_ros2/install/epos_ros2_msgs/share/epos_ros2_msgs/package.sh'
[16.757s] INFO:colcon.colcon_core.shell:Creating package script '/media/jared/32GB3/home/epos_ws/src/epos_ros2/install/epos_ros2_msgs/share/epos_ros2_msgs/package.bash'
[16.761s] INFO:colcon.colcon_core.shell:Creating package script '/media/jared/32GB3/home/epos_ws/src/epos_ros2/install/epos_ros2_msgs/share/epos_ros2_msgs/package.zsh'
[16.765s] Level 1:colcon.colcon_core.environment:create_file_with_runtime_dependencies(/media/jared/32GB3/home/epos_ws/src/epos_ros2/install/epos_ros2_msgs/share/colcon-core/packages/epos_ros2_msgs)
[16.974s] Level 1:colcon.colcon_core.environment:create_environment_scripts_only(epos_ros2_msgs)
[16.976s] Level 1:colcon.colcon_core.environment:checking '/media/jared/32GB3/home/epos_ws/src/epos_ros2/install/epos_ros2_msgs' for CMake module files
[16.985s] Level 1:colcon.colcon_core.environment:checking '/media/jared/32GB3/home/epos_ws/src/epos_ros2/install/epos_ros2_msgs' for CMake config files
[16.996s] Level 1:colcon.colcon_core.shell:create_environment_hook('epos_ros2_msgs', 'cmake_prefix_path')
[17.000s] INFO:colcon.colcon_core.shell:Creating environment hook '/media/jared/32GB3/home/epos_ws/src/epos_ros2/install/epos_ros2_msgs/share/epos_ros2_msgs/hook/cmake_prefix_path.ps1'
[17.003s] INFO:colcon.colcon_core.shell:Creating environment descriptor '/media/jared/32GB3/home/epos_ws/src/epos_ros2/install/epos_ros2_msgs/share/epos_ros2_msgs/hook/cmake_prefix_path.dsv'
[17.007s] INFO:colcon.colcon_core.shell:Creating environment hook '/media/jared/32GB3/home/epos_ws/src/epos_ros2/install/epos_ros2_msgs/share/epos_ros2_msgs/hook/cmake_prefix_path.sh'
[17.011s] Level 1:colcon.colcon_core.environment:checking '/media/jared/32GB3/home/epos_ws/src/epos_ros2/install/epos_ros2_msgs/lib'
[17.012s] Level 1:colcon.colcon_core.shell:create_environment_hook('epos_ros2_msgs', 'ld_library_path_lib')
[17.014s] INFO:colcon.colcon_core.shell:Creating environment hook '/media/jared/32GB3/home/epos_ws/src/epos_ros2/install/epos_ros2_msgs/share/epos_ros2_msgs/hook/ld_library_path_lib.ps1'
[17.019s] INFO:colcon.colcon_core.shell:Creating environment descriptor '/media/jared/32GB3/home/epos_ws/src/epos_ros2/install/epos_ros2_msgs/share/epos_ros2_msgs/hook/ld_library_path_lib.dsv'
[17.022s] INFO:colcon.colcon_core.shell:Creating environment hook '/media/jared/32GB3/home/epos_ws/src/epos_ros2/install/epos_ros2_msgs/share/epos_ros2_msgs/hook/ld_library_path_lib.sh'
[17.025s] Level 1:colcon.colcon_core.environment:checking '/media/jared/32GB3/home/epos_ws/src/epos_ros2/install/epos_ros2_msgs/bin'
[17.026s] Level 1:colcon.colcon_core.environment:checking '/media/jared/32GB3/home/epos_ws/src/epos_ros2/install/epos_ros2_msgs/lib/pkgconfig/epos_ros2_msgs.pc'
[17.027s] Level 1:colcon.colcon_core.environment:checking '/media/jared/32GB3/home/epos_ws/src/epos_ros2/install/epos_ros2_msgs/lib/python3.8/site-packages'
[17.028s] Level 1:colcon.colcon_core.shell:create_environment_hook('epos_ros2_msgs', 'pythonpath')
[17.031s] INFO:colcon.colcon_core.shell:Creating environment hook '/media/jared/32GB3/home/epos_ws/src/epos_ros2/install/epos_ros2_msgs/share/epos_ros2_msgs/hook/pythonpath.ps1'
[17.034s] INFO:colcon.colcon_core.shell:Creating environment descriptor '/media/jared/32GB3/home/epos_ws/src/epos_ros2/install/epos_ros2_msgs/share/epos_ros2_msgs/hook/pythonpath.dsv'
[17.038s] INFO:colcon.colcon_core.shell:Creating environment hook '/media/jared/32GB3/home/epos_ws/src/epos_ros2/install/epos_ros2_msgs/share/epos_ros2_msgs/hook/pythonpath.sh'
[17.043s] INFO:colcon.colcon_core.shell:Creating package script '/media/jared/32GB3/home/epos_ws/src/epos_ros2/install/epos_ros2_msgs/share/epos_ros2_msgs/package.ps1'
[17.047s] INFO:colcon.colcon_core.shell:Creating package descriptor '/media/jared/32GB3/home/epos_ws/src/epos_ros2/install/epos_ros2_msgs/share/epos_ros2_msgs/package.dsv'
[17.051s] INFO:colcon.colcon_core.shell:Creating package script '/media/jared/32GB3/home/epos_ws/src/epos_ros2/install/epos_ros2_msgs/share/epos_ros2_msgs/package.sh'
[17.054s] INFO:colcon.colcon_core.shell:Creating package script '/media/jared/32GB3/home/epos_ws/src/epos_ros2/install/epos_ros2_msgs/share/epos_ros2_msgs/package.bash'
[17.058s] INFO:colcon.colcon_core.shell:Creating package script '/media/jared/32GB3/home/epos_ws/src/epos_ros2/install/epos_ros2_msgs/share/epos_ros2_msgs/package.zsh'
[17.063s] Level 1:colcon.colcon_core.environment:create_file_with_runtime_dependencies(/media/jared/32GB3/home/epos_ws/src/epos_ros2/install/epos_ros2_msgs/share/colcon-core/packages/epos_ros2_msgs)
[17.066s] INFO:colcon.colcon_ros.task.ament_cmake.build:Building ROS package in '/media/jared/32GB3/home/epos_ws/src/epos_ros2/epos_ros2' with build type 'ament_cmake'
[17.068s] INFO:colcon.colcon_cmake.task.cmake.build:Building CMake package in '/media/jared/32GB3/home/epos_ws/src/epos_ros2/epos_ros2'
[17.075s] INFO:colcon.colcon_core.shell:Skip shell extension 'powershell' for command environment: Not usable outside of PowerShell
[17.076s] DEBUG:colcon.colcon_core.shell:Skip shell extension 'dsv' for command environment
[17.083s] DEBUG:colcon.colcon_core.shell:Ignoring prefix path '/opt/ros/galactic'
[17.085s] DEBUG:colcon.colcon_core.shell:Ignoring prefix path '/opt/ros/noetic'
[17.129s] DEBUG:colcon.colcon_core.event_handler.log_command:Invoking command in '/media/jared/32GB3/home/epos_ws/src/epos_ros2/build/epos_ros2': AMENT_PREFIX_PATH=/media/jared/32GB3/home/epos_ws/src/epos_ros2/install/epos_ros2_msgs:${AMENT_PREFIX_PATH} CMAKE_PREFIX_PATH=/media/jared/32GB3/home/epos_ws/src/epos_ros2/install/epos_ros2_msgs:/opt/ros/galactic:${CMAKE_PREFIX_PATH} LD_LIBRARY_PATH=/media/jared/32GB3/home/epos_ws/src/epos_ros2/install/epos_ros2_msgs/lib:/opt/ros/galactic/opt/yaml_cpp_vendor/lib:/opt/ros/galactic/opt/rviz_ogre_vendor/lib:/opt/ros/galactic/lib/x86_64-linux-gnu:/opt/ros/galactic/lib:/opt/ros/noetic/lib:/usr/local/cuda-9.0/lib64 PYTHONPATH=/media/jared/32GB3/home/epos_ws/src/epos_ros2/install/epos_ros2_msgs/lib/python3.8/site-packages:${PYTHONPATH} /usr/bin/cmake /media/jared/32GB3/home/epos_ws/src/epos_ros2/epos_ros2 -DCMAKE_INSTALL_PREFIX=/media/jared/32GB3/home/epos_ws/src/epos_ros2/install/epos_ros2
[22.441s] DEBUG:colcon.colcon_core.event_handler.log_command:Invoked command in '/media/jared/32GB3/home/epos_ws/src/epos_ros2/build/epos_ros2' returned '0': AMENT_PREFIX_PATH=/media/jared/32GB3/home/epos_ws/src/epos_ros2/install/epos_ros2_msgs:${AMENT_PREFIX_PATH} CMAKE_PREFIX_PATH=/media/jared/32GB3/home/epos_ws/src/epos_ros2/install/epos_ros2_msgs:/opt/ros/galactic:${CMAKE_PREFIX_PATH} LD_LIBRARY_PATH=/media/jared/32GB3/home/epos_ws/src/epos_ros2/install/epos_ros2_msgs/lib:/opt/ros/galactic/opt/yaml_cpp_vendor/lib:/opt/ros/galactic/opt/rviz_ogre_vendor/lib:/opt/ros/galactic/lib/x86_64-linux-gnu:/opt/ros/galactic/lib:/opt/ros/noetic/lib:/usr/local/cuda-9.0/lib64 PYTHONPATH=/media/jared/32GB3/home/epos_ws/src/epos_ros2/install/epos_ros2_msgs/lib/python3.8/site-packages:${PYTHONPATH} /usr/bin/cmake /media/jared/32GB3/home/epos_ws/src/epos_ros2/epos_ros2 -DCMAKE_INSTALL_PREFIX=/media/jared/32GB3/home/epos_ws/src/epos_ros2/install/epos_ros2
[22.447s] DEBUG:colcon.colcon_core.event_handler.log_command:Invoking command in '/media/jared/32GB3/home/epos_ws/src/epos_ros2/build/epos_ros2': AMENT_PREFIX_PATH=/media/jared/32GB3/home/epos_ws/src/epos_ros2/install/epos_ros2_msgs:${AMENT_PREFIX_PATH} CMAKE_PREFIX_PATH=/media/jared/32GB3/home/epos_ws/src/epos_ros2/install/epos_ros2_msgs:/opt/ros/galactic:${CMAKE_PREFIX_PATH} LD_LIBRARY_PATH=/media/jared/32GB3/home/epos_ws/src/epos_ros2/install/epos_ros2_msgs/lib:/opt/ros/galactic/opt/yaml_cpp_vendor/lib:/opt/ros/galactic/opt/rviz_ogre_vendor/lib:/opt/ros/galactic/lib/x86_64-linux-gnu:/opt/ros/galactic/lib:/opt/ros/noetic/lib:/usr/local/cuda-9.0/lib64 PYTHONPATH=/media/jared/32GB3/home/epos_ws/src/epos_ros2/install/epos_ros2_msgs/lib/python3.8/site-packages:${PYTHONPATH} /usr/bin/cmake --build /media/jared/32GB3/home/epos_ws/src/epos_ros2/build/epos_ros2 -- -j4 -l4
[33.577s] DEBUG:colcon.colcon_core.event_handler.log_command:Invoked command in '/media/jared/32GB3/home/epos_ws/src/epos_ros2/build/epos_ros2' returned '2': AMENT_PREFIX_PATH=/media/jared/32GB3/home/epos_ws/src/epos_ros2/install/epos_ros2_msgs:${AMENT_PREFIX_PATH} CMAKE_PREFIX_PATH=/media/jared/32GB3/home/epos_ws/src/epos_ros2/install/epos_ros2_msgs:/opt/ros/galactic:${CMAKE_PREFIX_PATH} LD_LIBRARY_PATH=/media/jared/32GB3/home/epos_ws/src/epos_ros2/install/epos_ros2_msgs/lib:/opt/ros/galactic/opt/yaml_cpp_vendor/lib:/opt/ros/galactic/opt/rviz_ogre_vendor/lib:/opt/ros/galactic/lib/x86_64-linux-gnu:/opt/ros/galactic/lib:/opt/ros/noetic/lib:/usr/local/cuda-9.0/lib64 PYTHONPATH=/media/jared/32GB3/home/epos_ws/src/epos_ros2/install/epos_ros2_msgs/lib/python3.8/site-packages:${PYTHONPATH} /usr/bin/cmake --build /media/jared/32GB3/home/epos_ws/src/epos_ros2/build/epos_ros2 -- -j4 -l4
[33.651s] Level 1:colcon.colcon_core.environment:create_environment_scripts_only(epos_ros2)
[33.653s] Level 1:colcon.colcon_core.environment:checking '/media/jared/32GB3/home/epos_ws/src/epos_ros2/install/epos_ros2' for CMake module files
[33.656s] Level 1:colcon.colcon_core.environment:checking '/media/jared/32GB3/home/epos_ws/src/epos_ros2/install/epos_ros2' for CMake config files
[33.657s] Level 1:colcon.colcon_core.environment:checking '/media/jared/32GB3/home/epos_ws/src/epos_ros2/install/epos_ros2/bin'
[33.657s] Level 1:colcon.colcon_core.environment:checking '/media/jared/32GB3/home/epos_ws/src/epos_ros2/install/epos_ros2/lib/pkgconfig/epos_ros2.pc'
[33.657s] Level 1:colcon.colcon_core.environment:checking '/media/jared/32GB3/home/epos_ws/src/epos_ros2/install/epos_ros2/lib/python3.8/site-packages'
[33.659s] INFO:colcon.colcon_core.shell:Creating package script '/media/jared/32GB3/home/epos_ws/src/epos_ros2/install/epos_ros2/share/epos_ros2/package.ps1'
[33.664s] INFO:colcon.colcon_core.shell:Creating package descriptor '/media/jared/32GB3/home/epos_ws/src/epos_ros2/install/epos_ros2/share/epos_ros2/package.dsv'
[33.667s] INFO:colcon.colcon_core.shell:Creating package script '/media/jared/32GB3/home/epos_ws/src/epos_ros2/install/epos_ros2/share/epos_ros2/package.sh'
[33.671s] INFO:colcon.colcon_core.shell:Creating package script '/media/jared/32GB3/home/epos_ws/src/epos_ros2/install/epos_ros2/share/epos_ros2/package.bash'
[33.673s] INFO:colcon.colcon_core.shell:Creating package script '/media/jared/32GB3/home/epos_ws/src/epos_ros2/install/epos_ros2/share/epos_ros2/package.zsh'
[33.675s] Level 1:colcon.colcon_core.environment:create_file_with_runtime_dependencies(/media/jared/32GB3/home/epos_ws/src/epos_ros2/install/epos_ros2/share/colcon-core/packages/epos_ros2)
[33.678s] DEBUG:colcon.colcon_parallel_executor.executor.parallel:closing loop
[33.681s] DEBUG:colcon.colcon_parallel_executor.executor.parallel:loop closed
[33.683s] DEBUG:colcon.colcon_parallel_executor.executor.parallel:run_until_complete finished with '2'
[33.683s] DEBUG:colcon.colcon_core.event_reactor:joining thread
[33.698s] INFO:colcon.colcon_core.plugin_system:Skipping extension 'colcon_notification.desktop_notification.terminal_notifier': Not used on non-Darwin systems
[33.699s] INFO:colcon.colcon_core.plugin_system:Skipping extension 'colcon_notification.desktop_notification.win32': Not used on non-Windows systems
[33.699s] INFO:colcon.colcon_notification.desktop_notification:Sending desktop notification using 'notify2'
[33.706s] DEBUG:colcon.colcon_core.event_reactor:joined thread
[33.708s] INFO:colcon.colcon_core.shell:Creating prefix script '/media/jared/32GB3/home/epos_ws/src/epos_ros2/install/local_setup.ps1'
[33.710s] INFO:colcon.colcon_core.shell:Creating prefix util module '/media/jared/32GB3/home/epos_ws/src/epos_ros2/install/_local_setup_util_ps1.py'
[33.716s] INFO:colcon.colcon_core.shell:Creating prefix chain script '/media/jared/32GB3/home/epos_ws/src/epos_ros2/install/setup.ps1'
[33.726s] INFO:colcon.colcon_core.shell:Creating prefix script '/media/jared/32GB3/home/epos_ws/src/epos_ros2/install/local_setup.sh'
[33.728s] INFO:colcon.colcon_core.shell:Creating prefix util module '/media/jared/32GB3/home/epos_ws/src/epos_ros2/install/_local_setup_util_sh.py'
[33.730s] INFO:colcon.colcon_core.shell:Creating prefix chain script '/media/jared/32GB3/home/epos_ws/src/epos_ros2/install/setup.sh'
[33.737s] INFO:colcon.colcon_core.shell:Creating prefix script '/media/jared/32GB3/home/epos_ws/src/epos_ros2/install/local_setup.bash'
[33.739s] INFO:colcon.colcon_core.shell:Creating prefix chain script '/media/jared/32GB3/home/epos_ws/src/epos_ros2/install/setup.bash'
[33.747s] INFO:colcon.colcon_core.shell:Creating prefix script '/media/jared/32GB3/home/epos_ws/src/epos_ros2/install/local_setup.zsh'
[33.749s] INFO:colcon.colcon_core.shell:Creating prefix chain script '/media/jared/32GB3/home/epos_ws/src/epos_ros2/install/setup.zsh'
